[PREINITIALIZATION][CLIENT][INFO] Current loaders after merging: [[preinit]]
[PREINITIALIZATION][CLIENT][INFO] Loading scripts for loader with names [preinit]
[PREINITIALIZATION][CLIENT][INFO] IgnoreBracketErrorPreprocessor found in {[0:crafttweaker]: ThermalExpansion.zs}, ignoring errors in that file
[PREINITIALIZATION][CLIENT][INFO] [preinit | SIDE_CLIENT]: Skipping file {[5000:crafttweaker]: _MetalTweaker.zs} as we are currently loading with a different loader
[PREINITIALIZATION][CLIENT][INFO] [preinit | SIDE_CLIENT]: Skipping file {[1000:crafttweaker]: ModularMachine.zs} as we are currently loading with a different loader
[PREINITIALIZATION][CLIENT][INFO] [preinit | SIDE_CLIENT]: Skipping file {[500:crafttweaker]: oredict.zs} as we are currently loading with a different loader
[PREINITIALIZATION][CLIENT][INFO] [preinit | SIDE_CLIENT]: Skipping file {[0:crafttweaker]: AE2.zs} as we are currently loading with a different loader
[PREINITIALIZATION][CLIENT][INFO] [preinit | SIDE_CLIENT]: Skipping file {[0:crafttweaker]: Astral.zs} as we are currently loading with a different loader
[PREINITIALIZATION][CLIENT][INFO] [preinit | SIDE_CLIENT]: Skipping file {[0:crafttweaker]: BloodMagic.zs} as we are currently loading with a different loader
[PREINITIALIZATION][CLIENT][INFO] [preinit | SIDE_CLIENT]: Skipping file {[0:crafttweaker]: Botania.zs} as we are currently loading with a different loader
[PREINITIALIZATION][CLIENT][INFO] [preinit | SIDE_CLIENT]: Skipping file {[0:crafttweaker]: Chisel.zs} as we are currently loading with a different loader
[PREINITIALIZATION][CLIENT][INFO] [preinit | SIDE_CLIENT]: Skipping file {[0:crafttweaker]: Debug.zs} as we are currently loading with a different loader
[PREINITIALIZATION][CLIENT][INFO] [preinit | SIDE_CLIENT]: Skipping file {[0:crafttweaker]: durability.zs} as we are currently loading with a different loader
[PREINITIALIZATION][CLIENT][INFO] [preinit | SIDE_CLIENT]: Skipping file {[0:crafttweaker]: ExtCrafting.zs} as we are currently loading with a different loader
[PREINITIALIZATION][CLIENT][INFO] [preinit | SIDE_CLIENT]: Skipping file {[0:crafttweaker]: ExU2.zs} as we are currently loading with a different loader
[PREINITIALIZATION][CLIENT][INFO] [preinit | SIDE_CLIENT]: Skipping file {[0:crafttweaker]: Forestry.zs} as we are currently loading with a different loader
[PREINITIALIZATION][CLIENT][INFO] [preinit | SIDE_CLIENT]: Skipping file {[0:crafttweaker]: furnace.zs} as we are currently loading with a different loader
[PREINITIALIZATION][CLIENT][INFO] [preinit | SIDE_CLIENT]: Skipping file {[0:crafttweaker]: GeneratorTweaker.zs} as we are currently loading with a different loader
[PREINITIALIZATION][CLIENT][INFO] [preinit | SIDE_CLIENT]: Skipping file {[0:crafttweaker]: IC2.zs} as we are currently loading with a different loader
[PREINITIALIZATION][CLIENT][INFO] [preinit | SIDE_CLIENT]: Skipping file {[0:crafttweaker]: ImmersiveE.zs} as we are currently loading with a different loader
[PREINITIALIZATION][CLIENT][INFO] [preinit | SIDE_CLIENT]: Skipping file {[0:crafttweaker]: IndForegoing.zs} as we are currently loading with a different loader
[PREINITIALIZATION][CLIENT][INFO] [preinit | SIDE_CLIENT]: Skipping file {[0:crafttweaker]: jeiE.zs} as we are currently loading with a different loader
[PREINITIALIZATION][CLIENT][INFO] [preinit | SIDE_CLIENT]: Skipping file {[0:crafttweaker]: Mekanism.zs} as we are currently loading with a different loader
[PREINITIALIZATION][CLIENT][INFO] [preinit | SIDE_CLIENT]: Skipping file {[0:crafttweaker]: PamsHarvestCraft.zs} as we are currently loading with a different loader
[PREINITIALIZATION][CLIENT][INFO] [preinit | SIDE_CLIENT]: Skipping file {[0:crafttweaker]: ProjectRed.zs} as we are currently loading with a different loader
[PREINITIALIZATION][CLIENT][INFO] [preinit | SIDE_CLIENT]: Skipping file {[0:crafttweaker]: recipes.zs} as we are currently loading with a different loader
[PREINITIALIZATION][CLIENT][INFO] [preinit | SIDE_CLIENT]: Skipping file {[0:crafttweaker]: skyblock.zs} as we are currently loading with a different loader
[PREINITIALIZATION][CLIENT][INFO] [preinit | SIDE_CLIENT]: Skipping file {[0:crafttweaker]: Thaumcraft.zs} as we are currently loading with a different loader
[PREINITIALIZATION][CLIENT][INFO] [preinit | SIDE_CLIENT]: Skipping file {[0:crafttweaker]: ThermalExpansion.zs} as we are currently loading with a different loader
[PREINITIALIZATION][CLIENT][INFO] [preinit | SIDE_CLIENT]: Skipping file {[0:crafttweaker]: TinkersConstruct.zs} as we are currently loading with a different loader
[PREINITIALIZATION][CLIENT][INFO] Completed script loading in: 2ms
[INITIALIZATION][CLIENT][INFO] CraftTweaker: Building registry
[INITIALIZATION][CLIENT][INFO] CraftTweaker: Successfully built item registry
[INITIALIZATION][CLIENT][INFO] Current loaders after merging: [[preinit], [recipeevent | crafttweaker]]
[INITIALIZATION][CLIENT][INFO] Loading scripts for loader with names [crafttweaker | recipeevent]
[INITIALIZATION][CLIENT][INFO] IgnoreBracketErrorPreprocessor found in {[0:crafttweaker]: ThermalExpansion.zs}, ignoring errors in that file
[INITIALIZATION][CLIENT][INFO] [crafttweaker | SIDE_CLIENT]: Loading Script: {[5000:crafttweaker]: _MetalTweaker.zs}
[INITIALIZATION][CLIENT][INFO] [crafttweaker | SIDE_CLIENT]: Loading Script: {[1000:crafttweaker]: ModularMachine.zs}
[INITIALIZATION][CLIENT][INFO] [crafttweaker | SIDE_CLIENT]: Loading Script: {[500:crafttweaker]: oredict.zs}
[INITIALIZATION][CLIENT][INFO] Adding Spawn Chicken to ore dictionary entry foodGroundchicken
[INITIALIZATION][CLIENT][INFO] Adding Scathed Music Disc to ore dictionary entry gaiaDisc
[INITIALIZATION][CLIENT][INFO] Adding Scathed Music Disc to ore dictionary entry gaiaDisc
[INITIALIZATION][CLIENT][INFO] [crafttweaker | SIDE_CLIENT]: Loading Script: {[0:crafttweaker]: AE2.zs}
[INITIALIZATION][CLIENT][INFO] Adding 1 Anvil Recipe(s) for <appliedenergistics2:material:18>
[INITIALIZATION][CLIENT][INFO] Adding 1 Anvil Recipe(s) for <appliedenergistics2:material:16>
[INITIALIZATION][CLIENT][INFO] Adding 1 Anvil Recipe(s) for <appliedenergistics2:material:17>
[INITIALIZATION][CLIENT][INFO] Adding 1 Anvil Recipe(s) for <appliedenergistics2:material:20>
[INITIALIZATION][CLIENT][INFO] Adding tooltip for <appliedenergistics2:material:21>: "Won't be consumed after crafting circuits."
[INITIALIZATION][CLIENT][INFO] [crafttweaker | SIDE_CLIENT]: Loading Script: {[0:crafttweaker]: Astral.zs}
[INITIALIZATION][CLIENT][ERROR] [AstralSorcery Altar Crafting] Using deprecated 'addAttunmentAltarRecipe' with the TYPO! This method will be removed in an upcoming update!
[INITIALIZATION][CLIENT][INFO] [crafttweaker | SIDE_CLIENT]: Loading Script: {[0:crafttweaker]: BloodMagic.zs}
[INITIALIZATION][CLIENT][INFO] [crafttweaker | SIDE_CLIENT]: Loading Script: {[0:crafttweaker]: Botania.zs}
[INITIALIZATION][CLIENT][INFO] [crafttweaker | SIDE_CLIENT]: Loading Script: {[0:crafttweaker]: Chisel.zs}
[INITIALIZATION][CLIENT][INFO] Removing Steel Block from ore dictionary entry blockSteel
[INITIALIZATION][CLIENT][INFO] Removing Block of Steel from ore dictionary entry blockSteel
[INITIALIZATION][CLIENT][INFO] Removing Block of Steel from ore dictionary entry blockSteel
[INITIALIZATION][CLIENT][INFO] Removing Block of Steel from ore dictionary entry blockSteel
[INITIALIZATION][CLIENT][INFO] Removing Block of Steel from ore dictionary entry blockSteel
[INITIALIZATION][CLIENT][INFO] Removing Block of Steel from ore dictionary entry blockSteel
[INITIALIZATION][CLIENT][INFO] Removing Block of Steel from ore dictionary entry blockSteel
[INITIALIZATION][CLIENT][INFO] [crafttweaker | SIDE_CLIENT]: Loading Script: {[0:crafttweaker]: Debug.zs}
[INITIALIZATION][CLIENT][INFO] [crafttweaker | SIDE_CLIENT]: Loading Script: {[0:crafttweaker]: durability.zs}
[INITIALIZATION][CLIENT][INFO] [crafttweaker | SIDE_CLIENT]: Loading Script: {[0:crafttweaker]: ExtCrafting.zs}
[INITIALIZATION][CLIENT][INFO] Adding an Ender Crafting recipe for Beacon
[INITIALIZATION][CLIENT][INFO] Adding a Table Crafting recipe for Survival Generator
[INITIALIZATION][CLIENT][INFO] Adding a Table Crafting recipe for ME Pattern Terminal
[INITIALIZATION][CLIENT][INFO] Removing all Table Crafting recipes for Crystaltine Ingot
[INITIALIZATION][CLIENT][INFO] Adding a Table Crafting recipe for Crystaltine Ingot
[INITIALIZATION][CLIENT][INFO] Adding a Compression Crafting recipe for Machine Case
[INITIALIZATION][CLIENT][INFO] [crafttweaker | SIDE_CLIENT]: Loading Script: {[0:crafttweaker]: ExU2.zs}
[INITIALIZATION][CLIENT][INFO] Setting hardness of Bedrock Bricks to 3.0
[INITIALIZATION][CLIENT][INFO] [crafttweaker | SIDE_CLIENT]: Loading Script: {[0:crafttweaker]: Forestry.zs}
[INITIALIZATION][CLIENT][INFO] [crafttweaker | SIDE_CLIENT]: Loading Script: {[0:crafttweaker]: furnace.zs}
[INITIALIZATION][CLIENT][INFO] [crafttweaker | SIDE_CLIENT]: Loading Script: {[0:crafttweaker]: GeneratorTweaker.zs}
[INITIALIZATION][CLIENT][INFO] [crafttweaker | SIDE_CLIENT]: Loading Script: {[0:crafttweaker]: IC2.zs}
[INITIALIZATION][CLIENT][INFO] Adding Iron Scaffold to ore dictionary entry blockIron
[INITIALIZATION][CLIENT][INFO] Adding Coke Oven Recipe for Stone Dust
[INITIALIZATION][CLIENT][INFO] Altering Casting Recipe(s) for <tconstruct:cast_custom:4>
[INITIALIZATION][CLIENT][INFO] [crafttweaker | SIDE_CLIENT]: Loading Script: {[0:crafttweaker]: ImmersiveE.zs}
[INITIALIZATION][CLIENT][INFO] Adding Blueprint Recipe for Scribing Tools
[INITIALIZATION][CLIENT][INFO] Removing Blast Furnace Recipe for Steel Ingot
[INITIALIZATION][CLIENT][INFO] Removing Blast Furnace Recipe for Block of Steel
[INITIALIZATION][CLIENT][INFO] Removing ArcFurnace Recipe for Steel Ingot
[INITIALIZATION][CLIENT][INFO] Removing Coke Oven Recipe for Coal Coke
[INITIALIZATION][CLIENT][INFO] Removing Coke Oven Recipe for Block of Coal Coke
[INITIALIZATION][CLIENT][INFO] Adding Coke Oven Recipe for Copper Ingot
[INITIALIZATION][CLIENT][INFO] Removing Blueprint Recipe for Metal Press Mold: Plate
[INITIALIZATION][CLIENT][INFO] Adding Blueprint Recipe for Metal Press Mold: Plate
[INITIALIZATION][CLIENT][INFO] Removing Blueprint Recipe for Metal Press Mold: Gear
[INITIALIZATION][CLIENT][INFO] Adding Blueprint Recipe for Metal Press Mold: Gear
[INITIALIZATION][CLIENT][INFO] Removing Blueprint Recipe for Metal Press Mold: Rod
[INITIALIZATION][CLIENT][INFO] Adding Blueprint Recipe for Metal Press Mold: Rod
[INITIALIZATION][CLIENT][INFO] Removing Blueprint Recipe for Metal Press Mold: Bullet Casing
[INITIALIZATION][CLIENT][INFO] Adding Blueprint Recipe for Metal Press Mold: Bullet Casing
[INITIALIZATION][CLIENT][INFO] Removing Blueprint Recipe for Metal Press Mold: Wire
[INITIALIZATION][CLIENT][INFO] Adding Blueprint Recipe for Metal Press Mold: Wire
[INITIALIZATION][CLIENT][INFO] Removing Blueprint Recipe for Metal Press Mold: Packing 2x2
[INITIALIZATION][CLIENT][INFO] Adding Blueprint Recipe for Metal Press Mold: Packing 2x2
[INITIALIZATION][CLIENT][INFO] Removing Blueprint Recipe for Metal Press Mold: Packing 3x3
[INITIALIZATION][CLIENT][INFO] Adding Blueprint Recipe for Metal Press Mold: Packing 3x3
[INITIALIZATION][CLIENT][INFO] Removing Blueprint Recipe for Metal Press Mold: Unpacking
[INITIALIZATION][CLIENT][INFO] Adding Blueprint Recipe for Metal Press Mold: Unpacking
[INITIALIZATION][CLIENT][INFO] Removing ArcFurnace Recipe for Constantan Ingot
[INITIALIZATION][CLIENT][INFO] Removing Alloy Smelter Recipe for Constantan Ingot
[INITIALIZATION][CLIENT][INFO] Adding Alloy Smelter Recipe for Constantan Grit
[INITIALIZATION][CLIENT][INFO] [crafttweaker | SIDE_CLIENT]: Loading Script: {[0:crafttweaker]: IndForegoing.zs}
[INITIALIZATION][CLIENT][INFO] [crafttweaker | SIDE_CLIENT]: Loading Script: {[0:crafttweaker]: jeiE.zs}
[INITIALIZATION][CLIENT][INFO] Translating item.bloodmagic.alchemic_vial.base.name to Vial of Mixed Potion
[INITIALIZATION][CLIENT][INFO] Adding tooltip for <minecraft:gold_ingot>: "Craftable from Golden Apple, and Golden Apple can be Crafted without Gold"
[INITIALIZATION][CLIENT][INFO] [crafttweaker | SIDE_CLIENT]: Loading Script: {[0:crafttweaker]: Mekanism.zs}
[INITIALIZATION][CLIENT][INFO] Amber
[INITIALIZATION][CLIENT][INFO] Apatite
[INITIALIZATION][CLIENT][INFO] Aquamarine
[INITIALIZATION][CLIENT][INFO] [crafttweaker | SIDE_CLIENT]: Loading Script: {[0:crafttweaker]: PamsHarvestCraft.zs}
[INITIALIZATION][CLIENT][INFO] [crafttweaker | SIDE_CLIENT]: Loading Script: {[0:crafttweaker]: ProjectRed.zs}
[INITIALIZATION][CLIENT][INFO] Setting max stack size of  Infused Ender Pearl to 8
[INITIALIZATION][CLIENT][INFO] [crafttweaker | SIDE_CLIENT]: Loading Script: {[0:crafttweaker]: recipes.zs}
[INITIALIZATION][CLIENT][INFO] [crafttweaker | SIDE_CLIENT]: Loading Script: {[0:crafttweaker]: skyblock.zs}
[INITIALIZATION][CLIENT][INFO] [crafttweaker | SIDE_CLIENT]: Loading Script: {[0:crafttweaker]: Thaumcraft.zs}
[INITIALIZATION][CLIENT][INFO] [crafttweaker | SIDE_CLIENT]: Loading Script: {[0:crafttweaker]: ThermalExpansion.zs}
[INITIALIZATION][CLIENT][INFO] [crafttweaker | SIDE_CLIENT]: Loading Script: {[0:crafttweaker]: TinkersConstruct.zs}
[INITIALIZATION][CLIENT][INFO] Altering Melting Recipe(s) for <liquid:dirt>
[INITIALIZATION][CLIENT][INFO] Completed script loading in: 1448ms
[INITIALIZATION][CLIENT][INFO] Translating item.bloodmagic.alchemic_vial.base.name to Vial of Mixed Potion
[POSTINITIALIZATION][CLIENT][INFO] Removing recipes for various outputs
[POSTINITIALIZATION][CLIENT][INFO] Removing all occurences of ingredient: <minecraft:furnace> and replacing them with <thaumcraft:smelter_basic>
[POSTINITIALIZATION][CLIENT][INFO] Removing all occurences of ingredient: <appliedenergistics2:smooth_sky_stone_block> and replacing them with <bloodmagic:ritual_stone>
[POSTINITIALIZATION][CLIENT][INFO] Removing all occurences of ingredient: <ore:workbench> and replacing them with <botania:autocraftinghalo>
[POSTINITIALIZATION][CLIENT][INFO] Removing all occurences of ingredient: <appliedenergistics2:material:8> and replacing them with <ore:dyePurple>
[POSTINITIALIZATION][CLIENT][INFO] Removing Shapeless recipes for <extendedcrafting:material>
[POSTINITIALIZATION][CLIENT][INFO] Removing 1 Shapeless recipes.
[POSTINITIALIZATION][CLIENT][INFO] Removing all occurences of ingredient: <botania:storage> and replacing them with <immersiveengineering:storage:8>
[POSTINITIALIZATION][CLIENT][INFO] Removing all occurences of ingredient: <botania:manaresource:1> and replacing them with <extendedcrafting:material:2>
[POSTINITIALIZATION][CLIENT][INFO] Removing all occurences of ingredient: <botania:elfglass> and replacing them with <minecraft:glass>
[POSTINITIALIZATION][CLIENT][INFO] Removing all occurences of ingredient: <ore:blockRedstone> and replacing them with <minecraft:redstone>
[POSTINITIALIZATION][CLIENT][INFO] Removing all occurences of ingredient: <minecraft:gunpowder> and replacing them with <ic2:dust:15>
[POSTINITIALIZATION][CLIENT][INFO] Removing all occurences of ingredient: <minecraft:ender_eye> and replacing them with <extendedcrafting:material>
[POSTINITIALIZATION][CLIENT][INFO] Removing Shaped recipes for <minecraft:cobblestone>
[POSTINITIALIZATION][CLIENT][INFO] 0 removed
[POSTINITIALIZATION][CLIENT][INFO] Removing all occurences of ingredient: <ore:ingotSteel> and replacing them with <thermalfoundation:material:160>
[POSTINITIALIZATION][CLIENT][INFO] Removing all occurences of ingredient: <ore:gearTin> and replacing them with <draconicevolution:draconic_core>
[POSTINITIALIZATION][CLIENT][INFO] Adding shaped recipe for Machine Controller with name Modular Controller
[POSTINITIALIZATION][CLIENT][INFO] Adding shaped recipe for Machine Vent with name Machine Vent
[POSTINITIALIZATION][CLIENT][INFO] Adding shaped recipe for Normal Item Output with name Normal Item Output
[POSTINITIALIZATION][CLIENT][INFO] Adding shaped recipe for Reinforced Item Output with name Reinforced Item Output
[POSTINITIALIZATION][CLIENT][INFO] Adding shaped recipe for Machine Blueprint with name Coke Kiln Blueprint
[POSTINITIALIZATION][CLIENT][INFO] Adding shapeless recipe for Diamond with name ct_shapeless830128346
[POSTINITIALIZATION][CLIENT][INFO] Adding shaped recipe for Diamond with name Diamond
[POSTINITIALIZATION][CLIENT][INFO] Adding shaped recipe for Logic Processor with name ct_shaped933292210
[POSTINITIALIZATION][CLIENT][INFO] Adding shaped recipe for Calculation Processor with name ct_shaped-2109818699
[POSTINITIALIZATION][CLIENT][INFO] Adding shaped recipe for Engineering Processor with name ct_shaped-470714155
[POSTINITIALIZATION][CLIENT][INFO] Adding shapeless recipe for Gold Ingot with name ct_shapeless725530084
[POSTINITIALIZATION][CLIENT][INFO] Adding shaped recipe for Golden Apple with name Golden Apple
[POSTINITIALIZATION][CLIENT][INFO] Adding shaped recipe for Charger with name Charger
[POSTINITIALIZATION][CLIENT][INFO] Adding shaped recipe for Quartz Grindstone with name Grindstone
[POSTINITIALIZATION][CLIENT][INFO] Adding shaped recipe for 1k ME Storage Component with name 1k Storage Component
[POSTINITIALIZATION][CLIENT][INFO] Adding shaped recipe for Lightwell with name Lightwell
[POSTINITIALIZATION][CLIENT][INFO] Adding shaped recipe for Precision Scope with name Railgun Scope
[POSTINITIALIZATION][CLIENT][INFO] Adding shaped recipe for Crystaltine Catalyst with name ct_shaped1047499581
[POSTINITIALIZATION][CLIENT][INFO] Adding shaped recipe for Rudimentary Snare with name Snare
[POSTINITIALIZATION][CLIENT][INFO] Adding shaped recipe for Blank Rune with name Blood Rune
[POSTINITIALIZATION][CLIENT][INFO] Adding shaped recipe for Blood Altar with name Blood Altar
[POSTINITIALIZATION][CLIENT][INFO] Adding shaped recipe for Vial of Mixed Potion with name Vial of Mixed Potion
[POSTINITIALIZATION][CLIENT][INFO] Adding shaped recipe for Blood Tank Tier 1 with name Blood Tank 1
[POSTINITIALIZATION][CLIENT][INFO] Adding shaped recipe for Runic Altar with name Runic Altar
[POSTINITIALIZATION][CLIENT][INFO] Adding shaped recipe for Horn of the Wild with name Horn of the Wild
[POSTINITIALIZATION][CLIENT][INFO] Adding shapeless recipe for Floral Fertilizer with name Floral Fertilizer
[POSTINITIALIZATION][CLIENT][INFO] Adding shaped recipe for Corporea Index with name Corporea Index
[POSTINITIALIZATION][CLIENT][INFO] Adding shaped recipe for Chisel with name ct_shaped681058589
[POSTINITIALIZATION][CLIENT][INFO] Adding shaped recipe for Basic Crafting Table with name Basic Crafting Table
[POSTINITIALIZATION][CLIENT][INFO] Adding shaped recipe for Advanced Crafting Table with name Advanced Crafting Table
[POSTINITIALIZATION][CLIENT][INFO] Adding shaped recipe for Elite Crafting Table with name Elite Crafting Table
[POSTINITIALIZATION][CLIENT][INFO] Adding shaped recipe for Basic Catalyst with name ct_shaped1119325844
[POSTINITIALIZATION][CLIENT][INFO] Adding shaped recipe for Advanced Catalyst with name ct_shaped444392355
[POSTINITIALIZATION][CLIENT][INFO] Adding shaped recipe for Elite Catalyst with name ct_shaped1975610542
[POSTINITIALIZATION][CLIENT][INFO] Adding shaped recipe for Ultimate Catalyst with name ct_shaped-1576371772
[POSTINITIALIZATION][CLIENT][INFO] Adding shaped recipe for Indexer Remote with name Indexer Remote
[POSTINITIALIZATION][CLIENT][INFO] Adding shaped recipe for Engineer's Toolbox with name Toolbox
[POSTINITIALIZATION][CLIENT][INFO] Adding shaped recipe for Transfer Node (Items) with name Transfer node_items
[POSTINITIALIZATION][CLIENT][INFO] Adding shaped recipe for Lava Mill with name Lava Mill
[POSTINITIALIZATION][CLIENT][INFO] Adding shaped recipe for Portable Analyzer with name Bee ana
[POSTINITIALIZATION][CLIENT][INFO] Adding shaped recipe for Portable Analyzer with name weather
[POSTINITIALIZATION][CLIENT][INFO] Adding shapeless recipe for Honey Drop with name Honey Drop
[POSTINITIALIZATION][CLIENT][INFO] Adding shaped recipe for Forest Hive with name ct_shaped-2132353850
[POSTINITIALIZATION][CLIENT][INFO] Adding shaped recipe for Meadows Hive with name ct_shaped1855937832
[POSTINITIALIZATION][CLIENT][INFO] Adding shaped recipe for Modest Hive with name ct_shaped-1752355948
[POSTINITIALIZATION][CLIENT][INFO] Adding shaped recipe for Tropical Hive with name ct_shaped-197348500
[POSTINITIALIZATION][CLIENT][INFO] Adding shaped recipe for Ender Hive with name ct_shaped-592887286
[POSTINITIALIZATION][CLIENT][INFO] Adding shaped recipe for Wintry Hive with name ct_shaped1330920018
[POSTINITIALIZATION][CLIENT][INFO] Adding shaped recipe for Marshy Hive with name ct_shaped1648793678
[POSTINITIALIZATION][CLIENT][INFO] Adding shaped recipe for Furnace with name ct_shaped-184460440
[POSTINITIALIZATION][CLIENT][INFO] Adding shaped recipe for Stone Gear with name Stone Gear 
[POSTINITIALIZATION][CLIENT][INFO] Adding shaped recipe for Item Splitter with name Item Splitter
[POSTINITIALIZATION][CLIENT][INFO] Adding shaped recipe for Presser with name Presser
[POSTINITIALIZATION][CLIENT][INFO] Adding shaped recipe for Well with name Well
[POSTINITIALIZATION][CLIENT][INFO] Adding shaped recipe for Shipping Bin with name Shipping Bin
[POSTINITIALIZATION][CLIENT][INFO] Adding shaped recipe for Silicon with name Silicon with stone saw
[POSTINITIALIZATION][CLIENT][INFO] Adding shaped recipe for Silicon with name Silicon with iron saw
[POSTINITIALIZATION][CLIENT][INFO] Adding shaped recipe for Block Breaker with name Block Breaker
[POSTINITIALIZATION][CLIENT][INFO] Adding shapeless recipe for Infused Ender Pearl with name Infused Pearl
[POSTINITIALIZATION][CLIENT][INFO] Adding shaped recipe for Bedrock Bricks with name Bedrock Brick
[POSTINITIALIZATION][CLIENT][INFO] Adding shaped recipe for Mana Fluxfield with name ct_shaped1086196570
[POSTINITIALIZATION][CLIENT][INFO] Adding shaped recipe for Sieve with name Sieve
[POSTINITIALIZATION][CLIENT][INFO] Adding shaped recipe for Iron Stiffened Mesh with name Iron Mesh
[POSTINITIALIZATION][CLIENT][INFO] Adding shaped recipe for Spawn Chicken with name Chicken Egg
[POSTINITIALIZATION][CLIENT][INFO] Adding shapeless recipe for Grass Seeds with name Grass Seed
[POSTINITIALIZATION][CLIENT][INFO] Adding shaped recipe for Golden Apple with name Notch Apple
[POSTINITIALIZATION][CLIENT][INFO] Adding shaped recipe for Iron Mesh with name Ex Compressum Iron Mesh
[POSTINITIALIZATION][CLIENT][INFO] Adding shaped recipe for Creeping Doll with name Enderman
[POSTINITIALIZATION][CLIENT][INFO] Adding shaped recipe for Coarse Dirt with name Coarse Dirt
[POSTINITIALIZATION][CLIENT][INFO] Adding shaped recipe for Thaumometer with name Thaumometer
[POSTINITIALIZATION][CLIENT][INFO] Adding shaped recipe for Sequential Fabricator (Basic) with name Sequential Fabricator
[POSTINITIALIZATION][CLIENT][INFO] Adding shaped recipe for Vibration Chamber with name appliedenergistics2-network/blocks/energy_vibration_chamber-modified
[POSTINITIALIZATION][CLIENT][INFO] Adding shaped recipe for ME Controller with name appliedenergistics2-network/blocks/controller-modified
[POSTINITIALIZATION][CLIENT][INFO] Adding shaped recipe for ME Crafting Terminal with name appliedenergistics2-network/parts/terminals_crafting-modified
[POSTINITIALIZATION][CLIENT][INFO] Adding shaped recipe for Matter Condenser with name appliedenergistics2-network/blocks/io_condenser-modified
[POSTINITIALIZATION][CLIENT][INFO] Adding shaped recipe for Terrestrial Agglomeration Plate with name botania-terraplate-modified
[POSTINITIALIZATION][CLIENT][INFO] Adding shaped recipe for Alchemy Catalyst with name botania-alchemycatalyst-modified
[POSTINITIALIZATION][CLIENT][INFO] Adding shaped recipe for Corporea Crystal Cube with name botania-corporeacrystalcube-modified
[POSTINITIALIZATION][CLIENT][INFO] Adding shaped recipe for Luminessence with name extendedcrafting-luminessence-modified
[POSTINITIALIZATION][CLIENT][INFO] Adding shaped recipe for Ender Crafter with name extendedcrafting-ender_crafter-modified
[POSTINITIALIZATION][CLIENT][INFO] Adding shaped recipe for Block of Steel with name thermalfoundation-storage_alloy-modified
[POSTINITIALIZATION][CLIENT][INFO] Adding shaped recipe for Machine Frame with name thermalexpansion-frame-modified
[POSTINITIALIZATION][CLIENT][INFO] Removing furnace recipes for: <ore:ingotSteel>
[POSTINITIALIZATION][CLIENT][INFO] 3 recipes removed for: <ore:ingotSteel>
[POSTINITIALIZATION][CLIENT][INFO] Removing furnace recipes for: <thermalfoundation:material:136>
[POSTINITIALIZATION][CLIENT][INFO] 1 recipes removed for: <thermalfoundation:material:136>
[POSTINITIALIZATION][CLIENT][INFO] Adding furnace recipe for <harvestcraft:whitemushroomseeditem>
[POSTINITIALIZATION][CLIENT][INFO] Adding furnace recipe for <minecraft:dirt:1>
[POSTINITIALIZATION][CLIENT][INFO] Adding Grinder Entry for Grass Block
[POSTINITIALIZATION][CLIENT][INFO] Adding Grinder Entry for Iron Gear
[POSTINITIALIZATION][CLIENT][INFO] Adding Grinder Entry for Certus Quartz Block
[AVAILABLE][CLIENT][INFO] Fixed the RecipeBook
[AVAILABLE][CLIENT][INFO] Removing TartaricForge recipe for: [1xitem.redstone@0,1xitem.ingotGold@0,1xtile.glass@0,1xitem.dyePowder@4]
[AVAILABLE][CLIENT][INFO] Removing Blood Altar recipe for: 1xtile.stone@0
[AVAILABLE][CLIENT][INFO] Removing AlchemyTable recipe for: [1xtile.dirt@0,1xitem.dyePowder@15,1xitem.seeds@0]
[AVAILABLE][CLIENT][INFO] Attempting to remove mana infusion recipe for [<botania:manaresource:2>]
[AVAILABLE][CLIENT][INFO] Removing 1 Botania Mana Infusion Recipe(s) for <botania:manaresource:2>
[AVAILABLE][CLIENT][INFO] Attempting to remove mana infusion recipe for [<botania:manaresource:1>]
[AVAILABLE][CLIENT][INFO] Removing 1 Botania Mana Infusion Recipe(s) for <botania:manaresource:1>
[AVAILABLE][CLIENT][INFO] Attempting to remove Pure Daisy recipe for [<botania:livingrock>]
[AVAILABLE][CLIENT][INFO] Removing 1 Botania PureDaisy Recipe(s) for <botania:livingrock>
[AVAILABLE][CLIENT][INFO] Attempting to remove Rune Altar recipe for [<botania:rune:2>]
[AVAILABLE][CLIENT][INFO] Removing 2 Botania Rune Altar Recipe(s) for <botania:rune:2> * 2, <botania:rune:2> * 2
[AVAILABLE][CLIENT][INFO] Attempting to remove Rune Altar recipe for [<botania:rune:1>]
[AVAILABLE][CLIENT][INFO] Removing 1 Botania Rune Altar Recipe(s) for <botania:rune:1> * 2
[AVAILABLE][CLIENT][INFO] Removing Orechid Ore: oreMithril
[AVAILABLE][CLIENT][INFO] Removing Orechid Ore: oreCopper
[AVAILABLE][CLIENT][INFO] Removing Orechid Ore: oreGold
[AVAILABLE][CLIENT][INFO] Removing Orechid Ore: oreSilver
[AVAILABLE][CLIENT][INFO] Removing Orechid Ore: oreDiamond
[AVAILABLE][CLIENT][INFO] Removing Orechid Ore: oreCoal
[AVAILABLE][CLIENT][INFO] Altering Resonator Recipe(s) for <extrautils2:decorativeglass:5>
[AVAILABLE][CLIENT][INFO] Altering Forestry Carpenter Recipe(s) for Portable Analyzer
[AVAILABLE][CLIENT][INFO] Altering Forestry Carpenter Recipe(s) for Habitat Screen
[AVAILABLE][CLIENT][INFO] Altering ArcaneWorkbench Recipe(s) for Unknown item
[AVAILABLE][CLIENT][INFO] Altering InductionSmelter Recipe(s) for <minecraft:sand:*> and <thermalfoundation:material:328>
[AVAILABLE][CLIENT][INFO] Altering InductionSmelter Recipe(s) for <minecraft:sand:*> and <thermalfoundation:material:264>
[AVAILABLE][CLIENT][INFO] Altering InductionSmelter Recipe(s) for <minecraft:sand:*> and <thermalfoundation:ore:8>
[AVAILABLE][CLIENT][INFO] Altering InductionSmelter Recipe(s) for <minecraft:sand:*> and <thermalfoundation:material:72>
[AVAILABLE][CLIENT][INFO] Adding TartaricForge recipe for: 1xitem.bloodmagic.soulGem.@0 from: [1xitem.redstone@0,1xitem.manaResource@0,blockGlass,1xitem.dyePowder@4] minSouls: 1.0, soulDrain: 1.0
[AVAILABLE][CLIENT][INFO] Adding Blood Altar recipe for: 1xitem.crystal_essence@0 from: net.minecraft.item.crafting.Ingredient@4c620fc2 minTier: 0, syphon: 600, consumeRate: 10, drainRate: 20
[AVAILABLE][CLIENT][INFO] Adding Blood Altar recipe for: 1xitem.bloodmagic.slate@0 from: net.minecraft.item.crafting.Ingredient@5fb3aa52 minTier: 0, syphon: 1000, consumeRate: 5, drainRate: 5
[AVAILABLE][CLIENT][INFO] Adding Blood Altar recipe for: 1xtile.log_greatwood@0 from: net.minecraft.item.crafting.Ingredient@232f7179 minTier: 1, syphon: 1500, consumeRate: 8, drainRate: 5
[AVAILABLE][CLIENT][INFO] Adding AlchemyArray Recipe input=1xitem.manaResource@1, catalyst=1xitem.bloodmagic.baseComponent@4, output=1xitem.manaResource@8, location=null
[AVAILABLE][CLIENT][INFO] Adding AlchemyArray Recipe input=1xitem.immersiveengineering.bullet@2, catalyst=1xitem.thermalexpansion.augment@448, output=1xitem.manaResource@7, location=null
[AVAILABLE][CLIENT][INFO] Adding AlchemyArray Recipe input=1xitem.manaResource@2, catalyst=1xitem.immersiveengineering.toolupgrade@8, output=1xitem.manaResource@9, location=null
[AVAILABLE][CLIENT][INFO] Adding AlchemyArray Recipe input=1xitem.ec.material@24, catalyst=1xitem.bloodmagic.slate@1, output=1xitem.ec.material@18, location=null
[AVAILABLE][CLIENT][INFO] Adding 1 Botania Petal Recipe(s) for <botania:manaresource:2>
[AVAILABLE][CLIENT][INFO] Adding 1 Botania Petal Recipe(s) for <botania:manaresource:1>
[AVAILABLE][CLIENT][INFO] Adding 1 Botania Mana Infusion Recipe(s) for <forge:bucketfilled>.withTag({FluidName: "mana", Amount: 1000})
[AVAILABLE][CLIENT][INFO] Adding 1 Botania PureDaisy Recipe(s) for <botania:livingrock>
[AVAILABLE][CLIENT][INFO] Adding 1 Botania Mana Infusion Recipe(s) for <botania:specialflower>.withTag({type: "jadedAmaranthus"})
[AVAILABLE][CLIENT][INFO] Adding 1 Botania Mana Infusion Recipe(s) for <extendedcrafting:material>
[AVAILABLE][CLIENT][INFO] Adding 1 Botania Rune Altar Recipe(s) for <botania:rune:2>
[AVAILABLE][CLIENT][INFO] Adding 1 Botania Rune Altar Recipe(s) for <botania:rune:1>
[AVAILABLE][CLIENT][INFO] Adding Orechid Ore Weight: oreCoal:66000
[AVAILABLE][CLIENT][INFO] Altering Crucible Recipe(s) for Unknown item
[AVAILABLE][CLIENT][INFO] Altering Casting Recipe(s) for <tconstruct:cast_custom:4>
[AVAILABLE][CLIENT][INFO] Adding shaped recipe for ArcaneWorkbench with name: thaumcraft:lumiuous crafting table with output: <astralsorcery:blockaltar>
[AVAILABLE][CLIENT][INFO] Adding shaped recipe for ArcaneWorkbench with name: thaumcraft:gaia pylon with output: <botania:pylon:2>
[AVAILABLE][CLIENT][INFO] Adding shaped recipe for ArcaneWorkbench with name: thaumcraft:tc smelter with output: <thaumcraft:smelter_basic>
[AVAILABLE][CLIENT][INFO] Adding infusion recipe for: 1xitem.thermalfoundation.material@160
[AVAILABLE][CLIENT][INFO] Altering Compactor Recipe(s) for <immersiveengineering:stone_decoration:10> * 8 in mode: ALL
[AVAILABLE][CLIENT][INFO] Altering Casting Recipe(s) for <thaumcraft:shimmerleaf>
[AVAILABLE][CLIENT][INFO] Altering Casting Recipe(s) for <thaumcraft:cinderpearl>
[AVAILABLE][CLIENT][INFO] Altering Casting Recipe(s) for <thaumcraft:vishroom>
[AVAILABLE][CLIENT][INFO] Altering Melting Recipe(s) for <liquid:dirt> * 1000
[AVAILABLE][CLIENT][INFO] Hiding item in JEI: <harvestcraft:market>
[AVAILABLE][CLIENT][INFO] Hiding item in JEI: <thermalfoundation:material:23>
[AVAILABLE][CLIENT][INFO] Hiding item in JEI: <extrautils2:grocket:1>
[AVAILABLE][CLIENT][INFO] Hiding item in JEI: <extrautils2:grocket:2>
[AVAILABLE][CLIENT][INFO] Hiding item in JEI: <extrautils2:grocket:3>
[AVAILABLE][CLIENT][INFO] Hiding item in JEI: <extrautils2:grocket:4>
[AVAILABLE][CLIENT][INFO] Hiding item in JEI: <extrautils2:grocket:5>
[AVAILABLE][CLIENT][INFO] Hiding item in JEI: <extrautils2:grocket:6>
[AVAILABLE][CLIENT][INFO] Hiding item in JEI: <thermalfoundation:material:22>
[AVAILABLE][CLIENT][INFO] Hiding item in JEI: <immersiveengineering:metal:8>
[AVAILABLE][CLIENT][INFO] Hiding item in JEI: <ic2:ingot:6>
[AVAILABLE][CLIENT][INFO] Hiding item in JEI: <thermalfoundation:material:129>
[AVAILABLE][CLIENT][INFO] Hiding item in JEI: <ic2:dust:17>
[AVAILABLE][CLIENT][INFO] Hiding item in JEI: <forestry:ingot_copper>
[AVAILABLE][CLIENT][INFO] Hiding item in JEI: <ic2:ingot:2>
[AVAILABLE][CLIENT][INFO] Hiding item in JEI: <thermalfoundation:material:128>
[AVAILABLE][CLIENT][INFO] Hiding item in JEI: <immersiveengineering:metal:9>
[AVAILABLE][CLIENT][INFO] Hiding item in JEI: <ic2:dust:4>
[AVAILABLE][CLIENT][INFO] Hiding item in JEI: <enderio:item_material:26>
[AVAILABLE][CLIENT][INFO] Hiding item in JEI: <immersiveengineering:metal:3>
[AVAILABLE][CLIENT][INFO] Hiding item in JEI: <thermalfoundation:material:130>
[AVAILABLE][CLIENT][INFO] Hiding item in JEI: <ic2:dust:14>
[AVAILABLE][CLIENT][INFO] Hiding item in JEI: <immersiveengineering:metal:12>
[AVAILABLE][CLIENT][INFO] Hiding item in JEI: <immersiveengineering:metal:4>
[AVAILABLE][CLIENT][INFO] Hiding item in JEI: <immersiveengineering:metal:13>
[AVAILABLE][CLIENT][INFO] Hiding item in JEI: <thermalfoundation:material:164>
[AVAILABLE][CLIENT][INFO] Hiding item in JEI: <thermalfoundation:material:161>
[AVAILABLE][CLIENT][INFO] Hiding item in JEI: <thermalfoundation:material:135>
[AVAILABLE][CLIENT][INFO] Hiding item in JEI: <appliedenergistics2:material:49>
[AVAILABLE][CLIENT][INFO] Hiding item in JEI: <actuallyadditions:item_dust>
[AVAILABLE][CLIENT][INFO] Hiding item in JEI: <ic2:dust:8>
[AVAILABLE][CLIENT][INFO] Hiding item in JEI: <immersiveengineering:metal:18>
[AVAILABLE][CLIENT][INFO] Hiding item in JEI: <forestry:bee_drone_ge>.withTag({MaxH: 20, Mate: {Chromosomes: [{UID1: "magicbees.speciesDiamond", UID0: "magicbees.speciesDiamond", Slot: 0 as byte}, {UID1: "forestry.speedSlowest", UID0: "forestry.speedSlowest", Slot: 1 as byte}, {UID1: "forestry.lifespanShorter", UID0: "forestry.lifespanShorter", Slot: 2 as byte}, {UID1: "forestry.fertilityLow", UID0: "forestry.fertilityLow", Slot: 3 as byte}, {UID1: "forestry.toleranceNone", UID0: "forestry.toleranceNone", Slot: 4 as byte}, {UID1: "forestry.boolTrue", UID0: "forestry.boolTrue", Slot: 5 as byte}, {UID1: "forestry.toleranceNone", UID0: "forestry.toleranceNone", Slot: 6 as byte}, {UID1: "forestry.boolFalse", UID0: "forestry.boolFalse", Slot: 7 as byte}, {UID1: "forestry.boolTrue", UID0: "forestry.boolTrue", Slot: 8 as byte}, {UID1: "forestry.flowersVanilla", UID0: "forestry.flowersVanilla", Slot: 9 as byte}, {UID1: "forestry.floweringSlowest", UID0: "forestry.floweringSlowest", Slot: 10 as byte}, {UID1: "forestry.territoryAverage", UID0: "forestry.territoryAverage", Slot: 11 as byte}, {UID1: "forestry.effectNone", UID0: "forestry.effectNone", Slot: 12 as byte}]}, Health: 20, IsAnalyzed: 0 as byte, Genome: {Chromosomes: [{UID1: "magicbees.speciesDiamond", UID0: "magicbees.speciesDiamond", Slot: 0 as byte}, {UID1: "forestry.speedSlowest", UID0: "forestry.speedSlowest", Slot: 1 as byte}, {UID1: "forestry.lifespanShorter", UID0: "forestry.lifespanShorter", Slot: 2 as byte}, {UID1: "forestry.fertilityLow", UID0: "forestry.fertilityLow", Slot: 3 as byte}, {UID1: "forestry.toleranceNone", UID0: "forestry.toleranceNone", Slot: 4 as byte}, {UID1: "forestry.boolTrue", UID0: "forestry.boolTrue", Slot: 5 as byte}, {UID1: "forestry.toleranceNone", UID0: "forestry.toleranceNone", Slot: 6 as byte}, {UID1: "forestry.boolFalse", UID0: "forestry.boolFalse", Slot: 7 as byte}, {UID1: "forestry.boolTrue", UID0: "forestry.boolTrue", Slot: 8 as byte}, {UID1: "forestry.flowersVanilla", UID0: "forestry.flowersVanilla", Slot: 9 as byte}, {UID1: "forestry.floweringSlowest", UID0: "forestry.floweringSlowest", Slot: 10 as byte}, {UID1: "forestry.territoryAverage", UID0: "forestry.territoryAverage", Slot: 11 as byte}, {UID1: "forestry.effectNone", UID0: "forestry.effectNone", Slot: 12 as byte}]}})
[AVAILABLE][CLIENT][INFO] Hiding item in JEI: <forestry:bee_drone_ge>.withTag({MaxH: 20, Mate: {Chromosomes: [{UID1: "magicbees.speciesGold", UID0: "magicbees.speciesGold", Slot: 0 as byte}, {UID1: "forestry.speedSlowest", UID0: "forestry.speedSlowest", Slot: 1 as byte}, {UID1: "forestry.lifespanShorter", UID0: "forestry.lifespanShorter", Slot: 2 as byte}, {UID1: "forestry.fertilityLow", UID0: "forestry.fertilityLow", Slot: 3 as byte}, {UID1: "forestry.toleranceNone", UID0: "forestry.toleranceNone", Slot: 4 as byte}, {UID1: "forestry.boolTrue", UID0: "forestry.boolTrue", Slot: 5 as byte}, {UID1: "forestry.toleranceNone", UID0: "forestry.toleranceNone", Slot: 6 as byte}, {UID1: "forestry.boolFalse", UID0: "forestry.boolFalse", Slot: 7 as byte}, {UID1: "forestry.boolTrue", UID0: "forestry.boolTrue", Slot: 8 as byte}, {UID1: "forestry.flowersVanilla", UID0: "forestry.flowersVanilla", Slot: 9 as byte}, {UID1: "forestry.floweringSlowest", UID0: "forestry.floweringSlowest", Slot: 10 as byte}, {UID1: "forestry.territoryAverage", UID0: "forestry.territoryAverage", Slot: 11 as byte}, {UID1: "forestry.effectNone", UID0: "forestry.effectNone", Slot: 12 as byte}]}, Health: 20, IsAnalyzed: 0 as byte, Genome: {Chromosomes: [{UID1: "magicbees.speciesGold", UID0: "magicbees.speciesGold", Slot: 0 as byte}, {UID1: "forestry.speedSlowest", UID0: "forestry.speedSlowest", Slot: 1 as byte}, {UID1: "forestry.lifespanShorter", UID0: "forestry.lifespanShorter", Slot: 2 as byte}, {UID1: "forestry.fertilityLow", UID0: "forestry.fertilityLow", Slot: 3 as byte}, {UID1: "forestry.toleranceNone", UID0: "forestry.toleranceNone", Slot: 4 as byte}, {UID1: "forestry.boolTrue", UID0: "forestry.boolTrue", Slot: 5 as byte}, {UID1: "forestry.toleranceNone", UID0: "forestry.toleranceNone", Slot: 6 as byte}, {UID1: "forestry.boolFalse", UID0: "forestry.boolFalse", Slot: 7 as byte}, {UID1: "forestry.boolTrue", UID0: "forestry.boolTrue", Slot: 8 as byte}, {UID1: "forestry.flowersVanilla", UID0: "forestry.flowersVanilla", Slot: 9 as byte}, {UID1: "forestry.floweringSlowest", UID0: "forestry.floweringSlowest", Slot: 10 as byte}, {UID1: "forestry.territoryAverage", UID0: "forestry.territoryAverage", Slot: 11 as byte}, {UID1: "forestry.effectNone", UID0: "forestry.effectNone", Slot: 12 as byte}]}})
[AVAILABLE][CLIENT][INFO] Hiding item in JEI: <forestry:bee_drone_ge>.withTag({MaxH: 20, Mate: {Chromosomes: [{UID1: "magicbees.speciesSilver", UID0: "magicbees.speciesSilver", Slot: 0 as byte}, {UID1: "forestry.speedSlowest", UID0: "forestry.speedSlowest", Slot: 1 as byte}, {UID1: "forestry.lifespanShorter", UID0: "forestry.lifespanShorter", Slot: 2 as byte}, {UID1: "forestry.fertilityLow", UID0: "forestry.fertilityLow", Slot: 3 as byte}, {UID1: "forestry.toleranceNone", UID0: "forestry.toleranceNone", Slot: 4 as byte}, {UID1: "forestry.boolTrue", UID0: "forestry.boolTrue", Slot: 5 as byte}, {UID1: "forestry.toleranceNone", UID0: "forestry.toleranceNone", Slot: 6 as byte}, {UID1: "forestry.boolFalse", UID0: "forestry.boolFalse", Slot: 7 as byte}, {UID1: "forestry.boolTrue", UID0: "forestry.boolTrue", Slot: 8 as byte}, {UID1: "forestry.flowersVanilla", UID0: "forestry.flowersVanilla", Slot: 9 as byte}, {UID1: "forestry.floweringSlowest", UID0: "forestry.floweringSlowest", Slot: 10 as byte}, {UID1: "forestry.territoryAverage", UID0: "forestry.territoryAverage", Slot: 11 as byte}, {UID1: "forestry.effectNone", UID0: "forestry.effectNone", Slot: 12 as byte}]}, Health: 20, IsAnalyzed: 0 as byte, Genome: {Chromosomes: [{UID1: "magicbees.speciesSilver", UID0: "magicbees.speciesSilver", Slot: 0 as byte}, {UID1: "forestry.speedSlowest", UID0: "forestry.speedSlowest", Slot: 1 as byte}, {UID1: "forestry.lifespanShorter", UID0: "forestry.lifespanShorter", Slot: 2 as byte}, {UID1: "forestry.fertilityLow", UID0: "forestry.fertilityLow", Slot: 3 as byte}, {UID1: "forestry.toleranceNone", UID0: "forestry.toleranceNone", Slot: 4 as byte}, {UID1: "forestry.boolTrue", UID0: "forestry.boolTrue", Slot: 5 as byte}, {UID1: "forestry.toleranceNone", UID0: "forestry.toleranceNone", Slot: 6 as byte}, {UID1: "forestry.boolFalse", UID0: "forestry.boolFalse", Slot: 7 as byte}, {UID1: "forestry.boolTrue", UID0: "forestry.boolTrue", Slot: 8 as byte}, {UID1: "forestry.flowersVanilla", UID0: "forestry.flowersVanilla", Slot: 9 as byte}, {UID1: "forestry.floweringSlowest", UID0: "forestry.floweringSlowest", Slot: 10 as byte}, {UID1: "forestry.territoryAverage", UID0: "forestry.territoryAverage", Slot: 11 as byte}, {UID1: "forestry.effectNone", UID0: "forestry.effectNone", Slot: 12 as byte}]}})
[AVAILABLE][CLIENT][INFO] Hiding item in JEI: <forestry:bee_princess_ge>.withTag({MaxH: 20, Mate: {Chromosomes: [{UID1: "magicbees.speciesDiamond", UID0: "magicbees.speciesDiamond", Slot: 0 as byte}, {UID1: "forestry.speedSlowest", UID0: "forestry.speedSlowest", Slot: 1 as byte}, {UID1: "forestry.lifespanShorter", UID0: "forestry.lifespanShorter", Slot: 2 as byte}, {UID1: "forestry.fertilityLow", UID0: "forestry.fertilityLow", Slot: 3 as byte}, {UID1: "forestry.toleranceNone", UID0: "forestry.toleranceNone", Slot: 4 as byte}, {UID1: "forestry.boolTrue", UID0: "forestry.boolTrue", Slot: 5 as byte}, {UID1: "forestry.toleranceNone", UID0: "forestry.toleranceNone", Slot: 6 as byte}, {UID1: "forestry.boolFalse", UID0: "forestry.boolFalse", Slot: 7 as byte}, {UID1: "forestry.boolTrue", UID0: "forestry.boolTrue", Slot: 8 as byte}, {UID1: "forestry.flowersVanilla", UID0: "forestry.flowersVanilla", Slot: 9 as byte}, {UID1: "forestry.floweringSlowest", UID0: "forestry.floweringSlowest", Slot: 10 as byte}, {UID1: "forestry.territoryAverage", UID0: "forestry.territoryAverage", Slot: 11 as byte}, {UID1: "forestry.effectNone", UID0: "forestry.effectNone", Slot: 12 as byte}]}, Health: 20, IsAnalyzed: 0 as byte, Genome: {Chromosomes: [{UID1: "magicbees.speciesDiamond", UID0: "magicbees.speciesDiamond", Slot: 0 as byte}, {UID1: "forestry.speedSlowest", UID0: "forestry.speedSlowest", Slot: 1 as byte}, {UID1: "forestry.lifespanShorter", UID0: "forestry.lifespanShorter", Slot: 2 as byte}, {UID1: "forestry.fertilityLow", UID0: "forestry.fertilityLow", Slot: 3 as byte}, {UID1: "forestry.toleranceNone", UID0: "forestry.toleranceNone", Slot: 4 as byte}, {UID1: "forestry.boolTrue", UID0: "forestry.boolTrue", Slot: 5 as byte}, {UID1: "forestry.toleranceNone", UID0: "forestry.toleranceNone", Slot: 6 as byte}, {UID1: "forestry.boolFalse", UID0: "forestry.boolFalse", Slot: 7 as byte}, {UID1: "forestry.boolTrue", UID0: "forestry.boolTrue", Slot: 8 as byte}, {UID1: "forestry.flowersVanilla", UID0: "forestry.flowersVanilla", Slot: 9 as byte}, {UID1: "forestry.floweringSlowest", UID0: "forestry.floweringSlowest", Slot: 10 as byte}, {UID1: "forestry.territoryAverage", UID0: "forestry.territoryAverage", Slot: 11 as byte}, {UID1: "forestry.effectNone", UID0: "forestry.effectNone", Slot: 12 as byte}]}})
[AVAILABLE][CLIENT][INFO] Hiding item in JEI: <forestry:bee_princess_ge>.withTag({MaxH: 20, Mate: {Chromosomes: [{UID1: "magicbees.speciesGold", UID0: "magicbees.speciesGold", Slot: 0 as byte}, {UID1: "forestry.speedSlowest", UID0: "forestry.speedSlowest", Slot: 1 as byte}, {UID1: "forestry.lifespanShorter", UID0: "forestry.lifespanShorter", Slot: 2 as byte}, {UID1: "forestry.fertilityLow", UID0: "forestry.fertilityLow", Slot: 3 as byte}, {UID1: "forestry.toleranceNone", UID0: "forestry.toleranceNone", Slot: 4 as byte}, {UID1: "forestry.boolTrue", UID0: "forestry.boolTrue", Slot: 5 as byte}, {UID1: "forestry.toleranceNone", UID0: "forestry.toleranceNone", Slot: 6 as byte}, {UID1: "forestry.boolFalse", UID0: "forestry.boolFalse", Slot: 7 as byte}, {UID1: "forestry.boolTrue", UID0: "forestry.boolTrue", Slot: 8 as byte}, {UID1: "forestry.flowersVanilla", UID0: "forestry.flowersVanilla", Slot: 9 as byte}, {UID1: "forestry.floweringSlowest", UID0: "forestry.floweringSlowest", Slot: 10 as byte}, {UID1: "forestry.territoryAverage", UID0: "forestry.territoryAverage", Slot: 11 as byte}, {UID1: "forestry.effectNone", UID0: "forestry.effectNone", Slot: 12 as byte}]}, Health: 20, IsAnalyzed: 0 as byte, Genome: {Chromosomes: [{UID1: "magicbees.speciesGold", UID0: "magicbees.speciesGold", Slot: 0 as byte}, {UID1: "forestry.speedSlowest", UID0: "forestry.speedSlowest", Slot: 1 as byte}, {UID1: "forestry.lifespanShorter", UID0: "forestry.lifespanShorter", Slot: 2 as byte}, {UID1: "forestry.fertilityLow", UID0: "forestry.fertilityLow", Slot: 3 as byte}, {UID1: "forestry.toleranceNone", UID0: "forestry.toleranceNone", Slot: 4 as byte}, {UID1: "forestry.boolTrue", UID0: "forestry.boolTrue", Slot: 5 as byte}, {UID1: "forestry.toleranceNone", UID0: "forestry.toleranceNone", Slot: 6 as byte}, {UID1: "forestry.boolFalse", UID0: "forestry.boolFalse", Slot: 7 as byte}, {UID1: "forestry.boolTrue", UID0: "forestry.boolTrue", Slot: 8 as byte}, {UID1: "forestry.flowersVanilla", UID0: "forestry.flowersVanilla", Slot: 9 as byte}, {UID1: "forestry.floweringSlowest", UID0: "forestry.floweringSlowest", Slot: 10 as byte}, {UID1: "forestry.territoryAverage", UID0: "forestry.territoryAverage", Slot: 11 as byte}, {UID1: "forestry.effectNone", UID0: "forestry.effectNone", Slot: 12 as byte}]}})
[AVAILABLE][CLIENT][INFO] Hiding item in JEI: <forestry:bee_princess_ge>.withTag({MaxH: 20, Mate: {Chromosomes: [{UID1: "magicbees.speciesSilver", UID0: "magicbees.speciesSilver", Slot: 0 as byte}, {UID1: "forestry.speedSlowest", UID0: "forestry.speedSlowest", Slot: 1 as byte}, {UID1: "forestry.lifespanShorter", UID0: "forestry.lifespanShorter", Slot: 2 as byte}, {UID1: "forestry.fertilityLow", UID0: "forestry.fertilityLow", Slot: 3 as byte}, {UID1: "forestry.toleranceNone", UID0: "forestry.toleranceNone", Slot: 4 as byte}, {UID1: "forestry.boolTrue", UID0: "forestry.boolTrue", Slot: 5 as byte}, {UID1: "forestry.toleranceNone", UID0: "forestry.toleranceNone", Slot: 6 as byte}, {UID1: "forestry.boolFalse", UID0: "forestry.boolFalse", Slot: 7 as byte}, {UID1: "forestry.boolTrue", UID0: "forestry.boolTrue", Slot: 8 as byte}, {UID1: "forestry.flowersVanilla", UID0: "forestry.flowersVanilla", Slot: 9 as byte}, {UID1: "forestry.floweringSlowest", UID0: "forestry.floweringSlowest", Slot: 10 as byte}, {UID1: "forestry.territoryAverage", UID0: "forestry.territoryAverage", Slot: 11 as byte}, {UID1: "forestry.effectNone", UID0: "forestry.effectNone", Slot: 12 as byte}]}, Health: 20, IsAnalyzed: 0 as byte, Genome: {Chromosomes: [{UID1: "magicbees.speciesSilver", UID0: "magicbees.speciesSilver", Slot: 0 as byte}, {UID1: "forestry.speedSlowest", UID0: "forestry.speedSlowest", Slot: 1 as byte}, {UID1: "forestry.lifespanShorter", UID0: "forestry.lifespanShorter", Slot: 2 as byte}, {UID1: "forestry.fertilityLow", UID0: "forestry.fertilityLow", Slot: 3 as byte}, {UID1: "forestry.toleranceNone", UID0: "forestry.toleranceNone", Slot: 4 as byte}, {UID1: "forestry.boolTrue", UID0: "forestry.boolTrue", Slot: 5 as byte}, {UID1: "forestry.toleranceNone", UID0: "forestry.toleranceNone", Slot: 6 as byte}, {UID1: "forestry.boolFalse", UID0: "forestry.boolFalse", Slot: 7 as byte}, {UID1: "forestry.boolTrue", UID0: "forestry.boolTrue", Slot: 8 as byte}, {UID1: "forestry.flowersVanilla", UID0: "forestry.flowersVanilla", Slot: 9 as byte}, {UID1: "forestry.floweringSlowest", UID0: "forestry.floweringSlowest", Slot: 10 as byte}, {UID1: "forestry.territoryAverage", UID0: "forestry.territoryAverage", Slot: 11 as byte}, {UID1: "forestry.effectNone", UID0: "forestry.effectNone", Slot: 12 as byte}]}})
[AVAILABLE][CLIENT][INFO] Hiding item in JEI: <forestry:bee_queen_ge>.withTag({MaxH: 20, Mate: {Chromosomes: [{UID1: "magicbees.speciesDiamond", UID0: "magicbees.speciesDiamond", Slot: 0 as byte}, {UID1: "forestry.speedSlowest", UID0: "forestry.speedSlowest", Slot: 1 as byte}, {UID1: "forestry.lifespanShorter", UID0: "forestry.lifespanShorter", Slot: 2 as byte}, {UID1: "forestry.fertilityLow", UID0: "forestry.fertilityLow", Slot: 3 as byte}, {UID1: "forestry.toleranceNone", UID0: "forestry.toleranceNone", Slot: 4 as byte}, {UID1: "forestry.boolTrue", UID0: "forestry.boolTrue", Slot: 5 as byte}, {UID1: "forestry.toleranceNone", UID0: "forestry.toleranceNone", Slot: 6 as byte}, {UID1: "forestry.boolFalse", UID0: "forestry.boolFalse", Slot: 7 as byte}, {UID1: "forestry.boolTrue", UID0: "forestry.boolTrue", Slot: 8 as byte}, {UID1: "forestry.flowersVanilla", UID0: "forestry.flowersVanilla", Slot: 9 as byte}, {UID1: "forestry.floweringSlowest", UID0: "forestry.floweringSlowest", Slot: 10 as byte}, {UID1: "forestry.territoryAverage", UID0: "forestry.territoryAverage", Slot: 11 as byte}, {UID1: "forestry.effectNone", UID0: "forestry.effectNone", Slot: 12 as byte}]}, Health: 20, IsAnalyzed: 0 as byte, Genome: {Chromosomes: [{UID1: "magicbees.speciesDiamond", UID0: "magicbees.speciesDiamond", Slot: 0 as byte}, {UID1: "forestry.speedSlowest", UID0: "forestry.speedSlowest", Slot: 1 as byte}, {UID1: "forestry.lifespanShorter", UID0: "forestry.lifespanShorter", Slot: 2 as byte}, {UID1: "forestry.fertilityLow", UID0: "forestry.fertilityLow", Slot: 3 as byte}, {UID1: "forestry.toleranceNone", UID0: "forestry.toleranceNone", Slot: 4 as byte}, {UID1: "forestry.boolTrue", UID0: "forestry.boolTrue", Slot: 5 as byte}, {UID1: "forestry.toleranceNone", UID0: "forestry.toleranceNone", Slot: 6 as byte}, {UID1: "forestry.boolFalse", UID0: "forestry.boolFalse", Slot: 7 as byte}, {UID1: "forestry.boolTrue", UID0: "forestry.boolTrue", Slot: 8 as byte}, {UID1: "forestry.flowersVanilla", UID0: "forestry.flowersVanilla", Slot: 9 as byte}, {UID1: "forestry.floweringSlowest", UID0: "forestry.floweringSlowest", Slot: 10 as byte}, {UID1: "forestry.territoryAverage", UID0: "forestry.territoryAverage", Slot: 11 as byte}, {UID1: "forestry.effectNone", UID0: "forestry.effectNone", Slot: 12 as byte}]}})
[AVAILABLE][CLIENT][INFO] Hiding item in JEI: <forestry:bee_queen_ge>.withTag({MaxH: 20, Mate: {Chromosomes: [{UID1: "magicbees.speciesGold", UID0: "magicbees.speciesGold", Slot: 0 as byte}, {UID1: "forestry.speedSlowest", UID0: "forestry.speedSlowest", Slot: 1 as byte}, {UID1: "forestry.lifespanShorter", UID0: "forestry.lifespanShorter", Slot: 2 as byte}, {UID1: "forestry.fertilityLow", UID0: "forestry.fertilityLow", Slot: 3 as byte}, {UID1: "forestry.toleranceNone", UID0: "forestry.toleranceNone", Slot: 4 as byte}, {UID1: "forestry.boolTrue", UID0: "forestry.boolTrue", Slot: 5 as byte}, {UID1: "forestry.toleranceNone", UID0: "forestry.toleranceNone", Slot: 6 as byte}, {UID1: "forestry.boolFalse", UID0: "forestry.boolFalse", Slot: 7 as byte}, {UID1: "forestry.boolTrue", UID0: "forestry.boolTrue", Slot: 8 as byte}, {UID1: "forestry.flowersVanilla", UID0: "forestry.flowersVanilla", Slot: 9 as byte}, {UID1: "forestry.floweringSlowest", UID0: "forestry.floweringSlowest", Slot: 10 as byte}, {UID1: "forestry.territoryAverage", UID0: "forestry.territoryAverage", Slot: 11 as byte}, {UID1: "forestry.effectNone", UID0: "forestry.effectNone", Slot: 12 as byte}]}, Health: 20, IsAnalyzed: 0 as byte, Genome: {Chromosomes: [{UID1: "magicbees.speciesGold", UID0: "magicbees.speciesGold", Slot: 0 as byte}, {UID1: "forestry.speedSlowest", UID0: "forestry.speedSlowest", Slot: 1 as byte}, {UID1: "forestry.lifespanShorter", UID0: "forestry.lifespanShorter", Slot: 2 as byte}, {UID1: "forestry.fertilityLow", UID0: "forestry.fertilityLow", Slot: 3 as byte}, {UID1: "forestry.toleranceNone", UID0: "forestry.toleranceNone", Slot: 4 as byte}, {UID1: "forestry.boolTrue", UID0: "forestry.boolTrue", Slot: 5 as byte}, {UID1: "forestry.toleranceNone", UID0: "forestry.toleranceNone", Slot: 6 as byte}, {UID1: "forestry.boolFalse", UID0: "forestry.boolFalse", Slot: 7 as byte}, {UID1: "forestry.boolTrue", UID0: "forestry.boolTrue", Slot: 8 as byte}, {UID1: "forestry.flowersVanilla", UID0: "forestry.flowersVanilla", Slot: 9 as byte}, {UID1: "forestry.floweringSlowest", UID0: "forestry.floweringSlowest", Slot: 10 as byte}, {UID1: "forestry.territoryAverage", UID0: "forestry.territoryAverage", Slot: 11 as byte}, {UID1: "forestry.effectNone", UID0: "forestry.effectNone", Slot: 12 as byte}]}})
[AVAILABLE][CLIENT][INFO] Hiding item in JEI: <forestry:bee_queen_ge>.withTag({MaxH: 20, Mate: {Chromosomes: [{UID1: "magicbees.speciesSilver", UID0: "magicbees.speciesSilver", Slot: 0 as byte}, {UID1: "forestry.speedSlowest", UID0: "forestry.speedSlowest", Slot: 1 as byte}, {UID1: "forestry.lifespanShorter", UID0: "forestry.lifespanShorter", Slot: 2 as byte}, {UID1: "forestry.fertilityLow", UID0: "forestry.fertilityLow", Slot: 3 as byte}, {UID1: "forestry.toleranceNone", UID0: "forestry.toleranceNone", Slot: 4 as byte}, {UID1: "forestry.boolTrue", UID0: "forestry.boolTrue", Slot: 5 as byte}, {UID1: "forestry.toleranceNone", UID0: "forestry.toleranceNone", Slot: 6 as byte}, {UID1: "forestry.boolFalse", UID0: "forestry.boolFalse", Slot: 7 as byte}, {UID1: "forestry.boolTrue", UID0: "forestry.boolTrue", Slot: 8 as byte}, {UID1: "forestry.flowersVanilla", UID0: "forestry.flowersVanilla", Slot: 9 as byte}, {UID1: "forestry.floweringSlowest", UID0: "forestry.floweringSlowest", Slot: 10 as byte}, {UID1: "forestry.territoryAverage", UID0: "forestry.territoryAverage", Slot: 11 as byte}, {UID1: "forestry.effectNone", UID0: "forestry.effectNone", Slot: 12 as byte}]}, Health: 20, IsAnalyzed: 0 as byte, Genome: {Chromosomes: [{UID1: "magicbees.speciesSilver", UID0: "magicbees.speciesSilver", Slot: 0 as byte}, {UID1: "forestry.speedSlowest", UID0: "forestry.speedSlowest", Slot: 1 as byte}, {UID1: "forestry.lifespanShorter", UID0: "forestry.lifespanShorter", Slot: 2 as byte}, {UID1: "forestry.fertilityLow", UID0: "forestry.fertilityLow", Slot: 3 as byte}, {UID1: "forestry.toleranceNone", UID0: "forestry.toleranceNone", Slot: 4 as byte}, {UID1: "forestry.boolTrue", UID0: "forestry.boolTrue", Slot: 5 as byte}, {UID1: "forestry.toleranceNone", UID0: "forestry.toleranceNone", Slot: 6 as byte}, {UID1: "forestry.boolFalse", UID0: "forestry.boolFalse", Slot: 7 as byte}, {UID1: "forestry.boolTrue", UID0: "forestry.boolTrue", Slot: 8 as byte}, {UID1: "forestry.flowersVanilla", UID0: "forestry.flowersVanilla", Slot: 9 as byte}, {UID1: "forestry.floweringSlowest", UID0: "forestry.floweringSlowest", Slot: 10 as byte}, {UID1: "forestry.territoryAverage", UID0: "forestry.territoryAverage", Slot: 11 as byte}, {UID1: "forestry.effectNone", UID0: "forestry.effectNone", Slot: 12 as byte}]}})
