#
# A fatal error has been detected by the Java Runtime Environment:
#
#  EXCEPTION_ACCESS_VIOLATION (0xc0000005) at pc=0x0000000075379182, pid=8364, tid=9420
#
# JRE version: Java(TM) SE Runtime Environment (8.0_51-b16) (build 1.8.0_51-b16)
# Java VM: Java HotSpot(TM) 64-Bit Server VM (25.51-b03 mixed mode windows-amd64 compressed oops)
# Problematic frame:
# C  [nvoglv64.dll+0xaf9182]
#
# Failed to write core dump. Minidumps are not enabled by default on client versions of Windows
#
# If you would like to submit a bug report, please visit:
#   http://bugreport.java.com/bugreport/crash.jsp
# The crash happened outside the Java Virtual Machine in native code.
# See problematic frame for where to report the bug.
#

---------------  T H R E A D  ---------------

Current thread (0x00000000034a4800):  JavaThread "Client thread" [_thread_in_native, id=9420, stack(0x00000000033a0000,0x00000000034a0000)]

siginfo: ExceptionCode=0xc0000005, reading address 0x000000003e6040b0

Registers:
RAX=0x0000000000000001, RBX=0x0000000001483038, RCX=0x000000003e4bd040, RDX=0x0000000074880000
RSP=0x000000000349b3e0, RBP=0x00000000286e3040, RSI=0x0000000031f9dd90, RDI=0x000000002d2f1360
R8 =0x00000000014162f0, R9 =0x0000000000000002, R10=0x0000000000000000, R11=0x0000000001482810
R12=0x0000000001482810, R13=0x0000000031f9dd00, R14=0x0000000000000002, R15=0x00000000014162f0
RIP=0x0000000075379182, EFLAGS=0x0000000000010202

Top of Stack: (sp=0x000000000349b3e0)
0x000000000349b3e0:   0000000001483038 00000000286e3040
0x000000000349b3f0:   0000000031f9dd90 00000000286e3040
0x000000000349b400:   0000000000000000 0000000001482810
0x000000000349b410:   00000000000305ee 0000000001447350
0x000000000349b420:   000000000349b6b8 0000000031f9dd90
0x000000000349b430:   00000000014162f0 0000000000000000
0x000000000349b440:   00000000286e3040 00000000286e3040
0x000000000349b450:   000000000349b560 00000000753786ac
0x000000000349b460:   0000000000000000 0000000000000000
0x000000000349b470:   000000002d2f1360 0000000000000000
0x000000000349b480:   0000000000000000 0000000000000000
0x000000000349b490:   0000000000000000 0000040000000003
0x000000000349b4a0:   00000001000002ed 0000005700000001
0x000000000349b4b0:   0000000000000001 0000002000000000
0x000000000349b4c0:   0000000200000000 00007fff58f3cc70
0x000000000349b4d0:   000000000349ba40 000000000349b9c8 

Instructions: (pc=0x0000000075379182)
0x0000000075379162:   8b cd e8 87 d7 ff ff 84 c0 0f 84 c8 04 00 00 48
0x0000000075379172:   8b 8e f8 16 00 00 48 3b cd 74 1d 48 85 c9 74 11
0x0000000075379182:   48 8b 89 70 70 14 00 48 85 c9 74 05 e8 4d dd ff
0x0000000075379192:   ff 48 89 ae f8 16 00 00 8b 84 24 88 00 00 00 33 


Register to memory mapping:

RAX=0x0000000000000001 is an unknown value
RBX=0x0000000001483038 is an unknown value
RCX=0x000000003e4bd040 is pointing into metadata
RDX=0x0000000074880000 is an unknown value
RSP=0x000000000349b3e0 is pointing into the stack for thread: 0x00000000034a4800
RBP=0x00000000286e3040 is an unknown value
RSI=0x0000000031f9dd90 is an unknown value
RDI=0x000000002d2f1360 is an unknown value
R8 =0x00000000014162f0 is an unknown value
R9 =0x0000000000000002 is an unknown value
R10=0x0000000000000000 is an unknown value
R11=0x0000000001482810 is an unknown value
R12=0x0000000001482810 is an unknown value
R13=0x0000000031f9dd00 is an unknown value
R14=0x0000000000000002 is an unknown value
R15=0x00000000014162f0 is an unknown value


Stack: [0x00000000033a0000,0x00000000034a0000],  sp=0x000000000349b3e0,  free space=1004k
Native frames: (J=compiled Java code, j=interpreted, Vv=VM code, C=native code)
C  [nvoglv64.dll+0xaf9182]
C  [nvoglv64.dll+0xaf86ac]
C  [nvoglv64.dll+0xad9f6b]
C  [nvoglv64.dll+0xafa503]
C  [nvoglv64.dll+0xbe960d]
C  [nvoglv64.dll+0xbf4e4f]
C  [nvoglv64.dll+0xc09b83]
C  [nvoglv64.dll+0xa9e30e]
C  [nvoglv64.dll+0xbcb6f2]
C  [nvoglv64.dll+0xbab50d]
C  [nvoglv64.dll+0xbaadd7]
C  [nvoglv64.dll+0xaaefb6]
C  [nvoglv64.dll+0xaaf125]
C  [nvoglv64.dll+0xaaef0e]
C  [nvoglv64.dll+0xaaea06]
C  [nvoglv64.dll+0xa982dc]
C  [OPENGL32.dll+0x4516b]
C  [gdi32full.dll+0x765ae]
C  0x0000000003805bd4

Java frames: (J=compiled Java code, j=interpreted, Vv=VM code)
J 5251  org.lwjgl.opengl.WindowsContextImplementation.nSwapBuffers(Ljava/nio/ByteBuffer;)V (0 bytes) @ 0x0000000003805b52 [0x0000000003805b00+0x52]
J 9865 C2 org.lwjgl.opengl.DrawableGL.swapBuffers()V (4 bytes) @ 0x0000000004658528 [0x0000000004658340+0x1e8]
J 43951 C2 net.minecraft.client.Minecraft.func_175601_h()V (25 bytes) @ 0x00000000063d4a08 [0x00000000063d4900+0x108]
J 37946 C2 net.minecraft.client.Minecraft.func_71411_J()V (948 bytes) @ 0x0000000009cc0284 [0x0000000009cbeb00+0x1784]
J 45767% C2 net.minecraft.client.Minecraft.func_99999_d()V (210 bytes) @ 0x00000000086f51fc [0x00000000086f51a0+0x5c]
j  net.minecraft.client.main.Main.main([Ljava/lang/String;)V+1094
v  ~StubRoutines::call_stub
j  sun.reflect.NativeMethodAccessorImpl.invoke0(Ljava/lang/reflect/Method;Ljava/lang/Object;[Ljava/lang/Object;)Ljava/lang/Object;+0
j  sun.reflect.NativeMethodAccessorImpl.invoke(Ljava/lang/Object;[Ljava/lang/Object;)Ljava/lang/Object;+100
j  sun.reflect.DelegatingMethodAccessorImpl.invoke(Ljava/lang/Object;[Ljava/lang/Object;)Ljava/lang/Object;+6
j  java.lang.reflect.Method.invoke(Ljava/lang/Object;[Ljava/lang/Object;)Ljava/lang/Object;+56
j  net.minecraft.launchwrapper.Launch.launch([Ljava/lang/String;)V+661
j  net.minecraft.launchwrapper.Launch.main([Ljava/lang/String;)V+8
v  ~StubRoutines::call_stub

---------------  P R O C E S S  ---------------

Java Threads: ( => current thread )
  0x0000000061117800 JavaThread "Narrator" daemon [_thread_blocked, id=840, stack(0x0000000000920000,0x0000000000a20000)]
  0x0000000060a5d000 JavaThread "Chunk Batcher 3" daemon [_thread_blocked, id=12440, stack(0x0000000071f40000,0x0000000072040000)]
  0x0000000060a63000 JavaThread "Chunk Batcher 2" daemon [_thread_blocked, id=9428, stack(0x000000006f740000,0x000000006f840000)]
  0x0000000060a60000 JavaThread "Chunk Batcher 1" daemon [_thread_blocked, id=4420, stack(0x000000006f640000,0x000000006f740000)]
  0x0000000060a5c000 JavaThread "Chunk Batcher 0" daemon [_thread_blocked, id=12164, stack(0x000000003e200000,0x000000003e300000)]
  0x0000000060a69000 JavaThread "Netty Server IO #1" daemon [_thread_in_native, id=5736, stack(0x000000006fc40000,0x000000006fd40000)]
  0x0000000060a63800 JavaThread "Netty Local Client IO #0" daemon [_thread_blocked, id=11736, stack(0x000000006fb40000,0x000000006fc40000)]
  0x0000000060a62000 JavaThread "Netty Server IO #0" daemon [_thread_in_native, id=14176, stack(0x000000006f940000,0x000000006fa40000)]
  0x0000000060a60800 JavaThread "Thread-31" [_thread_blocked, id=8252, stack(0x000000006f840000,0x000000006f940000)]
  0x0000000060a5f000 JavaThread "Thread-28" [_thread_blocked, id=9980, stack(0x000000006e730000,0x000000006e830000)]
  0x0000000060a5d800 JavaThread "Thread-26" [_thread_blocked, id=13656, stack(0x000000006e210000,0x000000006e310000)]
  0x000000002bcca800 JavaThread "pool-7-thread-1" [_thread_blocked, id=10584, stack(0x000000003b4a0000,0x000000003b5a0000)]
  0x000000003ed42800 JavaThread "Server thread" [_thread_blocked, id=4920, stack(0x000000003e100000,0x000000003e200000)]
  0x000000003ed41800 JavaThread "Snooper Timer" daemon [_thread_blocked, id=224, stack(0x000000003ba00000,0x000000003bb00000)]
  0x000000003ed35800 JavaThread "Narrator" daemon [_thread_blocked, id=9232, stack(0x000000003b3a0000,0x000000003b4a0000)]
  0x0000000024606800 JavaThread "PR RoutingThread #3" daemon [_thread_blocked, id=14196, stack(0x000000006db10000,0x000000006dc10000)]
  0x000000002bcc4800 JavaThread "PR RoutingThread #2" daemon [_thread_blocked, id=4836, stack(0x000000005b770000,0x000000005b870000)]
  0x000000002bcc7000 JavaThread "PR RoutingThread #1" daemon [_thread_blocked, id=12376, stack(0x000000005a620000,0x000000005a720000)]
  0x000000002bcc2800 JavaThread "PR RoutingThread #0" daemon [_thread_blocked, id=11624, stack(0x000000003bbe0000,0x000000003bce0000)]
  0x0000000024608000 JavaThread "ic2-poolthread-1" daemon [_thread_blocked, id=5212, stack(0x00000000393b0000,0x00000000394b0000)]
  0x0000000024605000 JavaThread "Ender IO Scheduler" [_thread_blocked, id=8176, stack(0x000000002d8b0000,0x000000002d9b0000)]
  0x000000002bcc8800 JavaThread "ResearchIOThread" daemon [_thread_blocked, id=11728, stack(0x000000002b720000,0x000000002b820000)]
  0x000000002bcbe000 JavaThread "AWT-Windows" daemon [_thread_in_native, id=13540, stack(0x00000000394b0000,0x00000000395b0000)]
  0x0000000024de5800 JavaThread "Thread-11" [_thread_blocked, id=5824, stack(0x0000000042f90000,0x0000000043090000)]
  0x00000000235d6800 JavaThread "Thread-10" [_thread_blocked, id=3972, stack(0x0000000042200000,0x0000000042300000)]
  0x000000002bff8800 JavaThread "File IO Thread" [_thread_blocked, id=11468, stack(0x000000002b820000,0x000000002b920000)]
  0x0000000024929800 JavaThread "LWJGL Timer" daemon [_thread_blocked, id=2152, stack(0x000000003b0a0000,0x000000003b1a0000)]
  0x000000002a307800 JavaThread "Java2D Disposer" daemon [_thread_blocked, id=8852, stack(0x000000002cb60000,0x000000002cc60000)]
  0x00000000276d6800 JavaThread "Timer hack thread" daemon [_thread_blocked, id=3364, stack(0x000000002b620000,0x000000002b720000)]
  0x0000000025561000 JavaThread "Snooper Timer" daemon [_thread_blocked, id=5944, stack(0x0000000026240000,0x0000000026340000)]
  0x0000000023450800 JavaThread "Service Thread" daemon [_thread_blocked, id=12036, stack(0x0000000023cd0000,0x0000000023dd0000)]
  0x00000000220ce800 JavaThread "C1 CompilerThread2" daemon [_thread_blocked, id=4524, stack(0x0000000023bd0000,0x0000000023cd0000)]
  0x0000000022096000 JavaThread "C2 CompilerThread1" daemon [_thread_blocked, id=6124, stack(0x0000000023ad0000,0x0000000023bd0000)]
  0x000000002208e000 JavaThread "C2 CompilerThread0" daemon [_thread_blocked, id=4088, stack(0x00000000239d0000,0x0000000023ad0000)]
  0x0000000023412800 JavaThread "Attach Listener" daemon [_thread_blocked, id=776, stack(0x00000000238d0000,0x00000000239d0000)]
  0x0000000022083800 JavaThread "Signal Dispatcher" daemon [_thread_blocked, id=4232, stack(0x00000000237d0000,0x00000000238d0000)]
  0x000000000359c000 JavaThread "Finalizer" daemon [_thread_blocked, id=9948, stack(0x00000000232d0000,0x00000000233d0000)]
  0x0000000003592000 JavaThread "Reference Handler" daemon [_thread_blocked, id=684, stack(0x00000000231d0000,0x00000000232d0000)]
=>0x00000000034a4800 JavaThread "Client thread" [_thread_in_native, id=9420, stack(0x00000000033a0000,0x00000000034a0000)]

Other Threads:
  0x0000000022038000 VMThread [stack: 0x00000000230d0000,0x00000000231d0000] [id=10336]
  0x0000000023452000 WatcherThread [stack: 0x0000000023dd0000,0x0000000023ed0000] [id=10888]

VM state:not at safepoint (normal execution)

VM Mutex/Monitor currently owned by a thread: None

Heap:
 PSYoungGen      total 830464K, used 754818K [0x000000073ab00000, 0x0000000780880000, 0x00000007c0000000)
  eden space 824320K, 90% used [0x000000073ab00000,0x0000000768634a60,0x000000076d000000)
  from space 6144K, 98% used [0x000000077bb80000,0x000000077c16c010,0x000000077c180000)
  to   space 40448K, 0% used [0x000000077e100000,0x000000077e100000,0x0000000780880000)
 ParOldGen       total 1377792K, used 1116832K [0x0000000630000000, 0x0000000684180000, 0x000000073ab00000)
  object space 1377792K, 81% used [0x0000000630000000,0x00000006742a83d8,0x0000000684180000)
 Metaspace       used 220551K, capacity 227825K, committed 227968K, reserved 1241088K
  class space    used 33501K, capacity 35330K, committed 35456K, reserved 1048576K

Card table byte_map: [0x0000000012960000,0x00000000135f0000] byte_map_base: 0x000000000f7e0000

Marking Bits: (ParMarkBitMap*) 0x0000000077f74040
 Begin Bits: [0x0000000014250000, 0x000000001a650000)
 End Bits:   [0x000000001a650000, 0x0000000020a50000)

Polling page: 0x0000000002f60000

CodeCache: size=245760Kb used=123779Kb max_used=123797Kb free=121980Kb
 bounds [0x00000000035a0000, 0x000000000af70000, 0x00000000125a0000]
 total_blobs=31470 nmethods=29676 adapters=1697
 compilation: enabled

Compilation events (10 events):
Event: 3034.035 Thread 0x00000000220ce800 46741       3       net.minecraftforge.client.event.GuiScreenEvent$InitGuiEvent::setup (26 bytes)
Event: 3034.037 Thread 0x00000000220ce800 nmethod 46741 0x000000000a9102d0 code [0x000000000a9105a0, 0x000000000a911c78]
Event: 3034.608 Thread 0x00000000220ce800 46742       3       net.minecraft.client.renderer.entity.layers.LayerHeldItem::func_177141_a (135 bytes)
Event: 3034.612 Thread 0x00000000220ce800 nmethod 46742 0x000000000a434ed0 code [0x000000000a4353a0, 0x000000000a437bd8]
Event: 3035.259 Thread 0x0000000022096000 46743       4       net.minecraft.client.gui.GuiTextField::func_146194_f (547 bytes)
Event: 3035.355 Thread 0x00000000220ce800 46744       3       org.apache.logging.log4j.spi.AbstractLogger::debug (17 bytes)
Event: 3035.356 Thread 0x00000000220ce800 nmethod 46744 0x000000000a434750 code [0x000000000a4348e0, 0x000000000a434d58]
Event: 3035.369 Thread 0x0000000022096000 nmethod 46743 0x0000000009f5b9d0 code [0x0000000009f5bcc0, 0x0000000009f5db08]
Event: 3036.788 Thread 0x00000000220ce800 46745       3       net.minecraft.client.renderer.EntityRenderer::func_78464_a (382 bytes)
Event: 3036.790 Thread 0x00000000220ce800 nmethod 46745 0x000000000a23a150 code [0x000000000a23a4c0, 0x000000000a23baf8]

GC Heap History (10 events):
Event: 2798.822 GC heap before
{Heap before GC invocations=129 (full 10):
 PSYoungGen      total 995840K, used 995829K [0x000000073ab00000, 0x0000000787000000, 0x00000007c0000000)
  eden space 988672K, 100% used [0x000000073ab00000,0x0000000777080000,0x0000000777080000)
  from space 7168K, 99% used [0x0000000786900000,0x0000000786ffd610,0x0000000787000000)
  to   space 57344K, 0% used [0x0000000780000000,0x0000000780000000,0x0000000783800000)
 ParOldGen       total 1377792K, used 1114341K [0x0000000630000000, 0x0000000684180000, 0x000000073ab00000)
  object space 1377792K, 80% used [0x0000000630000000,0x0000000674039518,0x0000000684180000)
 Metaspace       used 219845K, capacity 227001K, committed 227328K, reserved 1241088K
  class space    used 33436K, capacity 35244K, committed 35328K, reserved 1048576K
Event: 2798.840 GC heap after
Heap after GC invocations=129 (full 10):
 PSYoungGen      total 959488K, used 6684K [0x000000073ab00000, 0x0000000786980000, 0x00000007c0000000)
  eden space 952320K, 0% used [0x000000073ab00000,0x000000073ab00000,0x0000000774d00000)
  from space 7168K, 93% used [0x0000000780000000,0x00000007806872c8,0x0000000780700000)
  to   space 53760K, 0% used [0x0000000783500000,0x0000000783500000,0x0000000786980000)
 ParOldGen       total 1377792K, used 1115173K [0x0000000630000000, 0x0000000684180000, 0x000000073ab00000)
  object space 1377792K, 80% used [0x0000000630000000,0x0000000674109518,0x0000000684180000)
 Metaspace       used 219845K, capacity 227001K, committed 227328K, reserved 1241088K
  class space    used 33436K, capacity 35244K, committed 35328K, reserved 1048576K
}
Event: 2829.983 GC heap before
{Heap before GC invocations=130 (full 10):
 PSYoungGen      total 959488K, used 959004K [0x000000073ab00000, 0x0000000786980000, 0x00000007c0000000)
  eden space 952320K, 100% used [0x000000073ab00000,0x0000000774d00000,0x0000000774d00000)
  from space 7168K, 93% used [0x0000000780000000,0x00000007806872c8,0x0000000780700000)
  to   space 53760K, 0% used [0x0000000783500000,0x0000000783500000,0x0000000786980000)
 ParOldGen       total 1377792K, used 1115173K [0x0000000630000000, 0x0000000684180000, 0x000000073ab00000)
  object space 1377792K, 80% used [0x0000000630000000,0x0000000674109518,0x0000000684180000)
 Metaspace       used 219936K, capacity 227161K, committed 227328K, reserved 1241088K
  class space    used 33443K, capacity 35248K, committed 35328K, reserved 1048576K
Event: 2830.000 GC heap after
Heap after GC invocations=130 (full 10):
 PSYoungGen      total 925184K, used 7008K [0x000000073ab00000, 0x0000000783c00000, 0x00000007c0000000)
  eden space 918016K, 0% used [0x000000073ab00000,0x000000073ab00000,0x0000000772b80000)
  from space 7168K, 97% used [0x0000000783500000,0x0000000783bd82c0,0x0000000783c00000)
  to   space 49664K, 0% used [0x000000077db00000,0x000000077db00000,0x0000000780b80000)
 ParOldGen       total 1377792K, used 1115205K [0x0000000630000000, 0x0000000684180000, 0x000000073ab00000)
  object space 1377792K, 80% used [0x0000000630000000,0x0000000674111518,0x0000000684180000)
 Metaspace       used 219936K, capacity 227161K, committed 227328K, reserved 1241088K
  class space    used 33443K, capacity 35248K, committed 35328K, reserved 1048576K
}
Event: 2875.490 GC heap before
{Heap before GC invocations=131 (full 10):
 PSYoungGen      total 925184K, used 925024K [0x000000073ab00000, 0x0000000783c00000, 0x00000007c0000000)
  eden space 918016K, 100% used [0x000000073ab00000,0x0000000772b80000,0x0000000772b80000)
  from space 7168K, 97% used [0x0000000783500000,0x0000000783bd82c0,0x0000000783c00000)
  to   space 49664K, 0% used [0x000000077db00000,0x000000077db00000,0x0000000780b80000)
 ParOldGen       total 1377792K, used 1115205K [0x0000000630000000, 0x0000000684180000, 0x000000073ab00000)
  object space 1377792K, 80% used [0x0000000630000000,0x0000000674111518,0x0000000684180000)
 Metaspace       used 219985K, capacity 227161K, committed 227328K, reserved 1241088K
  class space    used 33450K, capacity 35248K, committed 35328K, reserved 1048576K
Event: 2875.506 GC heap after
Heap after GC invocations=131 (full 10):
 PSYoungGen      total 892928K, used 7216K [0x000000073ab00000, 0x0000000783580000, 0x00000007c0000000)
  eden space 885248K, 0% used [0x000000073ab00000,0x000000073ab00000,0x0000000770b80000)
  from space 7680K, 93% used [0x000000077db00000,0x000000077e20c2b0,0x000000077e280000)
  to   space 46592K, 0% used [0x0000000780800000,0x0000000780800000,0x0000000783580000)
 ParOldGen       total 1377792K, used 1115221K [0x0000000630000000, 0x0000000684180000, 0x000000073ab00000)
  object space 1377792K, 80% used [0x0000000630000000,0x0000000674115518,0x0000000684180000)
 Metaspace       used 219985K, capacity 227161K, committed 227328K, reserved 1241088K
  class space    used 33450K, capacity 35248K, committed 35328K, reserved 1048576K
}
Event: 2934.977 GC heap before
{Heap before GC invocations=132 (full 10):
 PSYoungGen      total 892928K, used 892464K [0x000000073ab00000, 0x0000000783580000, 0x00000007c0000000)
  eden space 885248K, 100% used [0x000000073ab00000,0x0000000770b80000,0x0000000770b80000)
  from space 7680K, 93% used [0x000000077db00000,0x000000077e20c2b0,0x000000077e280000)
  to   space 46592K, 0% used [0x0000000780800000,0x0000000780800000,0x0000000783580000)
 ParOldGen       total 1377792K, used 1115221K [0x0000000630000000, 0x0000000684180000, 0x000000073ab00000)
  object space 1377792K, 80% used [0x0000000630000000,0x0000000674115518,0x0000000684180000)
 Metaspace       used 220515K, capacity 227753K, committed 227968K, reserved 1241088K
  class space    used 33498K, capacity 35328K, committed 35456K, reserved 1048576K
Event: 2934.996 GC heap after
Heap after GC invocations=132 (full 10):
 PSYoungGen      total 861696K, used 7671K [0x000000073ab00000, 0x0000000780f80000, 0x00000007c0000000)
  eden space 854016K, 0% used [0x000000073ab00000,0x000000073ab00000,0x000000076ed00000)
  from space 7680K, 99% used [0x0000000780800000,0x0000000780f7dd10,0x0000000780f80000)
  to   space 43008K, 0% used [0x000000077bb80000,0x000000077bb80000,0x000000077e580000)
 ParOldGen       total 1377792K, used 1115772K [0x0000000630000000, 0x0000000684180000, 0x000000073ab00000)
  object space 1377792K, 80% used [0x0000000630000000,0x000000067419f3c8,0x0000000684180000)
 Metaspace       used 220515K, capacity 227753K, committed 227968K, reserved 1241088K
  class space    used 33498K, capacity 35328K, committed 35456K, reserved 1048576K
}
Event: 2956.513 GC heap before
{Heap before GC invocations=133 (full 10):
 PSYoungGen      total 861696K, used 861687K [0x000000073ab00000, 0x0000000780f80000, 0x00000007c0000000)
  eden space 854016K, 100% used [0x000000073ab00000,0x000000076ed00000,0x000000076ed00000)
  from space 7680K, 99% used [0x0000000780800000,0x0000000780f7dd10,0x0000000780f80000)
  to   space 43008K, 0% used [0x000000077bb80000,0x000000077bb80000,0x000000077e580000)
 ParOldGen       total 1377792K, used 1115772K [0x0000000630000000, 0x0000000684180000, 0x000000073ab00000)
  object space 1377792K, 80% used [0x0000000630000000,0x000000067419f3c8,0x0000000684180000)
 Metaspace       used 220530K, capacity 227819K, committed 227968K, reserved 1241088K
  class space    used 33499K, capacity 35329K, committed 35456K, reserved 1048576K
Event: 2956.529 GC heap after
Heap after GC invocations=133 (full 10):
 PSYoungGen      total 830464K, used 6064K [0x000000073ab00000, 0x0000000780880000, 0x00000007c0000000)
  eden space 824320K, 0% used [0x000000073ab00000,0x000000073ab00000,0x000000076d000000)
  from space 6144K, 98% used [0x000000077bb80000,0x000000077c16c010,0x000000077c180000)
  to   space 40448K, 0% used [0x000000077e100000,0x000000077e100000,0x0000000780880000)
 ParOldGen       total 1377792K, used 1116832K [0x0000000630000000, 0x0000000684180000, 0x000000073ab00000)
  object space 1377792K, 81% used [0x0000000630000000,0x00000006742a83d8,0x0000000684180000)
 Metaspace       used 220530K, capacity 227819K, committed 227968K, reserved 1241088K
  class space    used 33499K, capacity 35329K, committed 35456K, reserved 1048576K
}

Deoptimization events (10 events):
Event: 2956.257 Thread 0x000000003ed42800 Uncommon trap: reason=class_check action=maybe_recompile pc=0x00000000096c52ac method=io.netty.channel.DefaultChannelPipeline$HeadContext.write(Lio/netty/channel/ChannelHandlerContext;Ljava/lang/Object;Lio/netty/channel/ChannelPromise;)V @ 6
Event: 2956.257 Thread 0x000000003ed42800 Uncommon trap: reason=class_check action=maybe_recompile pc=0x0000000009f46b5c method=io.netty.channel.AbstractChannel$AbstractUnsafe.flush0()V @ 34
Event: 2956.257 Thread 0x000000003ed42800 Uncommon trap: reason=bimorphic action=maybe_recompile pc=0x0000000005023800 method=io.netty.util.concurrent.DefaultPromise.notifyListeners()V @ 6
Event: 2956.257 Thread 0x000000003ed42800 Uncommon trap: reason=class_check action=maybe_recompile pc=0x0000000008fb16a0 method=net.minecraft.entity.EntityTrackerEntry.func_73117_b(Lnet/minecraft/entity/player/EntityPlayerMP;)V @ 236
Event: 2971.326 Thread 0x00000000034a4800 Uncommon trap: reason=unstable_if action=reinterpret pc=0x000000000823267c method=net.minecraftforge.client.ForgeHooksClient.shouldCauseReequipAnimation(Lnet/minecraft/item/ItemStack;Lnet/minecraft/item/ItemStack;I)Z @ 28
Event: 2971.330 Thread 0x00000000034a4800 Uncommon trap: reason=unstable_if action=reinterpret pc=0x00000000090fbed4 method=net.minecraft.client.renderer.entity.layers.LayerHeldItem.func_177141_a(Lnet/minecraft/entity/EntityLivingBase;FFFFFFF)V @ 66
Event: 2971.378 Thread 0x00000000034a4800 Uncommon trap: reason=unstable_if action=reinterpret pc=0x00000000083bb2e0 method=net.minecraftforge.client.ForgeHooksClient.shouldCauseReequipAnimation(Lnet/minecraft/item/ItemStack;Lnet/minecraft/item/ItemStack;I)Z @ 28
Event: 2973.924 Thread 0x00000000034a4800 Uncommon trap: reason=class_check action=maybe_recompile pc=0x00000000095de7f0 method=java.util.TreeMap.putAll(Ljava/util/Map;)V @ 1
Event: 2973.924 Thread 0x00000000034a4800 Uncommon trap: reason=unstable_if action=reinterpret pc=0x000000000371be1c method=sun.nio.cs.UTF_8$Encoder.encode([CII[B)I @ 33
Event: 2973.925 Thread 0x00000000034a4800 Uncommon trap: reason=unstable_if action=reinterpret pc=0x00000000052069e0 method=sun.nio.cs.ext.DoubleByte$Encoder.encodeArrayLoop(Ljava/nio/CharBuffer;Ljava/nio/ByteBuffer;)Ljava/nio/charset/CoderResult; @ 218

Internal exceptions (10 events):
Event: 3038.194 Thread 0x00000000235d6800 Exception <a 'java/lang/InterruptedException': sleep interrupted> (0x00000007669a8cb8) thrown at [C:\re\workspace\8-2-build-windows-amd64-cygwin\jdk8u51\3951\hotspot\src\share\vm\prims\jvm.cpp, line 3211]
Event: 3038.292 Thread 0x00000000235d6800 Exception <a 'java/lang/InterruptedException': sleep interrupted> (0x00000007669a8eb8) thrown at [C:\re\workspace\8-2-build-windows-amd64-cygwin\jdk8u51\3951\hotspot\src\share\vm\prims\jvm.cpp, line 3211]
Event: 3038.393 Thread 0x00000000235d6800 Exception <a 'java/lang/InterruptedException': sleep interrupted> (0x00000007669a90b8) thrown at [C:\re\workspace\8-2-build-windows-amd64-cygwin\jdk8u51\3951\hotspot\src\share\vm\prims\jvm.cpp, line 3211]
Event: 3038.492 Thread 0x00000000235d6800 Exception <a 'java/lang/InterruptedException': sleep interrupted> (0x00000007669a92b8) thrown at [C:\re\workspace\8-2-build-windows-amd64-cygwin\jdk8u51\3951\hotspot\src\share\vm\prims\jvm.cpp, line 3211]
Event: 3038.595 Thread 0x00000000235d6800 Exception <a 'java/lang/InterruptedException': sleep interrupted> (0x00000007669a94b8) thrown at [C:\re\workspace\8-2-build-windows-amd64-cygwin\jdk8u51\3951\hotspot\src\share\vm\prims\jvm.cpp, line 3211]
Event: 3038.701 Thread 0x00000000235d6800 Exception <a 'java/lang/InterruptedException': sleep interrupted> (0x00000007669a96b8) thrown at [C:\re\workspace\8-2-build-windows-amd64-cygwin\jdk8u51\3951\hotspot\src\share\vm\prims\jvm.cpp, line 3211]
Event: 3038.792 Thread 0x00000000235d6800 Exception <a 'java/lang/InterruptedException': sleep interrupted> (0x00000007669a98b8) thrown at [C:\re\workspace\8-2-build-windows-amd64-cygwin\jdk8u51\3951\hotspot\src\share\vm\prims\jvm.cpp, line 3211]
Event: 3038.893 Thread 0x00000000235d6800 Exception <a 'java/lang/InterruptedException': sleep interrupted> (0x00000007669a9ab8) thrown at [C:\re\workspace\8-2-build-windows-amd64-cygwin\jdk8u51\3951\hotspot\src\share\vm\prims\jvm.cpp, line 3211]
Event: 3038.985 Thread 0x00000000235d6800 Exception <a 'java/lang/InterruptedException': sleep interrupted> (0x00000007669a9cb8) thrown at [C:\re\workspace\8-2-build-windows-amd64-cygwin\jdk8u51\3951\hotspot\src\share\vm\prims\jvm.cpp, line 3211]
Event: 3038.994 Thread 0x00000000235d6800 Exception <a 'java/lang/InterruptedException': sleep interrupted> (0x00000007669a9eb8) thrown at [C:\re\workspace\8-2-build-windows-amd64-cygwin\jdk8u51\3951\hotspot\src\share\vm\prims\jvm.cpp, line 3211]

Events (10 events):
Event: 2974.471 Thread 0x00000000220ce800 flushing nmethod 0x00000000058507d0
Event: 2975.435 Thread 0x000000002bff8800 DEOPT PACKING pc=0x00000000085f9bf2 sp=0x000000002b91f0d0
Event: 2975.435 Thread 0x000000002bff8800 DEOPT UNPACKING pc=0x00000000035e787f sp=0x000000002b91ee30 mode 0
Event: 3035.357 Thread 0x00000000220ce800 flushing nmethod 0x000000000828a0d0
Event: 3035.357 Thread 0x00000000220ce800 flushing nmethod 0x000000000828f590
Event: 3035.360 Thread 0x00000000220ce800 flushing nmethod 0x0000000008733850
Event: 3035.370 Thread 0x0000000022096000 flushing nmethod 0x00000000088e9c50
Event: 3035.371 Thread 0x0000000022096000 flushing nmethod 0x0000000008b62410
Event: 3035.373 Thread 0x0000000022096000 flushing nmethod 0x00000000091d8b10
Event: 3036.791 Thread 0x00000000220ce800 flushing nmethod 0x0000000009421b90


Dynamic libraries:
0x00007ff7d2e20000 - 0x00007ff7d2e57000 	C:\Users\w1zz\Twitch\Minecraft\Install\runtime\jre-x64\bin\javaw.exe
0x00007fff7e720000 - 0x00007fff7e910000 	C:\Windows\SYSTEM32\ntdll.dll
0x00007fff7e0d0000 - 0x00007fff7e182000 	C:\Windows\System32\KERNEL32.DLL
0x00007fff7bbf0000 - 0x00007fff7be94000 	C:\Windows\System32\KERNELBASE.dll
0x00007fff7cdf0000 - 0x00007fff7ce93000 	C:\Windows\System32\ADVAPI32.dll
0x00007fff7cd50000 - 0x00007fff7cdee000 	C:\Windows\System32\msvcrt.dll
0x00007fff7da20000 - 0x00007fff7dab7000 	C:\Windows\System32\sechost.dll
0x00007fff7dc70000 - 0x00007fff7dd90000 	C:\Windows\System32\RPCRT4.dll
0x00007fff7de60000 - 0x00007fff7dff5000 	C:\Windows\System32\USER32.dll
0x00007fff7b770000 - 0x00007fff7b791000 	C:\Windows\System32\win32u.dll
0x00007fff7e2d0000 - 0x00007fff7e2f6000 	C:\Windows\System32\GDI32.dll
0x00007fff7b8f0000 - 0x00007fff7ba86000 	C:\Windows\System32\gdi32full.dll
0x00007fff7bef0000 - 0x00007fff7bf8e000 	C:\Windows\System32\msvcp_win.dll
0x00007fff7baf0000 - 0x00007fff7bbea000 	C:\Windows\System32\ucrtbase.dll
0x00007fff699f0000 - 0x00007fff69c74000 	C:\Windows\WinSxS\amd64_microsoft.windows.common-controls_6595b64144ccf1df_6.0.18362.1016_none_9e7a36bbe461dae4\COMCTL32.dll
0x00007fff7d6e0000 - 0x00007fff7da15000 	C:\Windows\System32\combase.dll
0x00007fff7bf90000 - 0x00007fff7c010000 	C:\Windows\System32\bcryptPrimitives.dll
0x00007fff7e390000 - 0x00007fff7e3be000 	C:\Windows\System32\IMM32.DLL
0x00000000507b0000 - 0x0000000050882000 	C:\Users\w1zz\Twitch\Minecraft\Install\runtime\jre-x64\bin\msvcr100.dll
0x0000000077770000 - 0x0000000077ff3000 	C:\Users\w1zz\Twitch\Minecraft\Install\runtime\jre-x64\bin\server\jvm.dll
0x00007fff7e320000 - 0x00007fff7e328000 	C:\Windows\System32\PSAPI.DLL
0x00007fff79290000 - 0x00007fff792b4000 	C:\Windows\SYSTEM32\WINMM.dll
0x00007fff6e230000 - 0x00007fff6e23a000 	C:\Windows\SYSTEM32\VERSION.dll
0x00007fff79180000 - 0x00007fff791ad000 	C:\Windows\SYSTEM32\WINMMBASE.dll
0x00007fff7bea0000 - 0x00007fff7beea000 	C:\Windows\System32\cfgmgr32.dll
0x00007fff79820000 - 0x00007fff79829000 	C:\Windows\SYSTEM32\WSOCK32.dll
0x00007fff7e670000 - 0x00007fff7e6df000 	C:\Windows\System32\WS2_32.dll
0x00000000507a0000 - 0x00000000507af000 	C:\Users\w1zz\Twitch\Minecraft\Install\runtime\jre-x64\bin\verify.dll
0x0000000050770000 - 0x0000000050799000 	C:\Users\w1zz\Twitch\Minecraft\Install\runtime\jre-x64\bin\java.dll
0x0000000050750000 - 0x0000000050766000 	C:\Users\w1zz\Twitch\Minecraft\Install\runtime\jre-x64\bin\zip.dll
0x00007fff7cf20000 - 0x00007fff7d607000 	C:\Windows\System32\SHELL32.dll
0x00007fff7e000000 - 0x00007fff7e0a9000 	C:\Windows\System32\shcore.dll
0x00007fff7c040000 - 0x00007fff7c7c2000 	C:\Windows\System32\windows.storage.dll
0x00007fff7b670000 - 0x00007fff7b693000 	C:\Windows\System32\profapi.dll
0x00007fff7b600000 - 0x00007fff7b64a000 	C:\Windows\System32\powrprof.dll
0x00007fff7b5d0000 - 0x00007fff7b5e0000 	C:\Windows\System32\UMPDC.dll
0x00007fff7c7d0000 - 0x00007fff7c822000 	C:\Windows\System32\shlwapi.dll
0x00007fff7b650000 - 0x00007fff7b661000 	C:\Windows\System32\kernel.appcore.dll
0x00007fff7b6a0000 - 0x00007fff7b6b7000 	C:\Windows\System32\cryptsp.dll
0x0000000050740000 - 0x000000005074d000 	C:\Users\w1zz\Twitch\Minecraft\Install\runtime\jre-x64\bin\management.dll
0x0000000050720000 - 0x000000005073a000 	C:\Users\w1zz\Twitch\Minecraft\Install\runtime\jre-x64\bin\net.dll
0x00007fff7add0000 - 0x00007fff7ae37000 	C:\Windows\system32\mswsock.dll
0x00007fff77ee0000 - 0x00007fff77ef6000 	C:\Windows\system32\napinsp.dll
0x00007fff77eb0000 - 0x00007fff77eca000 	C:\Windows\system32\pnrpnsp.dll
0x00007fff7ab20000 - 0x00007fff7abeb000 	C:\Windows\SYSTEM32\DNSAPI.dll
0x00007fff7e0b0000 - 0x00007fff7e0b8000 	C:\Windows\System32\NSI.dll
0x00007fff7aae0000 - 0x00007fff7ab1a000 	C:\Windows\SYSTEM32\IPHLPAPI.DLL
0x00007fff79810000 - 0x00007fff7981e000 	C:\Windows\System32\winrnr.dll
0x00007fff77df0000 - 0x00007fff77e0c000 	C:\Windows\system32\NLAapi.dll
0x00007fff5b030000 - 0x00007fff5b045000 	C:\Windows\system32\wshbth.dll
0x00007fff73110000 - 0x00007fff7311a000 	C:\Windows\System32\rasadhlp.dll
0x00007fff734a0000 - 0x00007fff73517000 	C:\Windows\System32\fwpuclnt.dll
0x00007fff7c010000 - 0x00007fff7c036000 	C:\Windows\System32\bcrypt.dll
0x0000000050700000 - 0x0000000050711000 	C:\Users\w1zz\Twitch\Minecraft\Install\runtime\jre-x64\bin\nio.dll
0x00000000506d0000 - 0x00000000506f4000 	C:\Users\w1zz\Twitch\Minecraft\Install\runtime\jre-x64\bin\sunec.dll
0x00000000506b0000 - 0x00000000506c7000 	C:\Users\w1zz\Twitch\Minecraft\Install\runtime\jre-x64\bin\unpack.dll
0x0000000180000000 - 0x0000000180053000 	C:\Users\w1zz\Twitch\Minecraft\Install\bin\e896-cd39-15f2-a388\lwjgl64.dll
0x00007fff63930000 - 0x00007fff63a86000 	C:\Windows\SYSTEM32\OPENGL32.dll
0x00007fff6fa40000 - 0x00007fff6fa6c000 	C:\Windows\SYSTEM32\GLU32.dll
0x00007fff7a230000 - 0x00007fff7a250000 	C:\Windows\SYSTEM32\dxcore.dll
0x00007fff7a940000 - 0x00007fff7a973000 	C:\Windows\system32\rsaenh.dll
0x00007fff7b4f0000 - 0x00007fff7b515000 	C:\Windows\SYSTEM32\USERENV.dll
0x00007fff7afa0000 - 0x00007fff7afac000 	C:\Windows\SYSTEM32\CRYPTBASE.dll
0x00007fff73d90000 - 0x00007fff73da6000 	C:\Windows\SYSTEM32\dhcpcsvc6.DLL
0x00007fff73cf0000 - 0x00007fff73d0c000 	C:\Windows\SYSTEM32\dhcpcsvc.DLL
0x0000000050510000 - 0x00000000506a8000 	C:\Users\w1zz\Twitch\Minecraft\Install\runtime\jre-x64\bin\awt.dll
0x00007fff7e520000 - 0x00007fff7e5e5000 	C:\Windows\System32\OLEAUT32.dll
0x00007fff79830000 - 0x00007fff798bf000 	C:\Windows\SYSTEM32\apphelp.dll
0x00007fff76d80000 - 0x00007fff76e2e000 	C:\Windows\SYSTEM32\mscms.dll
0x00007fff76ce0000 - 0x00007fff76cf7000 	C:\Windows\SYSTEM32\ColorAdapterClient.dll
0x00007fff7c830000 - 0x00007fff7c8d2000 	C:\Windows\System32\clbcatq.dll
0x00007fff75ca0000 - 0x00007fff75cba000 	C:\Windows\System32\Windows.Internal.Graphics.Display.DisplayColorManagement.dll
0x00007fff79930000 - 0x00007fff799c9000 	C:\Windows\system32\uxtheme.dll
0x00007fff7e190000 - 0x00007fff7e2c5000 	C:\Windows\System32\MSCTF.dll
0x0000000074880000 - 0x0000000076f40000 	C:\Windows\System32\DriverStore\FileRepository\nvtd.inf_amd64_11de46d84d38e7e9\nvoglv64.dll
0x00007fff7c8e0000 - 0x00007fff7cd50000 	C:\Windows\System32\SETUPAPI.dll
0x00007fff7e3c0000 - 0x00007fff7e517000 	C:\Windows\System32\ole32.dll
0x00007fff780c0000 - 0x00007fff780d3000 	C:\Windows\SYSTEM32\WTSAPI32.dll
0x00007fff7b370000 - 0x00007fff7b39a000 	C:\Windows\SYSTEM32\DEVOBJ.dll
0x00007fff7ba90000 - 0x00007fff7baec000 	C:\Windows\System32\WINTRUST.dll
0x00007fff7b5e0000 - 0x00007fff7b5f2000 	C:\Windows\System32\MSASN1.dll
0x00007fff7b7a0000 - 0x00007fff7b8e9000 	C:\Windows\System32\CRYPT32.dll
0x00007fff7a620000 - 0x00007fff7a651000 	C:\Windows\SYSTEM32\ntmarta.dll
0x00007fff79d60000 - 0x00007fff79d8d000 	C:\Windows\system32\dwmapi.dll
0x00007fff74fa0000 - 0x00007fff74fe3000 	C:\Windows\SYSTEM32\icm32.dll
0x00007fff7b3c0000 - 0x00007fff7b416000 	C:\Windows\SYSTEM32\WINSTA.dll
0x00007fff7a2c0000 - 0x00007fff7a3ab000 	C:\Windows\system32\dxgi.dll
0x00007fff609e0000 - 0x00007fff60ace000 	C:\Windows\System32\DriverStore\FileRepository\nvtd.inf_amd64_11de46d84d38e7e9\nvldumdx.dll
0x00007fff7e300000 - 0x00007fff7e31d000 	C:\Windows\System32\imagehlp.dll
0x00007fff443b0000 - 0x00007fff46866000 	C:\Windows\System32\DriverStore\FileRepository\nvtd.inf_amd64_11de46d84d38e7e9\nvwgf2umx.dll
0x00007fff71f10000 - 0x00007fff72413000 	C:\Windows\system32\nvapi64.dll
0x00007fff7b0a0000 - 0x00007fff7b0c6000 	C:\Windows\SYSTEM32\ncrypt.dll
0x00007fff7b060000 - 0x00007fff7b09b000 	C:\Windows\SYSTEM32\NTASN1.dll
0x00007fff74210000 - 0x00007fff74252000 	C:\Users\w1zz\AppData\Local\Temp\jna-3596122\jna4209995769439064493.dll
0x00000000504d0000 - 0x0000000050501000 	C:\Users\w1zz\Twitch\Minecraft\Install\runtime\jre-x64\bin\jpeg.dll
0x00007fff742e0000 - 0x00007fff7437e000 	C:\Windows\System32\TextInputFramework.dll
0x00007fff77360000 - 0x00007fff7768a000 	C:\Windows\System32\CoreUIComponents.dll
0x00007fff791b0000 - 0x00007fff79284000 	C:\Windows\System32\CoreMessaging.dll
0x00007fff77820000 - 0x00007fff77973000 	C:\Windows\SYSTEM32\wintypes.dll
0x00007fff710a0000 - 0x00007fff71346000 	C:\Windows\System32\iertutil.dll
0x00007fff51720000 - 0x00007fff5186a000 	C:\Windows\system32\IME\IMETC\IMTCTIP.DLL
0x00007fff751f0000 - 0x00007fff75276000 	C:\Windows\SYSTEM32\policymanager.dll
0x00007fff77f70000 - 0x00007fff78060000 	C:\Windows\SYSTEM32\PROPSYS.dll
0x00007fff51090000 - 0x00007fff51243000 	C:\Windows\SYSTEM32\DUI70.dll
0x00007fff780f0000 - 0x00007fff7817a000 	C:\Windows\SYSTEM32\msvcp110_win.dll
0x00007fff593f0000 - 0x00007fff59529000 	C:\Windows\System32\IME\shared\imetip.dll
0x00007fff75090000 - 0x00007fff750f5000 	C:\Windows\SYSTEM32\OLEACC.dll
0x00007fff72630000 - 0x00007fff7267d000 	C:\Windows\system32\IME\IMETC\IMTCCFG.DLL
0x00007fff51d70000 - 0x00007fff51e88000 	C:\Windows\system32\IME\IMETC\IMTCCORE.DLL
0x00007fff72460000 - 0x00007fff72498000 	C:\Windows\System32\IME\shared\imecfm.dll
0x00007fff79e70000 - 0x00007fff79f4c000 	C:\Windows\SYSTEM32\wer.dll
0x00007fff50ed0000 - 0x00007fff51087000 	C:\Windows\System32\IME\shared\mscand20.dll
0x00007fff797f0000 - 0x00007fff797f7000 	C:\Windows\SYSTEM32\MSIMG32.dll
0x00007fff5bf60000 - 0x00007fff5c1d0000 	C:\Windows\SYSTEM32\UIAutomationCore.DLL
0x00007fff6ff40000 - 0x00007fff6ffd3000 	C:\Windows\SYSTEM32\DUser.dll
0x000000002b920000 - 0x000000002b984000 	C:\Users\w1zz\Twitch\Minecraft\Install\bin\e896-cd39-15f2-a388\OpenAL64.dll
0x00007fff73d10000 - 0x00007fff73d82000 	C:\Windows\System32\MMDevApi.dll
0x00007fff70040000 - 0x00007fff700d9000 	C:\Windows\SYSTEM32\dsound.dll
0x00007fff73db0000 - 0x00007fff73f0d000 	C:\Windows\SYSTEM32\AUDIOSES.DLL
0x00007fff79c70000 - 0x00007fff79c84000 	C:\Windows\SYSTEM32\resourcepolicyclient.dll
0x0000000050480000 - 0x00000000504c7000 	C:\Users\w1zz\Twitch\Minecraft\Install\runtime\jre-x64\bin\fontmanager.dll
0x0000000050430000 - 0x0000000050472000 	C:\Users\w1zz\Twitch\Minecraft\Install\runtime\jre-x64\bin\t2k.dll
0x00007fff751b0000 - 0x00007fff751ca000 	C:\Users\w1zz\Twitch\Minecraft\Install\bin\e896-cd39-15f2-a388\SAPIWrapper_x64.dll
0x00007fff7b4c0000 - 0x00007fff7b4ef000 	C:\Windows\SYSTEM32\SspiCli.dll
0x00007fff43ce0000 - 0x00007fff43d38000 	C:\Windows\System32\IME\SHARED\imelm.dll
0x00007fff697f0000 - 0x00007fff699e4000 	C:\Windows\SYSTEM32\dbghelp.dll

VM Arguments:
jvm_args: -Dos.name=Windows 10 -Dos.version=10.0 -XX:HeapDumpPath=MojangTricksIntelDriversForPerformance_javaw.exe_minecraft.exe.heapdump -Djava.library.path=C:\Users\w1zz\Twitch\Minecraft\Install\bin\e896-cd39-15f2-a388 -Dminecraft.launcher.brand=minecraft-launcher -Dminecraft.launcher.version=2.1.17416 -Dminecraft.client.jar=C:\Users\w1zz\Twitch\Minecraft\Install\versions\1.12.2\1.12.2.jar -Xmx6400m -Xms256m -XX:PermSize=256m -Dminecraft.applet.TargetDirectory=C:\Users\w1zz\Twitch\Minecraft\Instances\AE2 Expert Skyblock -Dfml.ignorePatchDiscrepancies=true -Dfml.ignoreInvalidMinecraftCertificates=true -Duser.language=en -Duser.country=US -Dlog4j.configurationFile=C:\Users\w1zz\Twitch\Minecraft\Install\assets\log_configs\client-1.12.xml 
java_command: net.minecraft.launchwrapper.Launch --username 77dancer --version forge-14.23.5.2854 --gameDir C:\Users\w1zz\Twitch\Minecraft\Instances\AE2 Expert Skyblock --assetsDir C:\Users\w1zz\Twitch\Minecraft\Install\assets --assetIndex 1.12 --uuid f1856b55e6244b25a0ea5219e89ca945 --accessToken eyJhbGciOiJIUzI1NiJ9.eyJzdWIiOiJhNGU5YmU3NzdlMmRiOTY1M2MyOTA3YjI4OTk2NDNlNCIsInlnZ3QiOiIyMjg1ZDM5NjEzYTU0OTZhOTBiODc4ODhjZGJmYTQ2NiIsInNwciI6ImYxODU2YjU1ZTYyNDRiMjVhMGVhNTIxOWU4OWNhOTQ1IiwiaXNzIjoiWWdnZHJhc2lsLUF1dGgiLCJleHAiOjE1OTkzMDUxNjksImlhdCI6MTU5OTEzMjM2OX0._lNfsU4MJ-7w9jyq7fJhkaeAGFojS8De4O6QG6r0cNo --userType mojang --tweakClass net.minecraftforge.fml.common.launcher.FMLTweaker --versionType Forge --width 1024 --height 768
java_class_path (initial): C:\Users\w1zz\Twitch\Minecraft\Install\libraries\net\minecraftforge\forge\1.12.2-14.23.5.2854\forge-1.12.2-14.23.5.2854.jar;C:\Users\w1zz\Twitch\Minecraft\Install\libraries\org\ow2\asm\asm-debug-all\5.2\asm-debug-all-5.2.jar;C:\Users\w1zz\Twitch\Minecraft\Install\libraries\net\minecraft\launchwrapper\1.12\launchwrapper-1.12.jar;C:\Users\w1zz\Twitch\Minecraft\Install\libraries\org\jline\jline\3.5.1\jline-3.5.1.jar;C:\Users\w1zz\Twitch\Minecraft\Install\libraries\com\typesafe\akka\akka-actor_2.11\2.3.3\akka-actor_2.11-2.3.3.jar;C:\Users\w1zz\Twitch\Minecraft\Install\libraries\com\typesafe\config\1.2.1\config-1.2.1.jar;C:\Users\w1zz\Twitch\Minecraft\Install\libraries\org\scala-lang\scala-actors-migration_2.11\1.1.0\scala-actors-migration_2.11-1.1.0.jar;C:\Users\w1zz\Twitch\Minecraft\Install\libraries\org\scala-lang\scala-compiler\2.11.1\scala-compiler-2.11.1.jar;C:\Users\w1zz\Twitch\Minecraft\Install\libraries\org\scala-lang\plugins\scala-continuations-library_2.11\1.0.2_mc\scala-continuations-library_2.11-1.0.2_mc.jar;C:\Users\w1zz\Twitch\Minecraft\Install\libraries\org\scala-lang\plugins\scala-continuations-plugin_2.11.1\1.0.2_mc\scala-continuations-plugin_2.11.1-1.0.2_mc.jar;C:\Users\w1zz\Twitch\Minecraft\Install\libraries\org\scala-lang\scala-library\2.11.1\scala-library-2.11.1.jar;C:\Users\w1zz\Twitch\Minecraft\Install\libraries\org\scala-lang\scala-parser-combinators_2.11\1.0.1\scala-parser-combinators_2.11-1.0.1.jar;C:\Users\w1zz\Twitch\Minecraft\Install\libraries\org\scala-lang\scala-reflect\2.11.1\scala-reflect-2.11.1.jar;C:\Users\w1zz\Twitch\Minecraft\Install\libraries\org\scala-lang\scala-swing_2.11\1.0.1\scala-swing_2.11-1.0.1.jar;C:\Users\w1zz\Twitch\Minecraft\Install\libraries\org\scala-lang\scala-xml_2.11\1.0.2\scala-xml_2.11-1.0.2.jar;C:\Users\w1zz\Twitch\Minecraft\Install\libraries\lzma\lzma\0.0.1\lzma-0.0.1.jar;C:\Users\w1zz\Twitch\Minecraft\Install\libraries\java3d\vecmath\1.5.2\vecmath-1.5.2.jar;C:\Users\w1zz\Twitch\Mine
Launcher Type: SUN_STANDARD

Environment Variables:
PATH=C:\Program Files (x86)\Common Files\Oracle\Java\javapath;C:\Windows\system32;C:\Windows;C:\Windows\System32\Wbem;C:\Windows\System32\WindowsPowerShell\v1.0\;C:\Windows\System32\OpenSSH\;C:\xampp\php;C:\ProgramData\ComposerSetup\bin;C:\Program Files\Git\cmd;C:\Users\w1zz\AppData\Local\Microsoft\WindowsApps;C:\Users\w1zz\AppData\Roaming\Composer\vendor\bin;C:\Users\w1zz\AppData\Local\GitHubDesktop\bin
USERNAME=w1zz
OS=Windows_NT
PROCESSOR_IDENTIFIER=Intel64 Family 6 Model 58 Stepping 9, GenuineIntel



---------------  S Y S T E M  ---------------

OS: Windows 10.0 , 64 bit Build 18362 (10.0.18362.959)

CPU:total 4 (2 cores per cpu, 2 threads per core) family 6 model 58 stepping 9, cmov, cx8, fxsr, mmx, sse, sse2, sse3, ssse3, sse4.1, sse4.2, popcnt, avx, aes, clmul, erms, ht, tsc, tscinvbit, tscinv

Memory: 4k page, physical 16638108k(9733652k free), swap 19652764k(9564232k free)

vm_info: Java HotSpot(TM) 64-Bit Server VM (25.51-b03) for windows-amd64 JRE (1.8.0_51-b16), built on Jun  8 2015 18:03:07 by "java_re" with MS VC++ 10.0 (VS2010)

time: Fri Sep 04 20:58:45 2020
elapsed time: 3039 seconds (0d 0h 50m 39s)

