#
# A fatal error has been detected by the Java Runtime Environment:
#
#  EXCEPTION_ACCESS_VIOLATION (0xc0000005) at pc=0x0000000075379182, pid=11344, tid=10152
#
# JRE version: Java(TM) SE Runtime Environment (8.0_51-b16) (build 1.8.0_51-b16)
# Java VM: Java HotSpot(TM) 64-Bit Server VM (25.51-b03 mixed mode windows-amd64 compressed oops)
# Problematic frame:
# C  [nvoglv64.dll+0xaf9182]
#
# Failed to write core dump. Minidumps are not enabled by default on client versions of Windows
#
# If you would like to submit a bug report, please visit:
#   http://bugreport.java.com/bugreport/crash.jsp
# The crash happened outside the Java Virtual Machine in native code.
# See problematic frame for where to report the bug.
#

---------------  T H R E A D  ---------------

Current thread (0x0000000002d44800):  JavaThread "Client thread" [_thread_in_native, id=10152, stack(0x0000000002c40000,0x0000000002d40000)]

siginfo: ExceptionCode=0xc0000005, reading address 0x00000000350580b0

Registers:
RAX=0x0000000000000001, RBX=0x0000000032af6f28, RCX=0x0000000034f11040, RDX=0x0000000074880000
RSP=0x0000000002d3b190, RBP=0x000000002c7aa040, RSI=0x0000000032a0d800, RDI=0x000000002e4a12d0
R8 =0x0000000032a163e0, R9 =0x0000000000000002, R10=0x0000000000000000, R11=0x0000000032af6700
R12=0x0000000032af6700, R13=0x0000000032a0d800, R14=0x0000000000000002, R15=0x0000000032a163e0
RIP=0x0000000075379182, EFLAGS=0x0000000000010202

Top of Stack: (sp=0x0000000002d3b190)
0x0000000002d3b190:   0000000032af6f28 000000002c7aa040
0x0000000002d3b1a0:   0000000032a0d800 000000002c7aa040
0x0000000002d3b1b0:   0000000000000001 0000000032af6700
0x0000000002d3b1c0:   000000000007068a 0000000000c94610
0x0000000002d3b1d0:   0000000002d3b468 0000000032a0d800
0x0000000002d3b1e0:   0000000032a163e0 0000000000000000
0x0000000002d3b1f0:   000000002c7aa040 000000002c7aa040
0x0000000002d3b200:   0000000002d3b310 00000000753786ac
0x0000000002d3b210:   0000000000000000 0000000000000001
0x0000000002d3b220:   000000002e4a12d0 0000000000000000
0x0000000002d3b230:   0000000000000b00 00007fff568db228
0x0000000002d3b240:   0000000000c00000 0000000002d3b2a9
0x0000000002d3b250:   0000000032c12b00 0000000032c12b90
0x0000000002d3b260:   0000000000000001 000000202d08ebce
0x0000000002d3b270:   0000000200000000 0000000002000002
0x0000000002d3b280:   0000000002d3b7f0 0000000002d3b778 

Instructions: (pc=0x0000000075379182)
0x0000000075379162:   8b cd e8 87 d7 ff ff 84 c0 0f 84 c8 04 00 00 48
0x0000000075379172:   8b 8e f8 16 00 00 48 3b cd 74 1d 48 85 c9 74 11
0x0000000075379182:   48 8b 89 70 70 14 00 48 85 c9 74 05 e8 4d dd ff
0x0000000075379192:   ff 48 89 ae f8 16 00 00 8b 84 24 88 00 00 00 33 


Register to memory mapping:

RAX=0x0000000000000001 is an unknown value
RBX=0x0000000032af6f28 is an unknown value
RCX=0x0000000034f11040 is pointing into the stack for thread: 0x000000002926f000
RDX=0x0000000074880000 is an unknown value
RSP=0x0000000002d3b190 is pointing into the stack for thread: 0x0000000002d44800
RBP=0x000000002c7aa040 is an unknown value
RSI=0x0000000032a0d800 is an unknown value
RDI=0x000000002e4a12d0 is an unknown value
R8 =0x0000000032a163e0 is an unknown value
R9 =0x0000000000000002 is an unknown value
R10=0x0000000000000000 is an unknown value
R11=0x0000000032af6700 is an unknown value
R12=0x0000000032af6700 is an unknown value
R13=0x0000000032a0d800 is an unknown value
R14=0x0000000000000002 is an unknown value
R15=0x0000000032a163e0 is an unknown value


Stack: [0x0000000002c40000,0x0000000002d40000],  sp=0x0000000002d3b190,  free space=1004k
Native frames: (J=compiled Java code, j=interpreted, Vv=VM code, C=native code)
C  [nvoglv64.dll+0xaf9182]
C  [nvoglv64.dll+0xaf86ac]
C  [nvoglv64.dll+0xad9f6b]
C  [nvoglv64.dll+0xafa503]
C  [nvoglv64.dll+0xbe960d]
C  [nvoglv64.dll+0xbf4e4f]
C  [nvoglv64.dll+0xc09b83]
C  [nvoglv64.dll+0xa9e30e]
C  [nvoglv64.dll+0xbcb6f2]
C  [nvoglv64.dll+0xbab50d]
C  [nvoglv64.dll+0xbaadd7]
C  [nvoglv64.dll+0xaaefb6]
C  [nvoglv64.dll+0xaaf125]
C  [nvoglv64.dll+0xaaef0e]
C  [nvoglv64.dll+0xaaea06]
C  [nvoglv64.dll+0xa982dc]
C  [OPENGL32.dll+0x4516b]
C  [gdi32full.dll+0x765ae]
C  0x0000000003a56fd4

Java frames: (J=compiled Java code, j=interpreted, Vv=VM code)
J 5126  org.lwjgl.opengl.WindowsContextImplementation.nSwapBuffers(Ljava/nio/ByteBuffer;)V (0 bytes) @ 0x0000000003a56f52 [0x0000000003a56f00+0x52]
J 9164 C2 org.lwjgl.opengl.WindowsContextImplementation.swapBuffers()V (67 bytes) @ 0x0000000004488b28 [0x0000000004488940+0x1e8]
J 34790 C2 net.minecraft.client.Minecraft.func_175601_h()V (25 bytes) @ 0x0000000008a1cf3c [0x0000000008a1ce20+0x11c]
J 33446 C2 net.minecraft.client.Minecraft.func_71411_J()V (948 bytes) @ 0x0000000008264304 [0x0000000008263020+0x12e4]
J 29091% C1 net.minecraft.client.Minecraft.func_99999_d()V (210 bytes) @ 0x0000000006fdf844 [0x0000000006fdf6a0+0x1a4]
j  net.minecraft.client.main.Main.main([Ljava/lang/String;)V+1094
v  ~StubRoutines::call_stub
j  sun.reflect.NativeMethodAccessorImpl.invoke0(Ljava/lang/reflect/Method;Ljava/lang/Object;[Ljava/lang/Object;)Ljava/lang/Object;+0
j  sun.reflect.NativeMethodAccessorImpl.invoke(Ljava/lang/Object;[Ljava/lang/Object;)Ljava/lang/Object;+100
j  sun.reflect.DelegatingMethodAccessorImpl.invoke(Ljava/lang/Object;[Ljava/lang/Object;)Ljava/lang/Object;+6
j  java.lang.reflect.Method.invoke(Ljava/lang/Object;[Ljava/lang/Object;)Ljava/lang/Object;+56
j  net.minecraft.launchwrapper.Launch.launch([Ljava/lang/String;)V+661
j  net.minecraft.launchwrapper.Launch.main([Ljava/lang/String;)V+8
v  ~StubRoutines::call_stub

---------------  P R O C E S S  ---------------

Java Threads: ( => current thread )
  0x000000002d63e000 JavaThread "Narrator" daemon [_thread_blocked, id=10236, stack(0x000000008d6f0000,0x000000008d7f0000)]
  0x000000002d63a800 JavaThread "Chunk Batcher 3" daemon [_thread_blocked, id=3408, stack(0x000000006ef10000,0x000000006f010000)]
  0x0000000058c9d800 JavaThread "Chunk Batcher 2" daemon [_thread_blocked, id=11928, stack(0x000000006ebe0000,0x000000006ece0000)]
  0x0000000058c9c800 JavaThread "Chunk Batcher 1" daemon [_thread_blocked, id=4104, stack(0x000000006c640000,0x000000006c740000)]
  0x0000000058c9b000 JavaThread "Chunk Batcher 0" daemon [_thread_blocked, id=7600, stack(0x000000003e460000,0x000000003e560000)]
  0x0000000058c9a800 JavaThread "Netty Server IO #1" daemon [_thread_in_native, id=4656, stack(0x000000006eae0000,0x000000006ebe0000)]
  0x0000000058c99800 JavaThread "Netty Local Client IO #0" daemon [_thread_blocked, id=9624, stack(0x000000006e9e0000,0x000000006eae0000)]
  0x0000000058c97800 JavaThread "Netty Server IO #0" daemon [_thread_in_native, id=3180, stack(0x000000003d640000,0x000000003d740000)]
  0x0000000058c9c000 JavaThread "Thread-29" [_thread_blocked, id=4220, stack(0x000000003cea0000,0x000000003cfa0000)]
  0x0000000058c96800 JavaThread "Thread-26" [_thread_blocked, id=6760, stack(0x00000000620d0000,0x00000000621d0000)]
  0x0000000058c98000 JavaThread "Thread-24" [_thread_blocked, id=10696, stack(0x000000003cae0000,0x000000003cbe0000)]
  0x0000000029267800 JavaThread "pool-7-thread-1" [_thread_blocked, id=5520, stack(0x000000003a2e0000,0x000000003a3e0000)]
  0x000000002926f800 JavaThread "Server thread" [_thread_blocked, id=5780, stack(0x000000003a420000,0x000000003a520000)]
  0x000000002926f000 JavaThread "Snooper Timer" daemon [_thread_blocked, id=10720, stack(0x0000000034f10000,0x0000000035010000)]
  0x0000000028dd7800 JavaThread "Narrator" daemon [_thread_blocked, id=4820, stack(0x000000002b560000,0x000000002b660000)]
  0x0000000029269000 JavaThread "PR RoutingThread #3" daemon [_thread_blocked, id=11376, stack(0x000000006bd40000,0x000000006be40000)]
  0x0000000029264800 JavaThread "PR RoutingThread #2" daemon [_thread_blocked, id=5028, stack(0x000000006bc40000,0x000000006bd40000)]
  0x0000000029268000 JavaThread "PR RoutingThread #1" daemon [_thread_blocked, id=1384, stack(0x000000006bb40000,0x000000006bc40000)]
  0x0000000028dd7000 JavaThread "PR RoutingThread #0" daemon [_thread_blocked, id=7468, stack(0x00000000352e0000,0x00000000353e0000)]
  0x0000000021946000 JavaThread "ic2-poolthread-1" daemon [_thread_blocked, id=12080, stack(0x00000000617b0000,0x00000000618b0000)]
  0x0000000021949000 JavaThread "Ender IO Scheduler" [_thread_blocked, id=6508, stack(0x00000000578f0000,0x00000000579f0000)]
  0x000000002194a800 JavaThread "ResearchIOThread" daemon [_thread_blocked, id=8428, stack(0x0000000055220000,0x0000000055320000)]
  0x0000000028dcc800 JavaThread "Thread-11" [_thread_blocked, id=6532, stack(0x0000000057af0000,0x0000000057bf0000)]
  0x0000000028dd4800 JavaThread "Thread-10" [_thread_blocked, id=2500, stack(0x00000000579f0000,0x0000000057af0000)]
  0x0000000028dcf800 JavaThread "File IO Thread" [_thread_blocked, id=7108, stack(0x000000002c900000,0x000000002ca00000)]
  0x0000000021947800 JavaThread "LWJGL Timer" daemon [_thread_blocked, id=6312, stack(0x000000003d880000,0x000000003d980000)]
  0x0000000026c91800 JavaThread "Java2D Disposer" daemon [_thread_blocked, id=3076, stack(0x00000000268d0000,0x00000000269d0000)]
  0x0000000025728000 JavaThread "Timer hack thread" daemon [_thread_blocked, id=5672, stack(0x000000002b360000,0x000000002b460000)]
  0x0000000024417800 JavaThread "Snooper Timer" daemon [_thread_blocked, id=4404, stack(0x0000000027b30000,0x0000000027c30000)]
  0x0000000022e21800 JavaThread "Service Thread" daemon [_thread_blocked, id=11628, stack(0x0000000023680000,0x0000000023780000)]
  0x000000002194c000 JavaThread "C1 CompilerThread2" daemon [_thread_blocked, id=10912, stack(0x0000000023580000,0x0000000023680000)]
  0x0000000021936000 JavaThread "C2 CompilerThread1" daemon [_thread_blocked, id=11180, stack(0x0000000023480000,0x0000000023580000)]
  0x0000000021933000 JavaThread "C2 CompilerThread0" daemon [_thread_blocked, id=7560, stack(0x0000000023380000,0x0000000023480000)]
  0x0000000022dc2800 JavaThread "Attach Listener" daemon [_thread_blocked, id=2564, stack(0x0000000023280000,0x0000000023380000)]
  0x0000000021928000 JavaThread "Signal Dispatcher" daemon [_thread_blocked, id=5124, stack(0x0000000023180000,0x0000000023280000)]
  0x0000000002e3b000 JavaThread "Finalizer" daemon [_thread_blocked, id=11404, stack(0x0000000022b80000,0x0000000022c80000)]
  0x0000000002e32000 JavaThread "Reference Handler" daemon [_thread_blocked, id=10624, stack(0x0000000022a80000,0x0000000022b80000)]
=>0x0000000002d44800 JavaThread "Client thread" [_thread_in_native, id=10152, stack(0x0000000002c40000,0x0000000002d40000)]

Other Threads:
  0x00000000218d8000 VMThread [stack: 0x0000000022980000,0x0000000022a80000] [id=9484]
  0x0000000022e4b000 WatcherThread [stack: 0x0000000023780000,0x0000000023880000] [id=11360]

VM state:not at safepoint (normal execution)

VM Mutex/Monitor currently owned by a thread: None

Heap:
 PSYoungGen      total 1725952K, used 552081K [0x000000073ab00000, 0x00000007be480000, 0x00000007c0000000)
  eden space 1322496K, 41% used [0x000000073ab00000,0x000000075be244e8,0x000000078b680000)
  from space 403456K, 2% used [0x00000007a5a80000,0x00000007a6280048,0x00000007be480000)
  to   space 416768K, 0% used [0x000000078b680000,0x000000078b680000,0x00000007a4d80000)
 ParOldGen       total 1331712K, used 1041036K [0x0000000630000000, 0x0000000681480000, 0x000000073ab00000)
  object space 1331712K, 78% used [0x0000000630000000,0x000000066f8a3188,0x0000000681480000)
 Metaspace       used 203346K, capacity 209391K, committed 209536K, reserved 1226752K
  class space    used 31387K, capacity 32892K, committed 32896K, reserved 1048576K

Card table byte_map: [0x0000000012200000,0x0000000012e90000] byte_map_base: 0x000000000f080000

Marking Bits: (ParMarkBitMap*) 0x0000000077f74040
 Begin Bits: [0x0000000013af0000, 0x0000000019ef0000)
 End Bits:   [0x0000000019ef0000, 0x00000000202f0000)

Polling page: 0x0000000002800000

CodeCache: size=245760Kb used=92696Kb max_used=93852Kb free=153063Kb
 bounds [0x0000000002e40000, 0x0000000008a80000, 0x0000000011e40000]
 total_blobs=24492 nmethods=22824 adapters=1575
 compilation: enabled

Compilation events (10 events):
Event: 4136.338 Thread 0x0000000021936000 nmethod 34871 0x0000000007ea5dd0 code [0x0000000007ea5f20, 0x0000000007ea6008]
Event: 4136.338 Thread 0x0000000021936000 34873       4       net.minecraftforge.fml.common.eventhandler.ASMEventHandler_1407_ItemOffsetTool_onBlockHighlight_DrawBlockHighlightEvent::invoke (15 bytes)
Event: 4136.339 Thread 0x0000000021936000 nmethod 34873 0x0000000007ea6c90 code [0x0000000007ea6de0, 0x0000000007ea6ec8]
Event: 4136.339 Thread 0x0000000021936000 34874       4       team.chisel.common.item.ItemOffsetTool::onBlockHighlight (899 bytes)
Event: 4136.343 Thread 0x0000000021936000 nmethod 34874 0x0000000007f8b010 code [0x0000000007f8b180, 0x0000000007f8b378]
Event: 4136.345 Thread 0x0000000021933000 nmethod 34872 0x0000000007e5bf50 code [0x0000000007e5c0e0, 0x0000000007e5c498]
Event: 4147.204 Thread 0x0000000021936000 34876       4       com.nekokittygames.thaumictinkerer.client.rendering.special.TransvectorRendering::renderBlocks (473 bytes)
Event: 4147.216 Thread 0x0000000021936000 nmethod 34876 0x0000000007fb6f90 code [0x0000000007fb7160, 0x0000000007fb7718]
Event: 4150.574 Thread 0x0000000021933000 34877   !   4       sun.nio.ch.SelectorImpl::processDeregisterQueue (101 bytes)
Event: 4150.577 Thread 0x0000000021933000 nmethod 34877 0x0000000004d1ec50 code [0x0000000004d1eda0, 0x0000000004d1f038]

GC Heap History (10 events):
Event: 2965.236 GC heap before
{Heap before GC invocations=95 (full 8):
 PSYoungGen      total 1717760K, used 586289K [0x000000073ab00000, 0x00000007bf600000, 0x00000007c0000000)
  eden space 1278464K, 26% used [0x000000073ab00000,0x000000074f5cc878,0x0000000788b80000)
  from space 439296K, 56% used [0x00000007a3c00000,0x00000007b2dbfcd8,0x00000007be900000)
  to   space 442880K, 0% used [0x0000000788b80000,0x0000000788b80000,0x00000007a3c00000)
 ParOldGen       total 1331712K, used 996793K [0x0000000630000000, 0x0000000681480000, 0x000000073ab00000)
  object space 1331712K, 74% used [0x0000000630000000,0x000000066cd6e718,0x0000000681480000)
 Metaspace       used 200548K, capacity 206395K, committed 206592K, reserved 1222656K
  class space    used 31219K, capacity 32680K, committed 32768K, reserved 1048576K
Event: 2965.362 GC heap after
Heap after GC invocations=95 (full 8):
 PSYoungGen      total 1380864K, used 101993K [0x000000073ab00000, 0x00000007bd800000, 0x00000007c0000000)
  eden space 1278464K, 0% used [0x000000073ab00000,0x000000073ab00000,0x0000000788b80000)
  from space 102400K, 99% used [0x0000000788b80000,0x000000078ef1a6e0,0x000000078ef80000)
  to   space 427520K, 0% used [0x00000007a3680000,0x00000007a3680000,0x00000007bd800000)
 ParOldGen       total 1331712K, used 996801K [0x0000000630000000, 0x0000000681480000, 0x000000073ab00000)
  object space 1331712K, 74% used [0x0000000630000000,0x000000066cd70718,0x0000000681480000)
 Metaspace       used 200548K, capacity 206395K, committed 206592K, reserved 1222656K
  class space    used 31219K, capacity 32680K, committed 32768K, reserved 1048576K
}
Event: 2965.362 GC heap before
{Heap before GC invocations=96 (full 9):
 PSYoungGen      total 1380864K, used 101993K [0x000000073ab00000, 0x00000007bd800000, 0x00000007c0000000)
  eden space 1278464K, 0% used [0x000000073ab00000,0x000000073ab00000,0x0000000788b80000)
  from space 102400K, 99% used [0x0000000788b80000,0x000000078ef1a6e0,0x000000078ef80000)
  to   space 427520K, 0% used [0x00000007a3680000,0x00000007a3680000,0x00000007bd800000)
 ParOldGen       total 1331712K, used 996801K [0x0000000630000000, 0x0000000681480000, 0x000000073ab00000)
  object space 1331712K, 74% used [0x0000000630000000,0x000000066cd70718,0x0000000681480000)
 Metaspace       used 200548K, capacity 206395K, committed 206592K, reserved 1222656K
  class space    used 31219K, capacity 32680K, committed 32768K, reserved 1048576K
Event: 2969.067 GC heap after
Heap after GC invocations=96 (full 9):
 PSYoungGen      total 1380864K, used 0K [0x000000073ab00000, 0x00000007bd800000, 0x00000007c0000000)
  eden space 1278464K, 0% used [0x000000073ab00000,0x000000073ab00000,0x0000000788b80000)
  from space 102400K, 0% used [0x0000000788b80000,0x0000000788b80000,0x000000078ef80000)
  to   space 427520K, 0% used [0x00000007a3680000,0x00000007a3680000,0x00000007bd800000)
 ParOldGen       total 1331712K, used 1041012K [0x0000000630000000, 0x0000000681480000, 0x000000073ab00000)
  object space 1331712K, 78% used [0x0000000630000000,0x000000066f89d188,0x0000000681480000)
 Metaspace       used 200548K, capacity 206395K, committed 206592K, reserved 1222656K
  class space    used 31219K, capacity 32680K, committed 32768K, reserved 1048576K
}
Event: 3193.704 GC heap before
{Heap before GC invocations=97 (full 9):
 PSYoungGen      total 1380864K, used 1278464K [0x000000073ab00000, 0x00000007bd800000, 0x00000007c0000000)
  eden space 1278464K, 100% used [0x000000073ab00000,0x0000000788b80000,0x0000000788b80000)
  from space 102400K, 0% used [0x0000000788b80000,0x0000000788b80000,0x000000078ef80000)
  to   space 427520K, 0% used [0x00000007a3680000,0x00000007a3680000,0x00000007bd800000)
 ParOldGen       total 1331712K, used 1041012K [0x0000000630000000, 0x0000000681480000, 0x000000073ab00000)
  object space 1331712K, 78% used [0x0000000630000000,0x000000066f89d188,0x0000000681480000)
 Metaspace       used 203338K, capacity 209391K, committed 209536K, reserved 1226752K
  class space    used 31387K, capacity 32892K, committed 32896K, reserved 1048576K
Event: 3193.724 GC heap after
Heap after GC invocations=97 (full 9):
 PSYoungGen      total 1715200K, used 9650K [0x000000073ab00000, 0x00000007c0000000, 0x00000007c0000000)
  eden space 1287680K, 0% used [0x000000073ab00000,0x000000073ab00000,0x0000000789480000)
  from space 427520K, 2% used [0x00000007a3680000,0x00000007a3fecad0,0x00000007bd800000)
  to   space 428032K, 0% used [0x0000000789480000,0x0000000789480000,0x00000007a3680000)
 ParOldGen       total 1331712K, used 1041020K [0x0000000630000000, 0x0000000681480000, 0x000000073ab00000)
  object space 1331712K, 78% used [0x0000000630000000,0x000000066f89f188,0x0000000681480000)
 Metaspace       used 203338K, capacity 209391K, committed 209536K, reserved 1226752K
  class space    used 31387K, capacity 32892K, committed 32896K, reserved 1048576K
}
Event: 3591.403 GC heap before
{Heap before GC invocations=98 (full 9):
 PSYoungGen      total 1715200K, used 1297330K [0x000000073ab00000, 0x00000007c0000000, 0x00000007c0000000)
  eden space 1287680K, 100% used [0x000000073ab00000,0x0000000789480000,0x0000000789480000)
  from space 427520K, 2% used [0x00000007a3680000,0x00000007a3fecad0,0x00000007bd800000)
  to   space 428032K, 0% used [0x0000000789480000,0x0000000789480000,0x00000007a3680000)
 ParOldGen       total 1331712K, used 1041020K [0x0000000630000000, 0x0000000681480000, 0x000000073ab00000)
  object space 1331712K, 78% used [0x0000000630000000,0x000000066f89f188,0x0000000681480000)
 Metaspace       used 203345K, capacity 209391K, committed 209536K, reserved 1226752K
  class space    used 31387K, capacity 32892K, committed 32896K, reserved 1048576K
Event: 3591.421 GC heap after
Heap after GC invocations=98 (full 9):
 PSYoungGen      total 1715712K, used 8160K [0x000000073ab00000, 0x00000007bf880000, 0x00000007c0000000)
  eden space 1287680K, 0% used [0x000000073ab00000,0x000000073ab00000,0x0000000789480000)
  from space 428032K, 1% used [0x0000000789480000,0x0000000789c78020,0x00000007a3680000)
  to   space 423936K, 0% used [0x00000007a5a80000,0x00000007a5a80000,0x00000007bf880000)
 ParOldGen       total 1331712K, used 1041028K [0x0000000630000000, 0x0000000681480000, 0x000000073ab00000)
  object space 1331712K, 78% used [0x0000000630000000,0x000000066f8a1188,0x0000000681480000)
 Metaspace       used 203345K, capacity 209391K, committed 209536K, reserved 1226752K
  class space    used 31387K, capacity 32892K, committed 32896K, reserved 1048576K
}
Event: 3994.203 GC heap before
{Heap before GC invocations=99 (full 9):
 PSYoungGen      total 1715712K, used 1295840K [0x000000073ab00000, 0x00000007bf880000, 0x00000007c0000000)
  eden space 1287680K, 100% used [0x000000073ab00000,0x0000000789480000,0x0000000789480000)
  from space 428032K, 1% used [0x0000000789480000,0x0000000789c78020,0x00000007a3680000)
  to   space 423936K, 0% used [0x00000007a5a80000,0x00000007a5a80000,0x00000007bf880000)
 ParOldGen       total 1331712K, used 1041028K [0x0000000630000000, 0x0000000681480000, 0x000000073ab00000)
  object space 1331712K, 78% used [0x0000000630000000,0x000000066f8a1188,0x0000000681480000)
 Metaspace       used 203346K, capacity 209391K, committed 209536K, reserved 1226752K
  class space    used 31387K, capacity 32892K, committed 32896K, reserved 1048576K
Event: 3994.224 GC heap after
Heap after GC invocations=99 (full 9):
 PSYoungGen      total 1725952K, used 8192K [0x000000073ab00000, 0x00000007be480000, 0x00000007c0000000)
  eden space 1322496K, 0% used [0x000000073ab00000,0x000000073ab00000,0x000000078b680000)
  from space 403456K, 2% used [0x00000007a5a80000,0x00000007a6280048,0x00000007be480000)
  to   space 416768K, 0% used [0x000000078b680000,0x000000078b680000,0x00000007a4d80000)
 ParOldGen       total 1331712K, used 1041036K [0x0000000630000000, 0x0000000681480000, 0x000000073ab00000)
  object space 1331712K, 78% used [0x0000000630000000,0x000000066f8a3188,0x0000000681480000)
 Metaspace       used 203346K, capacity 209391K, committed 209536K, reserved 1226752K
  class space    used 31387K, capacity 32892K, committed 32896K, reserved 1048576K
}

Deoptimization events (10 events):
Event: 3269.398 Thread 0x0000000002d44800 Uncommon trap: reason=speculate_class_check action=maybe_recompile pc=0x0000000003e3574c method=io.netty.buffer.AbstractByteBuf.ensureAccessible()V @ 7
Event: 3269.398 Thread 0x0000000002d44800 Uncommon trap: reason=class_check action=maybe_recompile pc=0x0000000007a8c928 method=net.minecraft.network.PacketBuffer.writeLong(J)Lio/netty/buffer/ByteBuf; @ 5
Event: 3269.398 Thread 0x0000000002d44800 Uncommon trap: reason=speculate_class_check action=maybe_recompile pc=0x0000000003e3574c method=io.netty.buffer.AbstractByteBuf.ensureAccessible()V @ 7
Event: 3269.399 Thread 0x0000000058c9a800 Uncommon trap: reason=class_check action=maybe_recompile pc=0x0000000006c43dc4 method=io.netty.buffer.AbstractByteBuf.readLong()J @ 11
Event: 3269.399 Thread 0x0000000058c9a800 Uncommon trap: reason=class_check action=maybe_recompile pc=0x0000000006c43dc4 method=io.netty.buffer.AbstractByteBuf.readLong()J @ 11
Event: 3269.415 Thread 0x000000002926f800 Uncommon trap: reason=unstable_if action=reinterpret pc=0x0000000007d4d550 method=net.minecraft.server.integrated.IntegratedServer.func_71217_p()V @ 89
Event: 3569.404 Thread 0x0000000002d44800 Uncommon trap: reason=class_check action=maybe_recompile pc=0x0000000007a8c928 method=net.minecraft.network.PacketBuffer.writeLong(J)Lio/netty/buffer/ByteBuf; @ 5
Event: 3569.404 Thread 0x0000000002d44800 Uncommon trap: reason=class_check action=maybe_recompile pc=0x0000000007a8c928 method=net.minecraft.network.PacketBuffer.writeLong(J)Lio/netty/buffer/ByteBuf; @ 5
Event: 3569.404 Thread 0x0000000058c9a800 Uncommon trap: reason=class_check action=maybe_recompile pc=0x0000000006c43dc4 method=io.netty.buffer.AbstractByteBuf.readLong()J @ 11
Event: 3569.404 Thread 0x0000000058c9a800 Uncommon trap: reason=class_check action=maybe_recompile pc=0x0000000006c43dc4 method=io.netty.buffer.AbstractByteBuf.readLong()J @ 11

Internal exceptions (10 events):
Event: 4159.303 Thread 0x0000000028dd4800 Exception <a 'java/lang/InterruptedException': sleep interrupted> (0x0000000753e8e458) thrown at [C:\re\workspace\8-2-build-windows-amd64-cygwin\jdk8u51\3951\hotspot\src\share\vm\prims\jvm.cpp, line 3211]
Event: 4159.403 Thread 0x0000000028dd4800 Exception <a 'java/lang/InterruptedException': sleep interrupted> (0x0000000753e8e658) thrown at [C:\re\workspace\8-2-build-windows-amd64-cygwin\jdk8u51\3951\hotspot\src\share\vm\prims\jvm.cpp, line 3211]
Event: 4159.503 Thread 0x0000000028dd4800 Exception <a 'java/lang/InterruptedException': sleep interrupted> (0x0000000753e8e858) thrown at [C:\re\workspace\8-2-build-windows-amd64-cygwin\jdk8u51\3951\hotspot\src\share\vm\prims\jvm.cpp, line 3211]
Event: 4159.603 Thread 0x0000000028dd4800 Exception <a 'java/lang/InterruptedException': sleep interrupted> (0x0000000753e8ea58) thrown at [C:\re\workspace\8-2-build-windows-amd64-cygwin\jdk8u51\3951\hotspot\src\share\vm\prims\jvm.cpp, line 3211]
Event: 4159.703 Thread 0x0000000028dd4800 Exception <a 'java/lang/InterruptedException': sleep interrupted> (0x0000000753e8ec58) thrown at [C:\re\workspace\8-2-build-windows-amd64-cygwin\jdk8u51\3951\hotspot\src\share\vm\prims\jvm.cpp, line 3211]
Event: 4159.803 Thread 0x0000000028dd4800 Exception <a 'java/lang/InterruptedException': sleep interrupted> (0x0000000753e8ee58) thrown at [C:\re\workspace\8-2-build-windows-amd64-cygwin\jdk8u51\3951\hotspot\src\share\vm\prims\jvm.cpp, line 3211]
Event: 4159.903 Thread 0x0000000028dd4800 Exception <a 'java/lang/InterruptedException': sleep interrupted> (0x0000000753e8f058) thrown at [C:\re\workspace\8-2-build-windows-amd64-cygwin\jdk8u51\3951\hotspot\src\share\vm\prims\jvm.cpp, line 3211]
Event: 4160.003 Thread 0x0000000028dd4800 Exception <a 'java/lang/InterruptedException': sleep interrupted> (0x0000000753e8f258) thrown at [C:\re\workspace\8-2-build-windows-amd64-cygwin\jdk8u51\3951\hotspot\src\share\vm\prims\jvm.cpp, line 3211]
Event: 4160.096 Thread 0x0000000028dd4800 Exception <a 'java/lang/InterruptedException': sleep interrupted> (0x0000000753e8f458) thrown at [C:\re\workspace\8-2-build-windows-amd64-cygwin\jdk8u51\3951\hotspot\src\share\vm\prims\jvm.cpp, line 3211]
Event: 4160.104 Thread 0x0000000028dd4800 Exception <a 'java/lang/InterruptedException': sleep interrupted> (0x0000000753e8f658) thrown at [C:\re\workspace\8-2-build-windows-amd64-cygwin\jdk8u51\3951\hotspot\src\share\vm\prims\jvm.cpp, line 3211]

Events (10 events):
Event: 3726.712 Thread 0x0000000021936000 flushing nmethod 0x0000000007e99910
Event: 3726.712 Thread 0x0000000021936000 flushing nmethod 0x0000000007e99f10
Event: 3726.712 Thread 0x0000000021936000 flushing nmethod 0x0000000007e9b3d0
Event: 3726.712 Thread 0x0000000021936000 flushing nmethod 0x0000000007ecc290
Event: 3726.712 Thread 0x0000000021936000 flushing nmethod 0x0000000007f999d0
Event: 3726.713 Thread 0x0000000021936000 flushing nmethod 0x0000000008202450
Event: 3726.713 Thread 0x0000000021936000 flushing nmethod 0x0000000008389c50
Event: 3726.713 Thread 0x0000000021936000 flushing nmethod 0x00000000084be7d0
Event: 3994.202 Executing VM operation: ParallelGCFailedAllocation
Event: 3994.224 Executing VM operation: ParallelGCFailedAllocation done


Dynamic libraries:
0x00007ff72c430000 - 0x00007ff72c467000 	C:\Users\w1zz\Twitch\Minecraft\Install\runtime\jre-x64\bin\javaw.exe
0x00007fff7e720000 - 0x00007fff7e910000 	C:\Windows\SYSTEM32\ntdll.dll
0x00007fff7e0d0000 - 0x00007fff7e182000 	C:\Windows\System32\KERNEL32.DLL
0x00007fff7bbf0000 - 0x00007fff7be94000 	C:\Windows\System32\KERNELBASE.dll
0x00007fff7cdf0000 - 0x00007fff7ce93000 	C:\Windows\System32\ADVAPI32.dll
0x00007fff7cd50000 - 0x00007fff7cdee000 	C:\Windows\System32\msvcrt.dll
0x00007fff7da20000 - 0x00007fff7dab7000 	C:\Windows\System32\sechost.dll
0x00007fff7dc70000 - 0x00007fff7dd90000 	C:\Windows\System32\RPCRT4.dll
0x00007fff7de60000 - 0x00007fff7dff5000 	C:\Windows\System32\USER32.dll
0x00007fff7b770000 - 0x00007fff7b791000 	C:\Windows\System32\win32u.dll
0x00007fff7e2d0000 - 0x00007fff7e2f6000 	C:\Windows\System32\GDI32.dll
0x00007fff7b8f0000 - 0x00007fff7ba86000 	C:\Windows\System32\gdi32full.dll
0x00007fff7bef0000 - 0x00007fff7bf8e000 	C:\Windows\System32\msvcp_win.dll
0x00007fff7baf0000 - 0x00007fff7bbea000 	C:\Windows\System32\ucrtbase.dll
0x00007fff699f0000 - 0x00007fff69c74000 	C:\Windows\WinSxS\amd64_microsoft.windows.common-controls_6595b64144ccf1df_6.0.18362.1016_none_9e7a36bbe461dae4\COMCTL32.dll
0x00007fff7d6e0000 - 0x00007fff7da15000 	C:\Windows\System32\combase.dll
0x00007fff7bf90000 - 0x00007fff7c010000 	C:\Windows\System32\bcryptPrimitives.dll
0x00007fff7e390000 - 0x00007fff7e3be000 	C:\Windows\System32\IMM32.DLL
0x0000000050770000 - 0x0000000050842000 	C:\Users\w1zz\Twitch\Minecraft\Install\runtime\jre-x64\bin\msvcr100.dll
0x0000000077770000 - 0x0000000077ff3000 	C:\Users\w1zz\Twitch\Minecraft\Install\runtime\jre-x64\bin\server\jvm.dll
0x00007fff7e320000 - 0x00007fff7e328000 	C:\Windows\System32\PSAPI.DLL
0x00007fff77e30000 - 0x00007fff77e39000 	C:\Windows\SYSTEM32\WSOCK32.dll
0x00007fff7e670000 - 0x00007fff7e6df000 	C:\Windows\System32\WS2_32.dll
0x00007fff79290000 - 0x00007fff792b4000 	C:\Windows\SYSTEM32\WINMM.dll
0x00007fff6e230000 - 0x00007fff6e23a000 	C:\Windows\SYSTEM32\VERSION.dll
0x00007fff79180000 - 0x00007fff791ad000 	C:\Windows\SYSTEM32\WINMMBASE.dll
0x00007fff7bea0000 - 0x00007fff7beea000 	C:\Windows\System32\cfgmgr32.dll
0x0000000050760000 - 0x000000005076f000 	C:\Users\w1zz\Twitch\Minecraft\Install\runtime\jre-x64\bin\verify.dll
0x0000000050730000 - 0x0000000050759000 	C:\Users\w1zz\Twitch\Minecraft\Install\runtime\jre-x64\bin\java.dll
0x0000000050710000 - 0x0000000050726000 	C:\Users\w1zz\Twitch\Minecraft\Install\runtime\jre-x64\bin\zip.dll
0x00007fff7cf20000 - 0x00007fff7d607000 	C:\Windows\System32\SHELL32.dll
0x00007fff7e000000 - 0x00007fff7e0a9000 	C:\Windows\System32\shcore.dll
0x00007fff7c040000 - 0x00007fff7c7c2000 	C:\Windows\System32\windows.storage.dll
0x00007fff7b670000 - 0x00007fff7b693000 	C:\Windows\System32\profapi.dll
0x00007fff7b600000 - 0x00007fff7b64a000 	C:\Windows\System32\powrprof.dll
0x00007fff7b5d0000 - 0x00007fff7b5e0000 	C:\Windows\System32\UMPDC.dll
0x00007fff7c7d0000 - 0x00007fff7c822000 	C:\Windows\System32\shlwapi.dll
0x00007fff7b650000 - 0x00007fff7b661000 	C:\Windows\System32\kernel.appcore.dll
0x00007fff7b6a0000 - 0x00007fff7b6b7000 	C:\Windows\System32\cryptsp.dll
0x0000000050700000 - 0x000000005070d000 	C:\Users\w1zz\Twitch\Minecraft\Install\runtime\jre-x64\bin\management.dll
0x00000000506e0000 - 0x00000000506fa000 	C:\Users\w1zz\Twitch\Minecraft\Install\runtime\jre-x64\bin\net.dll
0x00007fff7add0000 - 0x00007fff7ae37000 	C:\Windows\system32\mswsock.dll
0x00007fff77e40000 - 0x00007fff77e56000 	C:\Windows\system32\napinsp.dll
0x00007fff74890000 - 0x00007fff748aa000 	C:\Windows\system32\pnrpnsp.dll
0x00007fff7ab20000 - 0x00007fff7abeb000 	C:\Windows\SYSTEM32\DNSAPI.dll
0x00007fff7e0b0000 - 0x00007fff7e0b8000 	C:\Windows\System32\NSI.dll
0x00007fff7aae0000 - 0x00007fff7ab1a000 	C:\Windows\SYSTEM32\IPHLPAPI.DLL
0x00007fff751a0000 - 0x00007fff751ae000 	C:\Windows\System32\winrnr.dll
0x00007fff77df0000 - 0x00007fff77e0c000 	C:\Windows\system32\NLAapi.dll
0x00007fff5b030000 - 0x00007fff5b045000 	C:\Windows\system32\wshbth.dll
0x00007fff73110000 - 0x00007fff7311a000 	C:\Windows\System32\rasadhlp.dll
0x00007fff734a0000 - 0x00007fff73517000 	C:\Windows\System32\fwpuclnt.dll
0x00007fff7c010000 - 0x00007fff7c036000 	C:\Windows\System32\bcrypt.dll
0x00000000506c0000 - 0x00000000506d1000 	C:\Users\w1zz\Twitch\Minecraft\Install\runtime\jre-x64\bin\nio.dll
0x0000000050690000 - 0x00000000506b4000 	C:\Users\w1zz\Twitch\Minecraft\Install\runtime\jre-x64\bin\sunec.dll
0x0000000050670000 - 0x0000000050687000 	C:\Users\w1zz\Twitch\Minecraft\Install\runtime\jre-x64\bin\unpack.dll
0x0000000180000000 - 0x0000000180053000 	C:\Users\w1zz\Twitch\Minecraft\Install\bin\521b-b8d3-177f-cec1\lwjgl64.dll
0x00007fff63600000 - 0x00007fff63756000 	C:\Windows\SYSTEM32\OPENGL32.dll
0x00007fff67fe0000 - 0x00007fff6800c000 	C:\Windows\SYSTEM32\GLU32.dll
0x00007fff7a230000 - 0x00007fff7a250000 	C:\Windows\SYSTEM32\dxcore.dll
0x00007fff7a940000 - 0x00007fff7a973000 	C:\Windows\system32\rsaenh.dll
0x00007fff7b4f0000 - 0x00007fff7b515000 	C:\Windows\SYSTEM32\USERENV.dll
0x00007fff7afa0000 - 0x00007fff7afac000 	C:\Windows\SYSTEM32\CRYPTBASE.dll
0x00007fff73d90000 - 0x00007fff73da6000 	C:\Windows\SYSTEM32\dhcpcsvc6.DLL
0x00007fff73cf0000 - 0x00007fff73d0c000 	C:\Windows\SYSTEM32\dhcpcsvc.DLL
0x00000000504d0000 - 0x0000000050668000 	C:\Users\w1zz\Twitch\Minecraft\Install\runtime\jre-x64\bin\awt.dll
0x00007fff7e520000 - 0x00007fff7e5e5000 	C:\Windows\System32\OLEAUT32.dll
0x00007fff79830000 - 0x00007fff798bf000 	C:\Windows\SYSTEM32\apphelp.dll
0x00007fff76d80000 - 0x00007fff76e2e000 	C:\Windows\SYSTEM32\mscms.dll
0x00007fff76ce0000 - 0x00007fff76cf7000 	C:\Windows\SYSTEM32\ColorAdapterClient.dll
0x00007fff7c830000 - 0x00007fff7c8d2000 	C:\Windows\System32\clbcatq.dll
0x00007fff75ca0000 - 0x00007fff75cba000 	C:\Windows\System32\Windows.Internal.Graphics.Display.DisplayColorManagement.dll
0x00007fff79930000 - 0x00007fff799c9000 	C:\Windows\system32\uxtheme.dll
0x00007fff7e190000 - 0x00007fff7e2c5000 	C:\Windows\System32\MSCTF.dll
0x0000000074880000 - 0x0000000076f40000 	C:\Windows\System32\DriverStore\FileRepository\nvtd.inf_amd64_11de46d84d38e7e9\nvoglv64.dll
0x00007fff7c8e0000 - 0x00007fff7cd50000 	C:\Windows\System32\SETUPAPI.dll
0x00007fff7e3c0000 - 0x00007fff7e517000 	C:\Windows\System32\ole32.dll
0x00007fff780c0000 - 0x00007fff780d3000 	C:\Windows\SYSTEM32\WTSAPI32.dll
0x00007fff7b370000 - 0x00007fff7b39a000 	C:\Windows\SYSTEM32\DEVOBJ.dll
0x00007fff7ba90000 - 0x00007fff7baec000 	C:\Windows\System32\WINTRUST.dll
0x00007fff7b5e0000 - 0x00007fff7b5f2000 	C:\Windows\System32\MSASN1.dll
0x00007fff7b7a0000 - 0x00007fff7b8e9000 	C:\Windows\System32\CRYPT32.dll
0x00007fff7a620000 - 0x00007fff7a651000 	C:\Windows\SYSTEM32\ntmarta.dll
0x00007fff79d60000 - 0x00007fff79d8d000 	C:\Windows\system32\dwmapi.dll
0x00007fff74a90000 - 0x00007fff74ad3000 	C:\Windows\SYSTEM32\icm32.dll
0x00007fff7b3c0000 - 0x00007fff7b416000 	C:\Windows\SYSTEM32\WINSTA.dll
0x00007fff7a2c0000 - 0x00007fff7a3ab000 	C:\Windows\system32\dxgi.dll
0x00007fff5fc10000 - 0x00007fff5fcfe000 	C:\Windows\System32\DriverStore\FileRepository\nvtd.inf_amd64_11de46d84d38e7e9\nvldumdx.dll
0x00007fff7e300000 - 0x00007fff7e31d000 	C:\Windows\System32\imagehlp.dll
0x00007fff405d0000 - 0x00007fff42a86000 	C:\Windows\System32\DriverStore\FileRepository\nvtd.inf_amd64_11de46d84d38e7e9\nvwgf2umx.dll
0x00007fff71d10000 - 0x00007fff72213000 	C:\Windows\system32\nvapi64.dll
0x00007fff7b0a0000 - 0x00007fff7b0c6000 	C:\Windows\SYSTEM32\ncrypt.dll
0x00007fff7b060000 - 0x00007fff7b09b000 	C:\Windows\SYSTEM32\NTASN1.dll
0x00007fff748e0000 - 0x00007fff74922000 	C:\Users\w1zz\AppData\Local\Temp\jna-3596122\jna3346906772964061852.dll
0x0000000050490000 - 0x00000000504c1000 	C:\Users\w1zz\Twitch\Minecraft\Install\runtime\jre-x64\bin\jpeg.dll
0x0000000028350000 - 0x00000000283b4000 	C:\Users\w1zz\Twitch\Minecraft\Install\bin\521b-b8d3-177f-cec1\OpenAL64.dll
0x00007fff73d10000 - 0x00007fff73d82000 	C:\Windows\System32\MMDevApi.dll
0x00007fff63190000 - 0x00007fff63229000 	C:\Windows\SYSTEM32\dsound.dll
0x00007fff73db0000 - 0x00007fff73f0d000 	C:\Windows\SYSTEM32\AUDIOSES.DLL
0x00007fff77820000 - 0x00007fff77973000 	C:\Windows\SYSTEM32\wintypes.dll
0x00007fff79c70000 - 0x00007fff79c84000 	C:\Windows\SYSTEM32\resourcepolicyclient.dll
0x00007fff74270000 - 0x00007fff7430e000 	C:\Windows\System32\TextInputFramework.dll
0x00007fff77360000 - 0x00007fff7768a000 	C:\Windows\System32\CoreUIComponents.dll
0x00007fff791b0000 - 0x00007fff79284000 	C:\Windows\System32\CoreMessaging.dll
0x00007fff710a0000 - 0x00007fff71346000 	C:\Windows\System32\iertutil.dll
0x00007fff708e0000 - 0x00007fff70a2a000 	C:\Windows\system32\IME\IMETC\IMTCTIP.DLL
0x00007fff77f70000 - 0x00007fff78060000 	C:\Windows\SYSTEM32\PROPSYS.dll
0x00007fff63e70000 - 0x00007fff64023000 	C:\Windows\SYSTEM32\DUI70.dll
0x00007fff751f0000 - 0x00007fff75276000 	C:\Windows\SYSTEM32\policymanager.dll
0x00007fff780f0000 - 0x00007fff7817a000 	C:\Windows\SYSTEM32\msvcp110_win.dll
0x00007fff63d30000 - 0x00007fff63e69000 	C:\Windows\System32\IME\shared\imetip.dll
0x00007fff75090000 - 0x00007fff750f5000 	C:\Windows\SYSTEM32\OLEACC.dll
0x00007fff71390000 - 0x00007fff713dd000 	C:\Windows\system32\IME\IMETC\IMTCCFG.DLL
0x00007fff6f390000 - 0x00007fff6f4a8000 	C:\Windows\system32\IME\IMETC\IMTCCORE.DLL
0x00007fff708a0000 - 0x00007fff708d8000 	C:\Windows\System32\IME\shared\imecfm.dll
0x00007fff79e70000 - 0x00007fff79f4c000 	C:\Windows\SYSTEM32\wer.dll
0x00007fff63b70000 - 0x00007fff63d27000 	C:\Windows\System32\IME\shared\mscand20.dll
0x00007fff79820000 - 0x00007fff79827000 	C:\Windows\SYSTEM32\MSIMG32.dll
0x00007fff703b0000 - 0x00007fff70443000 	C:\Windows\SYSTEM32\DUser.dll
0x00007fff5dac0000 - 0x00007fff5dd30000 	C:\Windows\SYSTEM32\UIAutomationCore.DLL
0x00007fff751b0000 - 0x00007fff751ca000 	C:\Users\w1zz\Twitch\Minecraft\Install\bin\521b-b8d3-177f-cec1\SAPIWrapper_x64.dll
0x00007fff697f0000 - 0x00007fff699e4000 	C:\Windows\SYSTEM32\dbghelp.dll

VM Arguments:
jvm_args: -Dos.name=Windows 10 -Dos.version=10.0 -XX:HeapDumpPath=MojangTricksIntelDriversForPerformance_javaw.exe_minecraft.exe.heapdump -Djava.library.path=C:\Users\w1zz\Twitch\Minecraft\Install\bin\521b-b8d3-177f-cec1 -Dminecraft.launcher.brand=minecraft-launcher -Dminecraft.launcher.version=2.1.17315 -Dminecraft.client.jar=C:\Users\w1zz\Twitch\Minecraft\Install\versions\1.12.2\1.12.2.jar -Xmx6400m -Xms256m -XX:PermSize=256m -Dminecraft.applet.TargetDirectory=C:\Users\w1zz\Twitch\Minecraft\Instances\AE2 Expert Skyblock (2) -Dfml.ignorePatchDiscrepancies=true -Dfml.ignoreInvalidMinecraftCertificates=true -Duser.language=en -Duser.country=US -Dlog4j.configurationFile=C:\Users\w1zz\Twitch\Minecraft\Install\assets\log_configs\client-1.12.xml 
java_command: net.minecraft.launchwrapper.Launch --username 77dancer --version forge-14.23.5.2854 --gameDir C:\Users\w1zz\Twitch\Minecraft\Instances\AE2 Expert Skyblock (2) --assetsDir C:\Users\w1zz\Twitch\Minecraft\Install\assets --assetIndex 1.12 --uuid f1856b55e6244b25a0ea5219e89ca945 --accessToken eyJhbGciOiJIUzI1NiJ9.eyJzdWIiOiJhNGU5YmU3NzdlMmRiOTY1M2MyOTA3YjI4OTk2NDNlNCIsInlnZ3QiOiIzNjhhNTYzYjU5MzQ0YWY5OTE0ZTY4NjIxMjJhMWI5YiIsInNwciI6ImYxODU2YjU1ZTYyNDRiMjVhMGVhNTIxOWU4OWNhOTQ1IiwiaXNzIjoiWWdnZHJhc2lsLUF1dGgiLCJleHAiOjE1OTg4MDU5MzEsImlhdCI6MTU5ODYzMzEzMX0.ReKRzBUQzsDyOqHrK36hpmgCFvKuzu_-0_g6T5UrTRc --userType mojang --tweakClass net.minecraftforge.fml.common.launcher.FMLTweaker --versionType Forge --width 1024 --height 768
java_class_path (initial): C:\Users\w1zz\Twitch\Minecraft\Install\libraries\net\minecraftforge\forge\1.12.2-14.23.5.2854\forge-1.12.2-14.23.5.2854.jar;C:\Users\w1zz\Twitch\Minecraft\Install\libraries\org\ow2\asm\asm-debug-all\5.2\asm-debug-all-5.2.jar;C:\Users\w1zz\Twitch\Minecraft\Install\libraries\net\minecraft\launchwrapper\1.12\launchwrapper-1.12.jar;C:\Users\w1zz\Twitch\Minecraft\Install\libraries\org\jline\jline\3.5.1\jline-3.5.1.jar;C:\Users\w1zz\Twitch\Minecraft\Install\libraries\com\typesafe\akka\akka-actor_2.11\2.3.3\akka-actor_2.11-2.3.3.jar;C:\Users\w1zz\Twitch\Minecraft\Install\libraries\com\typesafe\config\1.2.1\config-1.2.1.jar;C:\Users\w1zz\Twitch\Minecraft\Install\libraries\org\scala-lang\scala-actors-migration_2.11\1.1.0\scala-actors-migration_2.11-1.1.0.jar;C:\Users\w1zz\Twitch\Minecraft\Install\libraries\org\scala-lang\scala-compiler\2.11.1\scala-compiler-2.11.1.jar;C:\Users\w1zz\Twitch\Minecraft\Install\libraries\org\scala-lang\plugins\scala-continuations-library_2.11\1.0.2_mc\scala-continuations-library_2.11-1.0.2_mc.jar;C:\Users\w1zz\Twitch\Minecraft\Install\libraries\org\scala-lang\plugins\scala-continuations-plugin_2.11.1\1.0.2_mc\scala-continuations-plugin_2.11.1-1.0.2_mc.jar;C:\Users\w1zz\Twitch\Minecraft\Install\libraries\org\scala-lang\scala-library\2.11.1\scala-library-2.11.1.jar;C:\Users\w1zz\Twitch\Minecraft\Install\libraries\org\scala-lang\scala-parser-combinators_2.11\1.0.1\scala-parser-combinators_2.11-1.0.1.jar;C:\Users\w1zz\Twitch\Minecraft\Install\libraries\org\scala-lang\scala-reflect\2.11.1\scala-reflect-2.11.1.jar;C:\Users\w1zz\Twitch\Minecraft\Install\libraries\org\scala-lang\scala-swing_2.11\1.0.1\scala-swing_2.11-1.0.1.jar;C:\Users\w1zz\Twitch\Minecraft\Install\libraries\org\scala-lang\scala-xml_2.11\1.0.2\scala-xml_2.11-1.0.2.jar;C:\Users\w1zz\Twitch\Minecraft\Install\libraries\lzma\lzma\0.0.1\lzma-0.0.1.jar;C:\Users\w1zz\Twitch\Minecraft\Install\libraries\java3d\vecmath\1.5.2\vecmath-1.5.2.jar;C:\Users\w1zz\Twitch\Mine
Launcher Type: SUN_STANDARD

Environment Variables:
PATH=C:\Program Files (x86)\Common Files\Oracle\Java\javapath;C:\Windows\system32;C:\Windows;C:\Windows\System32\Wbem;C:\Windows\System32\WindowsPowerShell\v1.0\;C:\Windows\System32\OpenSSH\;C:\xampp\php;C:\ProgramData\ComposerSetup\bin;C:\Users\w1zz\AppData\Local\Microsoft\WindowsApps;C:\Users\w1zz\AppData\Roaming\Composer\vendor\bin;C:\Users\w1zz\AppData\Local\GitHubDesktop\bin
USERNAME=w1zz
OS=Windows_NT
PROCESSOR_IDENTIFIER=Intel64 Family 6 Model 58 Stepping 9, GenuineIntel



---------------  S Y S T E M  ---------------

OS: Windows 10.0 , 64 bit Build 18362 (10.0.18362.959)

CPU:total 4 (2 cores per cpu, 2 threads per core) family 6 model 58 stepping 9, cmov, cx8, fxsr, mmx, sse, sse2, sse3, ssse3, sse4.1, sse4.2, popcnt, avx, aes, clmul, erms, ht, tsc, tscinvbit, tscinv

Memory: 4k page, physical 16638108k(7924304k free), swap 19652764k(8400140k free)

vm_info: Java HotSpot(TM) 64-Bit Server VM (25.51-b03) for windows-amd64 JRE (1.8.0_51-b16), built on Jun  8 2015 18:03:07 by "java_re" with MS VC++ 10.0 (VS2010)

time: Sat Aug 29 14:35:26 2020
elapsed time: 4160 seconds (0d 1h 9m 20s)

