#
# A fatal error has been detected by the Java Runtime Environment:
#
#  EXCEPTION_ACCESS_VIOLATION (0xc0000005) at pc=0x0000000062b09182, pid=10260, tid=6188
#
# JRE version: Java(TM) SE Runtime Environment (8.0_51-b16) (build 1.8.0_51-b16)
# Java VM: Java HotSpot(TM) 64-Bit Server VM (25.51-b03 mixed mode windows-amd64 compressed oops)
# Problematic frame:
# C  [nvoglv64.dll+0xaf9182]
#
# Failed to write core dump. Minidumps are not enabled by default on client versions of Windows
#
# If you would like to submit a bug report, please visit:
#   http://bugreport.java.com/bugreport/crash.jsp
# The crash happened outside the Java Virtual Machine in native code.
# See problematic frame for where to report the bug.
#

---------------  T H R E A D  ---------------

Current thread (0x0000000002e54800):  JavaThread "Client thread" [_thread_in_native, id=6188, stack(0x00000000029f0000,0x0000000002af0000)]

siginfo: ExceptionCode=0xc0000005, reading address 0x0000000039f220b0

Registers:
RAX=0x0000000000000001, RBX=0x0000000001024fd8, RCX=0x0000000039ddb040, RDX=0x0000000062010000
RSP=0x0000000002aeb0b0, RBP=0x000000003104a040, RSI=0x000000003128e9c0, RDI=0x000000002c3cd240
R8 =0x0000000031296ad0, R9 =0x0000000000000002, R10=0x0000000000000000, R11=0x00000000010247b0
R12=0x00000000010247b0, R13=0x000000003128e900, R14=0x0000000000000002, R15=0x0000000031296ad0
RIP=0x0000000062b09182, EFLAGS=0x0000000000010202

Top of Stack: (sp=0x0000000002aeb0b0)
0x0000000002aeb0b0:   0000000001024fd8 000000003104a040
0x0000000002aeb0c0:   000000003128e9c0 000000003104a040
0x0000000002aeb0d0:   0000000000000000 00000000010247b0
0x0000000002aeb0e0:   00000000000f1160 0000000000fe7430
0x0000000002aeb0f0:   0000000002aeb388 000000003128e9c0
0x0000000002aeb100:   0000000031296ad0 0000000000000000
0x0000000002aeb110:   000000003104a040 000000003104a040
0x0000000002aeb120:   0000000002aeb230 0000000062b086ac
0x0000000002aeb130:   0000000000000000 0000000000000000
0x0000000002aeb140:   000000002c3cd240 00000dd78eb37700
0x0000000002aeb150:   0000000002aeb600 0000000002aeb680
0x0000000002aeb160:   00000000570909e0 0000000000000001
0x0000000002aeb170:   0000000000000000 0000000002aeb2a0
0x0000000002aeb180:   0000000002aeb400 00007ff9fe2ed9f7
0x0000000002aeb190:   000000002af437a0 800060112af4cea8
0x0000000002aeb1a0:   0000000002aeb2a0 0000000000000000 

Instructions: (pc=0x0000000062b09182)
0x0000000062b09162:   8b cd e8 87 d7 ff ff 84 c0 0f 84 c8 04 00 00 48
0x0000000062b09172:   8b 8e f8 16 00 00 48 3b cd 74 1d 48 85 c9 74 11
0x0000000062b09182:   48 8b 89 70 70 14 00 48 85 c9 74 05 e8 4d dd ff
0x0000000062b09192:   ff 48 89 ae f8 16 00 00 8b 84 24 88 00 00 00 33 


Register to memory mapping:

RAX=0x0000000000000001 is an unknown value
RBX=0x0000000001024fd8 is an unknown value
RCX=0x0000000039ddb040 is pointing into the stack for thread: 0x000000002b3a1800
RDX=0x0000000062010000 is an unknown value
RSP=0x0000000002aeb0b0 is pointing into the stack for thread: 0x0000000002e54800
RBP=0x000000003104a040 is an unknown value
RSI=0x000000003128e9c0 is an unknown value
RDI=0x000000002c3cd240 is an unknown value
R8 =0x0000000031296ad0 is an unknown value
R9 =0x0000000000000002 is an unknown value
R10=0x0000000000000000 is an unknown value
R11=0x00000000010247b0 is an unknown value
R12=0x00000000010247b0 is an unknown value
R13=0x000000003128e900 is an unknown value
R14=0x0000000000000002 is an unknown value
R15=0x0000000031296ad0 is an unknown value


Stack: [0x00000000029f0000,0x0000000002af0000],  sp=0x0000000002aeb0b0,  free space=1004k
Native frames: (J=compiled Java code, j=interpreted, Vv=VM code, C=native code)
C  [nvoglv64.dll+0xaf9182]
C  [nvoglv64.dll+0xaf86ac]
C  [nvoglv64.dll+0xad9f6b]
C  [nvoglv64.dll+0xafa503]
C  [nvoglv64.dll+0xbe960d]
C  [nvoglv64.dll+0xbf4e4f]
C  [nvoglv64.dll+0xc09b83]
C  [nvoglv64.dll+0xa9e30e]
C  [nvoglv64.dll+0xbcb6f2]
C  [nvoglv64.dll+0xbab50d]
C  [nvoglv64.dll+0xbaadd7]
C  [nvoglv64.dll+0xaaefb6]
C  [nvoglv64.dll+0xaaf125]
C  [nvoglv64.dll+0xaaef0e]
C  [nvoglv64.dll+0xaaea06]
C  [nvoglv64.dll+0xa982dc]
C  [OPENGL32.dll+0x4516b]
C  [gdi32full.dll+0x75c7e]
C  0x00000000034a6d14

Java frames: (J=compiled Java code, j=interpreted, Vv=VM code)
J 5523  org.lwjgl.opengl.WindowsContextImplementation.nSwapBuffers(Ljava/nio/ByteBuffer;)V (0 bytes) @ 0x00000000034a6c92 [0x00000000034a6c40+0x52]
J 14113 C2 org.lwjgl.opengl.Display.update(Z)V (154 bytes) @ 0x0000000003413614 [0x00000000034133c0+0x254]
J 34814 C2 net.minecraft.client.Minecraft.func_71411_J()V (948 bytes) @ 0x0000000008f82614 [0x0000000008f81220+0x13f4]
j  net.minecraft.client.Minecraft.func_99999_d()V+61
j  net.minecraft.client.main.Main.main([Ljava/lang/String;)V+1094
v  ~StubRoutines::call_stub
j  sun.reflect.NativeMethodAccessorImpl.invoke0(Ljava/lang/reflect/Method;Ljava/lang/Object;[Ljava/lang/Object;)Ljava/lang/Object;+0
j  sun.reflect.NativeMethodAccessorImpl.invoke(Ljava/lang/Object;[Ljava/lang/Object;)Ljava/lang/Object;+100
j  sun.reflect.DelegatingMethodAccessorImpl.invoke(Ljava/lang/Object;[Ljava/lang/Object;)Ljava/lang/Object;+6
j  java.lang.reflect.Method.invoke(Ljava/lang/Object;[Ljava/lang/Object;)Ljava/lang/Object;+56
j  net.minecraft.launchwrapper.Launch.launch([Ljava/lang/String;)V+661
j  net.minecraft.launchwrapper.Launch.main([Ljava/lang/String;)V+8
v  ~StubRoutines::call_stub

---------------  P R O C E S S  ---------------

Java Threads: ( => current thread )
  0x000000005dbf8000 JavaThread "Narrator" daemon [_thread_blocked, id=7852, stack(0x0000000000820000,0x0000000000920000)]
  0x000000005dbf9000 JavaThread "Chunk Batcher 3" daemon [_thread_blocked, id=3260, stack(0x0000000078160000,0x0000000078260000)]
  0x000000005dbfa800 JavaThread "Chunk Batcher 2" daemon [_thread_blocked, id=10512, stack(0x0000000075b60000,0x0000000075c60000)]
  0x000000005dbf9800 JavaThread "Chunk Batcher 1" daemon [_thread_blocked, id=9864, stack(0x0000000075a60000,0x0000000075b60000)]
  0x000000003c5df000 JavaThread "Chunk Batcher 0" daemon [_thread_blocked, id=4688, stack(0x0000000075010000,0x0000000075110000)]
  0x000000002b3a7800 JavaThread "Netty Server IO #1" daemon [_thread_in_native, id=1596, stack(0x0000000074f10000,0x0000000075010000)]
  0x000000002b3aa000 JavaThread "Netty Local Client IO #0" daemon [_thread_blocked, id=10848, stack(0x0000000074810000,0x0000000074910000)]
  0x000000002b39e800 JavaThread "Netty Server IO #0" daemon [_thread_in_native, id=8644, stack(0x0000000073950000,0x0000000073a50000)]
  0x000000002b3a7000 JavaThread "ic2-poolthread-4" daemon [_thread_blocked, id=10228, stack(0x0000000074e10000,0x0000000074f10000)]
  0x000000002b3a9000 JavaThread "ic2-poolthread-3" daemon [_thread_blocked, id=9264, stack(0x0000000074d10000,0x0000000074e10000)]
  0x000000002b3a5800 JavaThread "ic2-poolthread-2" daemon [_thread_blocked, id=11212, stack(0x0000000074a10000,0x0000000074b10000)]
  0x000000002b39f800 JavaThread "Thread-34" [_thread_blocked, id=6252, stack(0x0000000074910000,0x0000000074a10000)]
  0x000000002b3a4800 JavaThread "Thread-31" [_thread_blocked, id=6376, stack(0x0000000074360000,0x0000000074460000)]
  0x000000002b39c800 JavaThread "Thread-28" [_thread_blocked, id=1528, stack(0x000000005e860000,0x000000005e960000)]
  0x000000002b3a1800 JavaThread "pool-7-thread-1" [_thread_blocked, id=1868, stack(0x0000000039dd0000,0x0000000039ed0000)]
  0x000000002b3a1000 JavaThread "Server thread" [_thread_blocked, id=8964, stack(0x0000000039a80000,0x0000000039b80000)]
  0x000000002bc2a000 JavaThread "Snooper Timer" daemon [_thread_blocked, id=11008, stack(0x0000000039980000,0x0000000039a80000)]
  0x000000003c5e3000 JavaThread "Narrator" daemon [_thread_blocked, id=11208, stack(0x0000000039480000,0x0000000039580000)]
  0x0000000022ef2000 JavaThread "PR RoutingThread #3" daemon [_thread_blocked, id=9384, stack(0x0000000073850000,0x0000000073950000)]
  0x0000000022ef9000 JavaThread "PR RoutingThread #2" daemon [_thread_blocked, id=1668, stack(0x0000000061de0000,0x0000000061ee0000)]
  0x000000002bc34000 JavaThread "PR RoutingThread #1" daemon [_thread_blocked, id=9628, stack(0x0000000061ce0000,0x0000000061de0000)]
  0x000000002bc33000 JavaThread "PR RoutingThread #0" daemon [_thread_blocked, id=7752, stack(0x000000005d570000,0x000000005d670000)]
  0x000000002bc2f800 JavaThread "ic2-poolthread-1" daemon [_thread_blocked, id=6460, stack(0x0000000059880000,0x0000000059980000)]
  0x000000002bc32800 JavaThread "Ender IO Scheduler" [_thread_blocked, id=11388, stack(0x000000003c850000,0x000000003c950000)]
  0x000000002bc27000 JavaThread "ResearchIOThread" daemon [_thread_blocked, id=9980, stack(0x0000000038db0000,0x0000000038eb0000)]
  0x000000002bc28000 JavaThread "AWT-Windows" daemon [_thread_in_native, id=6228, stack(0x00000000390b0000,0x00000000391b0000)]
  0x0000000022ef6000 JavaThread "Thread-11" [_thread_blocked, id=10628, stack(0x0000000055600000,0x0000000055700000)]
  0x0000000022ef7800 JavaThread "Thread-10" [_thread_blocked, id=4236, stack(0x0000000055500000,0x0000000055600000)]
  0x0000000022ef3000 JavaThread "File IO Thread" [_thread_blocked, id=1260, stack(0x00000000546e0000,0x00000000547e0000)]
  0x000000003b8b5800 JavaThread "LWJGL Timer" daemon [_thread_blocked, id=792, stack(0x0000000039be0000,0x0000000039ce0000)]
  0x0000000026bb7800 JavaThread "Java2D Disposer" daemon [_thread_blocked, id=10552, stack(0x0000000029590000,0x0000000029690000)]
  0x0000000028bc3000 JavaThread "Timer hack thread" daemon [_thread_blocked, id=1184, stack(0x0000000028240000,0x0000000028340000)]
  0x00000000244b4000 JavaThread "Snooper Timer" daemon [_thread_blocked, id=5084, stack(0x0000000025d80000,0x0000000025e80000)]
  0x0000000021b0e800 JavaThread "Service Thread" daemon [_thread_blocked, id=10652, stack(0x0000000023700000,0x0000000023800000)]
  0x0000000021adf000 JavaThread "C1 CompilerThread2" daemon [_thread_blocked, id=11052, stack(0x0000000023600000,0x0000000023700000)]
  0x0000000021adb000 JavaThread "C2 CompilerThread1" daemon [_thread_blocked, id=8468, stack(0x0000000023500000,0x0000000023600000)]
  0x0000000021ace800 JavaThread "C2 CompilerThread0" daemon [_thread_blocked, id=11296, stack(0x0000000023400000,0x0000000023500000)]
  0x0000000021acd000 JavaThread "Attach Listener" daemon [_thread_blocked, id=2944, stack(0x0000000023300000,0x0000000023400000)]
  0x0000000021ac3800 JavaThread "Signal Dispatcher" daemon [_thread_blocked, id=8340, stack(0x0000000023200000,0x0000000023300000)]
  0x0000000002f4b000 JavaThread "Finalizer" daemon [_thread_blocked, id=7992, stack(0x0000000022d00000,0x0000000022e00000)]
  0x0000000002f42000 JavaThread "Reference Handler" daemon [_thread_blocked, id=1820, stack(0x0000000022c00000,0x0000000022d00000)]
=>0x0000000002e54800 JavaThread "Client thread" [_thread_in_native, id=6188, stack(0x00000000029f0000,0x0000000002af0000)]

Other Threads:
  0x0000000021a78000 VMThread [stack: 0x0000000022b00000,0x0000000022c00000] [id=2364]
  0x0000000022e9d800 WatcherThread [stack: 0x0000000023800000,0x0000000023900000] [id=2816]

VM state:not at safepoint (normal execution)

VM Mutex/Monitor currently owned by a thread: None

Heap:
 PSYoungGen      total 1644544K, used 355489K [0x000000073ab00000, 0x00000007b9980000, 0x00000007c0000000)
  eden space 1253376K, 27% used [0x000000073ab00000,0x000000074f92b900,0x0000000787300000)
  from space 391168K, 3% used [0x0000000787300000,0x0000000787ffcca0,0x000000079f100000)
  to   space 384000K, 0% used [0x00000007a2280000,0x00000007a2280000,0x00000007b9980000)
 ParOldGen       total 1396224K, used 1162851K [0x0000000630000000, 0x0000000685380000, 0x000000073ab00000)
  object space 1396224K, 83% used [0x0000000630000000,0x0000000676f98fe8,0x0000000685380000)
 Metaspace       used 215001K, capacity 221531K, committed 221684K, reserved 1236992K
  class space    used 33245K, capacity 34970K, committed 35072K, reserved 1048576K

Card table byte_map: [0x00000000123a0000,0x0000000013030000] byte_map_base: 0x000000000f220000

Marking Bits: (ParMarkBitMap*) 0x0000000065174040
 Begin Bits: [0x0000000013c90000, 0x000000001a090000)
 End Bits:   [0x000000001a090000, 0x0000000020490000)

Polling page: 0x0000000000f10000

CodeCache: size=245760Kb used=100113Kb max_used=100127Kb free=145646Kb
 bounds [0x0000000002fe0000, 0x0000000009240000, 0x0000000011fe0000]
 total_blobs=25830 nmethods=24089 adapters=1648
 compilation: enabled

Compilation events (10 events):
Event: 1165.867 Thread 0x0000000021ace800 nmethod 35440 0x00000000091fb210 code [0x00000000091fb360, 0x00000000091fb478]
Event: 1165.875 Thread 0x0000000021adb000 nmethod 35441 0x0000000009203750 code [0x00000000092038c0, 0x0000000009203d58]
Event: 1173.862 Thread 0x0000000021ace800 35442       4       net.minecraftforge.fluids.FluidStack::loadFluidStackFromNBT (74 bytes)
Event: 1173.943 Thread 0x0000000021ace800 nmethod 35442 0x00000000092136d0 code [0x0000000009213960, 0x00000000092153b0]
Event: 1181.142 Thread 0x0000000021adb000 35443       4       codechicken.lib.render.item.CCRenderItem::func_181564_a (52 bytes)
Event: 1181.142 Thread 0x0000000021ace800 35444       4       net.minecraft.client.renderer.RenderItem::func_181564_a (30 bytes)
Event: 1181.264 Thread 0x0000000021ace800 nmethod 35444 0x000000000921a290 code [0x000000000921a9e0, 0x000000000921d830]
Event: 1181.265 Thread 0x0000000021ace800 35445       4       net.minecraft.client.renderer.RenderItem::func_184394_a (129 bytes)
Event: 1181.295 Thread 0x0000000021adb000 nmethod 35443 0x0000000009228d10 code [0x0000000009229520, 0x000000000922c918]
Event: 1181.351 Thread 0x0000000021ace800 nmethod 35445 0x0000000009235bd0 code [0x0000000009236280, 0x0000000009238df0]

GC Heap History (10 events):
Event: 894.582 GC heap before
{Heap before GC invocations=92 (full 8):
 PSYoungGen      total 1628160K, used 1296761K [0x000000073ab00000, 0x00000007ba300000, 0x00000007c0000000)
  eden space 1165824K, 100% used [0x000000073ab00000,0x0000000781d80000,0x0000000781d80000)
  from space 462336K, 28% used [0x0000000781d80000,0x0000000789d5e548,0x000000079e100000)
  to   space 429568K, 0% used [0x000000079ff80000,0x000000079ff80000,0x00000007ba300000)
 ParOldGen       total 1396224K, used 1029225K [0x0000000630000000, 0x0000000685380000, 0x000000073ab00000)
  object space 1396224K, 73% used [0x0000000630000000,0x000000066ed1a7f8,0x0000000685380000)
 Metaspace       used 205997K, capacity 211949K, committed 212212K, reserved 1226752K
  class space    used 32317K, capacity 33941K, committed 34048K, reserved 1048576K
Event: 894.709 GC heap after
Heap after GC invocations=92 (full 8):
 PSYoungGen      total 1637888K, used 118767K [0x000000073ab00000, 0x00000007b7e80000, 0x00000007c0000000)
  eden space 1245696K, 0% used [0x000000073ab00000,0x000000073ab00000,0x0000000786b80000)
  from space 392192K, 30% used [0x000000079ff80000,0x00000007a737bf80,0x00000007b7e80000)
  to   space 402944K, 0% used [0x0000000786b80000,0x0000000786b80000,0x000000079f500000)
 ParOldGen       total 1396224K, used 1029233K [0x0000000630000000, 0x0000000685380000, 0x000000073ab00000)
  object space 1396224K, 73% used [0x0000000630000000,0x000000066ed1c7f8,0x0000000685380000)
 Metaspace       used 205997K, capacity 211949K, committed 212212K, reserved 1226752K
  class space    used 32317K, capacity 33941K, committed 34048K, reserved 1048576K
}
Event: 915.821 GC heap before
{Heap before GC invocations=93 (full 8):
 PSYoungGen      total 1637888K, used 1145045K [0x000000073ab00000, 0x00000007b7e80000, 0x00000007c0000000)
  eden space 1245696K, 82% used [0x000000073ab00000,0x0000000779539768,0x0000000786b80000)
  from space 392192K, 30% used [0x000000079ff80000,0x00000007a737bf80,0x00000007b7e80000)
  to   space 402944K, 0% used [0x0000000786b80000,0x0000000786b80000,0x000000079f500000)
 ParOldGen       total 1396224K, used 1029233K [0x0000000630000000, 0x0000000685380000, 0x000000073ab00000)
  object space 1396224K, 73% used [0x0000000630000000,0x000000066ed1c7f8,0x0000000685380000)
 Metaspace       used 211083K, capacity 217267K, committed 217460K, reserved 1232896K
  class space    used 32959K, capacity 34638K, committed 34688K, reserved 1048576K
Event: 916.185 GC heap after
Heap after GC invocations=93 (full 8):
 PSYoungGen      total 1440768K, used 194971K [0x000000073ab00000, 0x00000007b7680000, 0x00000007c0000000)
  eden space 1245696K, 0% used [0x000000073ab00000,0x000000073ab00000,0x0000000786b80000)
  from space 195072K, 99% used [0x0000000786b80000,0x00000007929e6f98,0x0000000792a00000)
  to   space 398848K, 0% used [0x000000079f100000,0x000000079f100000,0x00000007b7680000)
 ParOldGen       total 1396224K, used 1029241K [0x0000000630000000, 0x0000000685380000, 0x000000073ab00000)
  object space 1396224K, 73% used [0x0000000630000000,0x000000066ed1e7f8,0x0000000685380000)
 Metaspace       used 211083K, capacity 217267K, committed 217460K, reserved 1232896K
  class space    used 32959K, capacity 34638K, committed 34688K, reserved 1048576K
}
Event: 916.185 GC heap before
{Heap before GC invocations=94 (full 9):
 PSYoungGen      total 1440768K, used 194971K [0x000000073ab00000, 0x00000007b7680000, 0x00000007c0000000)
  eden space 1245696K, 0% used [0x000000073ab00000,0x000000073ab00000,0x0000000786b80000)
  from space 195072K, 99% used [0x0000000786b80000,0x00000007929e6f98,0x0000000792a00000)
  to   space 398848K, 0% used [0x000000079f100000,0x000000079f100000,0x00000007b7680000)
 ParOldGen       total 1396224K, used 1029241K [0x0000000630000000, 0x0000000685380000, 0x000000073ab00000)
  object space 1396224K, 73% used [0x0000000630000000,0x000000066ed1e7f8,0x0000000685380000)
 Metaspace       used 211083K, capacity 217267K, committed 217460K, reserved 1232896K
  class space    used 32959K, capacity 34638K, committed 34688K, reserved 1048576K
Event: 925.659 GC heap after
Heap after GC invocations=94 (full 9):
 PSYoungGen      total 1440768K, used 0K [0x000000073ab00000, 0x00000007b7680000, 0x00000007c0000000)
  eden space 1245696K, 0% used [0x000000073ab00000,0x000000073ab00000,0x0000000786b80000)
  from space 195072K, 0% used [0x0000000786b80000,0x0000000786b80000,0x0000000792a00000)
  to   space 398848K, 0% used [0x000000079f100000,0x000000079f100000,0x00000007b7680000)
 ParOldGen       total 1396224K, used 1162833K [0x0000000630000000, 0x0000000685380000, 0x000000073ab00000)
  object space 1396224K, 83% used [0x0000000630000000,0x0000000676f946a8,0x0000000685380000)
 Metaspace       used 211083K, capacity 217267K, committed 217460K, reserved 1232896K
  class space    used 32959K, capacity 34638K, committed 34688K, reserved 1048576K
}
Event: 957.322 GC heap before
{Heap before GC invocations=95 (full 9):
 PSYoungGen      total 1440768K, used 1245696K [0x000000073ab00000, 0x00000007b7680000, 0x00000007c0000000)
  eden space 1245696K, 100% used [0x000000073ab00000,0x0000000786b80000,0x0000000786b80000)
  from space 195072K, 0% used [0x0000000786b80000,0x0000000786b80000,0x0000000792a00000)
  to   space 398848K, 0% used [0x000000079f100000,0x000000079f100000,0x00000007b7680000)
 ParOldGen       total 1396224K, used 1162833K [0x0000000630000000, 0x0000000685380000, 0x000000073ab00000)
  object space 1396224K, 83% used [0x0000000630000000,0x0000000676f94768,0x0000000685380000)
 Metaspace       used 214093K, capacity 220629K, committed 220916K, reserved 1234944K
  class space    used 33241K, capacity 34969K, committed 35072K, reserved 1048576K
Event: 957.363 GC heap after
Heap after GC invocations=95 (full 9):
 PSYoungGen      total 1652224K, used 31572K [0x000000073ab00000, 0x00000007bac80000, 0x00000007c0000000)
  eden space 1253376K, 0% used [0x000000073ab00000,0x000000073ab00000,0x0000000787300000)
  from space 398848K, 7% used [0x000000079f100000,0x00000007a0fd52d0,0x00000007b7680000)
  to   space 391168K, 0% used [0x0000000787300000,0x0000000787300000,0x000000079f100000)
 ParOldGen       total 1396224K, used 1162841K [0x0000000630000000, 0x0000000685380000, 0x000000073ab00000)
  object space 1396224K, 83% used [0x0000000630000000,0x0000000676f96768,0x0000000685380000)
 Metaspace       used 214093K, capacity 220629K, committed 220916K, reserved 1234944K
  class space    used 33241K, capacity 34969K, committed 35072K, reserved 1048576K
}
Event: 1080.108 GC heap before
{Heap before GC invocations=96 (full 9):
 PSYoungGen      total 1652224K, used 1284948K [0x000000073ab00000, 0x00000007bac80000, 0x00000007c0000000)
  eden space 1253376K, 100% used [0x000000073ab00000,0x0000000787300000,0x0000000787300000)
  from space 398848K, 7% used [0x000000079f100000,0x00000007a0fd52d0,0x00000007b7680000)
  to   space 391168K, 0% used [0x0000000787300000,0x0000000787300000,0x000000079f100000)
 ParOldGen       total 1396224K, used 1162843K [0x0000000630000000, 0x0000000685380000, 0x000000073ab00000)
  object space 1396224K, 83% used [0x0000000630000000,0x0000000676f96fe8,0x0000000685380000)
 Metaspace       used 214917K, capacity 221467K, committed 221684K, reserved 1236992K
  class space    used 33245K, capacity 34970K, committed 35072K, reserved 1048576K
Event: 1080.176 GC heap after
Heap after GC invocations=96 (full 9):
 PSYoungGen      total 1644544K, used 13299K [0x000000073ab00000, 0x00000007b9980000, 0x00000007c0000000)
  eden space 1253376K, 0% used [0x000000073ab00000,0x000000073ab00000,0x0000000787300000)
  from space 391168K, 3% used [0x0000000787300000,0x0000000787ffcca0,0x000000079f100000)
  to   space 384000K, 0% used [0x00000007a2280000,0x00000007a2280000,0x00000007b9980000)
 ParOldGen       total 1396224K, used 1162851K [0x0000000630000000, 0x0000000685380000, 0x000000073ab00000)
  object space 1396224K, 83% used [0x0000000630000000,0x0000000676f98fe8,0x0000000685380000)
 Metaspace       used 214917K, capacity 221467K, committed 221684K, reserved 1236992K
  class space    used 33245K, capacity 34970K, committed 35072K, reserved 1048576K
}

Deoptimization events (10 events):
Event: 999.065 Thread 0x000000003c5e0000 Uncommon trap: reason=bimorphic action=maybe_recompile pc=0x000000000834c338 method=com.google.gson.stream.JsonWriter.string(Ljava/lang/String;)V @ 23
Event: 999.065 Thread 0x000000003c5e0000 Uncommon trap: reason=bimorphic action=maybe_recompile pc=0x0000000003b79f30 method=com.google.gson.stream.JsonWriter.newline()V @ 15
Event: 999.065 Thread 0x000000003c5e0000 Uncommon trap: reason=bimorphic action=maybe_recompile pc=0x0000000003e31c10 method=com.google.gson.stream.JsonWriter.newline()V @ 15
Event: 999.065 Thread 0x000000003c5e0000 Uncommon trap: reason=bimorphic action=maybe_recompile pc=0x000000000834c338 method=com.google.gson.stream.JsonWriter.string(Ljava/lang/String;)V @ 23
Event: 999.065 Thread 0x000000003c5e0000 Uncommon trap: reason=bimorphic action=maybe_recompile pc=0x0000000003b79f30 method=com.google.gson.stream.JsonWriter.newline()V @ 15
Event: 999.065 Thread 0x000000003c5e0000 Uncommon trap: reason=bimorphic action=maybe_recompile pc=0x000000000834c338 method=com.google.gson.stream.JsonWriter.string(Ljava/lang/String;)V @ 23
Event: 999.134 Thread 0x000000003c5e0000 Uncommon trap: reason=bimorphic action=maybe_recompile pc=0x0000000008370a28 method=com.google.gson.stream.JsonWriter.open(ILjava/lang/String;)Lcom/google/gson/stream/JsonWriter; @ 14
Event: 999.140 Thread 0x000000003c5e0000 Uncommon trap: reason=bimorphic action=maybe_recompile pc=0x0000000008370a28 method=com.google.gson.stream.JsonWriter.open(ILjava/lang/String;)Lcom/google/gson/stream/JsonWriter; @ 14
Event: 999.171 Thread 0x000000003c5e0000 Uncommon trap: reason=bimorphic action=maybe_recompile pc=0x0000000008370a28 method=com.google.gson.stream.JsonWriter.open(ILjava/lang/String;)Lcom/google/gson/stream/JsonWriter; @ 14
Event: 1182.329 Thread 0x0000000002e54800 Uncommon trap: reason=unstable_if action=reinterpret pc=0x00000000083f5fb8 method=bre.fpsreducer.handler.WakeupEventHandler.checkWakeupEvent()V @ 159

Internal exceptions (10 events):
Event: 1181.539 Thread 0x0000000022ef7800 Exception <a 'java/lang/InterruptedException': sleep interrupted> (0x000000074990f408) thrown at [C:\re\workspace\8-2-build-windows-amd64-cygwin\jdk8u51\3951\hotspot\src\share\vm\prims\jvm.cpp, line 3211]
Event: 1181.640 Thread 0x0000000022ef7800 Exception <a 'java/lang/InterruptedException': sleep interrupted> (0x000000074990f608) thrown at [C:\re\workspace\8-2-build-windows-amd64-cygwin\jdk8u51\3951\hotspot\src\share\vm\prims\jvm.cpp, line 3211]
Event: 1181.737 Thread 0x0000000022ef7800 Exception <a 'java/lang/InterruptedException': sleep interrupted> (0x000000074990f808) thrown at [C:\re\workspace\8-2-build-windows-amd64-cygwin\jdk8u51\3951\hotspot\src\share\vm\prims\jvm.cpp, line 3211]
Event: 1181.836 Thread 0x0000000022ef7800 Exception <a 'java/lang/InterruptedException': sleep interrupted> (0x000000074990fa08) thrown at [C:\re\workspace\8-2-build-windows-amd64-cygwin\jdk8u51\3951\hotspot\src\share\vm\prims\jvm.cpp, line 3211]
Event: 1181.951 Thread 0x0000000022ef7800 Exception <a 'java/lang/InterruptedException': sleep interrupted> (0x000000074990fc08) thrown at [C:\re\workspace\8-2-build-windows-amd64-cygwin\jdk8u51\3951\hotspot\src\share\vm\prims\jvm.cpp, line 3211]
Event: 1182.038 Thread 0x0000000022ef7800 Exception <a 'java/lang/InterruptedException': sleep interrupted> (0x000000074990fe08) thrown at [C:\re\workspace\8-2-build-windows-amd64-cygwin\jdk8u51\3951\hotspot\src\share\vm\prims\jvm.cpp, line 3211]
Event: 1182.138 Thread 0x0000000022ef7800 Exception <a 'java/lang/InterruptedException': sleep interrupted> (0x0000000749910008) thrown at [C:\re\workspace\8-2-build-windows-amd64-cygwin\jdk8u51\3951\hotspot\src\share\vm\prims\jvm.cpp, line 3211]
Event: 1182.240 Thread 0x0000000022ef7800 Exception <a 'java/lang/InterruptedException': sleep interrupted> (0x0000000749910208) thrown at [C:\re\workspace\8-2-build-windows-amd64-cygwin\jdk8u51\3951\hotspot\src\share\vm\prims\jvm.cpp, line 3211]
Event: 1182.329 Thread 0x0000000022ef7800 Exception <a 'java/lang/InterruptedException': sleep interrupted> (0x0000000749910408) thrown at [C:\re\workspace\8-2-build-windows-amd64-cygwin\jdk8u51\3951\hotspot\src\share\vm\prims\jvm.cpp, line 3211]
Event: 1182.337 Thread 0x0000000022ef7800 Exception <a 'java/lang/InterruptedException': sleep interrupted> (0x0000000749910608) thrown at [C:\re\workspace\8-2-build-windows-amd64-cygwin\jdk8u51\3951\hotspot\src\share\vm\prims\jvm.cpp, line 3211]

Events (10 events):
Event: 1091.416 Thread 0x0000000021ace800 flushing nmethod 0x0000000008416d10
Event: 1091.416 Thread 0x0000000021ace800 flushing nmethod 0x000000000841c750
Event: 1091.416 Thread 0x0000000021ace800 flushing nmethod 0x000000000841e710
Event: 1091.417 Thread 0x0000000021ace800 flushing nmethod 0x000000000846e0d0
Event: 1091.417 Thread 0x0000000021ace800 flushing nmethod 0x000000000850f450
Event: 1091.417 Thread 0x0000000021ace800 flushing nmethod 0x0000000008513a50
Event: 1091.418 Thread 0x0000000021ace800 flushing nmethod 0x00000000085f1b50
Event: 1182.329 Thread 0x0000000002e54800 Uncommon trap: trap_request=0xffffff65 fr.pc=0x00000000083f5fb8
Event: 1182.329 Thread 0x0000000002e54800 DEOPT PACKING pc=0x00000000083f5fb8 sp=0x0000000002aee370
Event: 1182.329 Thread 0x0000000002e54800 DEOPT UNPACKING pc=0x000000000302582a sp=0x0000000002aee308 mode 2


Dynamic libraries:
0x00007ff722930000 - 0x00007ff722967000 	C:\Users\w1zz\Twitch\Minecraft\Install\runtime\jre-x64\bin\javaw.exe
0x00007ff9fe260000 - 0x00007ff9fe450000 	C:\Windows\SYSTEM32\ntdll.dll
0x00007ff9fd2e0000 - 0x00007ff9fd392000 	C:\Windows\System32\KERNEL32.DLL
0x00007ff9fb630000 - 0x00007ff9fb8d5000 	C:\Windows\System32\KERNELBASE.dll
0x00007ff9fc650000 - 0x00007ff9fc6f3000 	C:\Windows\System32\ADVAPI32.dll
0x00007ff9fca60000 - 0x00007ff9fcafe000 	C:\Windows\System32\msvcrt.dll
0x00007ff9fc380000 - 0x00007ff9fc417000 	C:\Windows\System32\sechost.dll
0x00007ff9fe100000 - 0x00007ff9fe220000 	C:\Windows\System32\RPCRT4.dll
0x00007ff9fd6f0000 - 0x00007ff9fd885000 	C:\Windows\System32\USER32.dll
0x00007ff9fc160000 - 0x00007ff9fc181000 	C:\Windows\System32\win32u.dll
0x00007ff9fc800000 - 0x00007ff9fc826000 	C:\Windows\System32\GDI32.dll
0x00007ff9fb3f0000 - 0x00007ff9fb586000 	C:\Windows\System32\gdi32full.dll
0x00007ff9fb590000 - 0x00007ff9fb62e000 	C:\Windows\System32\msvcp_win.dll
0x00007ff9fc1e0000 - 0x00007ff9fc2da000 	C:\Windows\System32\ucrtbase.dll
0x00007ff9ef080000 - 0x00007ff9ef304000 	C:\Windows\WinSxS\amd64_microsoft.windows.common-controls_6595b64144ccf1df_6.0.18362.1082_none_9e8193e1e45b25c1\COMCTL32.dll
0x00007ff9fddc0000 - 0x00007ff9fe0f5000 	C:\Windows\System32\combase.dll
0x00007ff9fb940000 - 0x00007ff9fb9c0000 	C:\Windows\System32\bcryptPrimitives.dll
0x00007ff9fd6c0000 - 0x00007ff9fd6ee000 	C:\Windows\System32\IMM32.DLL
0x0000000065200000 - 0x00000000652d2000 	C:\Users\w1zz\Twitch\Minecraft\Install\runtime\jre-x64\bin\msvcr100.dll
0x0000000064970000 - 0x00000000651f3000 	C:\Users\w1zz\Twitch\Minecraft\Install\runtime\jre-x64\bin\server\jvm.dll
0x00007ff9fc7d0000 - 0x00007ff9fc7d8000 	C:\Windows\System32\PSAPI.DLL
0x00007ff9f9210000 - 0x00007ff9f9219000 	C:\Windows\SYSTEM32\WSOCK32.dll
0x00007ff9fd590000 - 0x00007ff9fd5ff000 	C:\Windows\System32\WS2_32.dll
0x00007ff9f3b20000 - 0x00007ff9f3b44000 	C:\Windows\SYSTEM32\WINMM.dll
0x00007ff9f24c0000 - 0x00007ff9f24ca000 	C:\Windows\SYSTEM32\VERSION.dll
0x00007ff9f38d0000 - 0x00007ff9f38fd000 	C:\Windows\SYSTEM32\WINMMBASE.dll
0x00007ff9fc190000 - 0x00007ff9fc1da000 	C:\Windows\System32\cfgmgr32.dll
0x0000000064960000 - 0x000000006496f000 	C:\Users\w1zz\Twitch\Minecraft\Install\runtime\jre-x64\bin\verify.dll
0x0000000064930000 - 0x0000000064959000 	C:\Users\w1zz\Twitch\Minecraft\Install\runtime\jre-x64\bin\java.dll
0x0000000064910000 - 0x0000000064926000 	C:\Users\w1zz\Twitch\Minecraft\Install\runtime\jre-x64\bin\zip.dll
0x00007ff9fcbf0000 - 0x00007ff9fd2d7000 	C:\Windows\System32\SHELL32.dll
0x00007ff9fd4e0000 - 0x00007ff9fd589000 	C:\Windows\System32\shcore.dll
0x00007ff9fb9c0000 - 0x00007ff9fc140000 	C:\Windows\System32\windows.storage.dll
0x00007ff9fb1c0000 - 0x00007ff9fb1e3000 	C:\Windows\System32\profapi.dll
0x00007ff9fb170000 - 0x00007ff9fb1ba000 	C:\Windows\System32\powrprof.dll
0x00007ff9fb120000 - 0x00007ff9fb130000 	C:\Windows\System32\UMPDC.dll
0x00007ff9fd8f0000 - 0x00007ff9fd942000 	C:\Windows\System32\shlwapi.dll
0x00007ff9fb150000 - 0x00007ff9fb161000 	C:\Windows\System32\kernel.appcore.dll
0x00007ff9fc140000 - 0x00007ff9fc157000 	C:\Windows\System32\cryptsp.dll
0x0000000064900000 - 0x000000006490d000 	C:\Users\w1zz\Twitch\Minecraft\Install\runtime\jre-x64\bin\management.dll
0x00000000648e0000 - 0x00000000648fa000 	C:\Users\w1zz\Twitch\Minecraft\Install\runtime\jre-x64\bin\net.dll
0x00007ff9fa910000 - 0x00007ff9fa977000 	C:\Windows\system32\mswsock.dll
0x00007ff9f7460000 - 0x00007ff9f7476000 	C:\Windows\system32\napinsp.dll
0x00007ff9f4ef0000 - 0x00007ff9f4f0a000 	C:\Windows\system32\pnrpnsp.dll
0x00007ff9fa660000 - 0x00007ff9fa72b000 	C:\Windows\SYSTEM32\DNSAPI.dll
0x00007ff9fd600000 - 0x00007ff9fd608000 	C:\Windows\System32\NSI.dll
0x00007ff9fa620000 - 0x00007ff9fa65a000 	C:\Windows\SYSTEM32\IPHLPAPI.DLL
0x00007ff9f6b90000 - 0x00007ff9f6b9e000 	C:\Windows\System32\winrnr.dll
0x00007ff9f6a40000 - 0x00007ff9f6a5c000 	C:\Windows\system32\NLAapi.dll
0x00007ff9dbd90000 - 0x00007ff9dbda5000 	C:\Windows\system32\wshbth.dll
0x00007ff9f5ae0000 - 0x00007ff9f5aea000 	C:\Windows\System32\rasadhlp.dll
0x00007ff9f5e90000 - 0x00007ff9f5f07000 	C:\Windows\System32\fwpuclnt.dll
0x00007ff9fc2e0000 - 0x00007ff9fc306000 	C:\Windows\System32\bcrypt.dll
0x00000000648c0000 - 0x00000000648d1000 	C:\Users\w1zz\Twitch\Minecraft\Install\runtime\jre-x64\bin\nio.dll
0x0000000064890000 - 0x00000000648b4000 	C:\Users\w1zz\Twitch\Minecraft\Install\runtime\jre-x64\bin\sunec.dll
0x0000000064870000 - 0x0000000064887000 	C:\Users\w1zz\Twitch\Minecraft\Install\runtime\jre-x64\bin\unpack.dll
0x0000000180000000 - 0x0000000180053000 	C:\Users\w1zz\Twitch\Minecraft\Install\bin\e434-8851-7cea-29d3\lwjgl64.dll
0x00007ff9e3840000 - 0x00007ff9e3996000 	C:\Windows\SYSTEM32\OPENGL32.dll
0x00007ff9e4330000 - 0x00007ff9e435c000 	C:\Windows\SYSTEM32\GLU32.dll
0x00007ff9f9d70000 - 0x00007ff9f9d90000 	C:\Windows\SYSTEM32\dxcore.dll
0x00007ff9fa480000 - 0x00007ff9fa4b3000 	C:\Windows\system32\rsaenh.dll
0x00007ff9fb040000 - 0x00007ff9fb065000 	C:\Windows\SYSTEM32\USERENV.dll
0x00007ff9faae0000 - 0x00007ff9faaec000 	C:\Windows\SYSTEM32\CRYPTBASE.dll
0x00007ff9f6720000 - 0x00007ff9f6736000 	C:\Windows\SYSTEM32\dhcpcsvc6.DLL
0x00007ff9f66f0000 - 0x00007ff9f670c000 	C:\Windows\SYSTEM32\dhcpcsvc.DLL
0x00000000646d0000 - 0x0000000064868000 	C:\Users\w1zz\Twitch\Minecraft\Install\runtime\jre-x64\bin\awt.dll
0x00007ff9fc830000 - 0x00007ff9fc8f5000 	C:\Windows\System32\OLEAUT32.dll
0x00007ff9f93a0000 - 0x00007ff9f942f000 	C:\Windows\SYSTEM32\apphelp.dll
0x00007ff9f7b50000 - 0x00007ff9f7bfe000 	C:\Windows\SYSTEM32\mscms.dll
0x00007ff9f7b30000 - 0x00007ff9f7b47000 	C:\Windows\SYSTEM32\ColorAdapterClient.dll
0x00007ff9fd610000 - 0x00007ff9fd6b2000 	C:\Windows\System32\clbcatq.dll
0x00007ff9e7560000 - 0x00007ff9e757a000 	C:\Windows\System32\Windows.Internal.Graphics.Display.DisplayColorManagement.dll
0x00007ff9f9470000 - 0x00007ff9f9509000 	C:\Windows\system32\uxtheme.dll
0x00007ff9fd3a0000 - 0x00007ff9fd4d5000 	C:\Windows\System32\MSCTF.dll
0x0000000062010000 - 0x00000000646d0000 	C:\Windows\System32\DriverStore\FileRepository\nvtd.inf_amd64_11de46d84d38e7e9\nvoglv64.dll
0x00007ff9fd950000 - 0x00007ff9fddc0000 	C:\Windows\System32\SETUPAPI.dll
0x00007ff9fc900000 - 0x00007ff9fca57000 	C:\Windows\System32\ole32.dll
0x00007ff9f73f0000 - 0x00007ff9f7403000 	C:\Windows\SYSTEM32\WTSAPI32.dll
0x00007ff9faeb0000 - 0x00007ff9faeda000 	C:\Windows\SYSTEM32\DEVOBJ.dll
0x00007ff9fb8e0000 - 0x00007ff9fb93c000 	C:\Windows\System32\WINTRUST.dll
0x00007ff9fb130000 - 0x00007ff9fb142000 	C:\Windows\System32\MSASN1.dll
0x00007ff9fb1f0000 - 0x00007ff9fb339000 	C:\Windows\System32\CRYPT32.dll
0x00007ff9fa160000 - 0x00007ff9fa191000 	C:\Windows\SYSTEM32\ntmarta.dll
0x00007ff9f99b0000 - 0x00007ff9f99dd000 	C:\Windows\system32\dwmapi.dll
0x00007ff9f4ea0000 - 0x00007ff9f4ee3000 	C:\Windows\SYSTEM32\icm32.dll
0x00007ff9faf00000 - 0x00007ff9faf56000 	C:\Windows\SYSTEM32\WINSTA.dll
0x00007ff9f9e00000 - 0x00007ff9f9eeb000 	C:\Windows\system32\dxgi.dll
0x00007ff9dfb10000 - 0x00007ff9dfbfe000 	C:\Windows\System32\DriverStore\FileRepository\nvtd.inf_amd64_11de46d84d38e7e9\nvldumdx.dll
0x00007ff9fc7e0000 - 0x00007ff9fc7fd000 	C:\Windows\System32\imagehlp.dll
0x00007ff9c7f60000 - 0x00007ff9ca416000 	C:\Windows\System32\DriverStore\FileRepository\nvtd.inf_amd64_11de46d84d38e7e9\nvwgf2umx.dll
0x00007ff9eaa90000 - 0x00007ff9eaf93000 	C:\Windows\system32\nvapi64.dll
0x00007ff9fabe0000 - 0x00007ff9fac06000 	C:\Windows\SYSTEM32\ncrypt.dll
0x00007ff9faba0000 - 0x00007ff9fabdb000 	C:\Windows\SYSTEM32\NTASN1.dll
0x00007ff9f4e50000 - 0x00007ff9f4e92000 	C:\Users\w1zz\AppData\Local\Temp\jna-3596122\jna5960349877886824700.dll
0x0000000061fd0000 - 0x0000000062001000 	C:\Users\w1zz\Twitch\Minecraft\Install\runtime\jre-x64\bin\jpeg.dll
0x00007ff9f3c90000 - 0x00007ff9f3d2e000 	C:\Windows\System32\TextInputFramework.dll
0x00007ff9f9130000 - 0x00007ff9f9204000 	C:\Windows\System32\CoreMessaging.dll
0x00007ff9e8de0000 - 0x00007ff9e910a000 	C:\Windows\System32\CoreUIComponents.dll
0x00007ff9f6ec0000 - 0x00007ff9f7013000 	C:\Windows\SYSTEM32\wintypes.dll
0x00007ff9ee9c0000 - 0x00007ff9eec66000 	C:\Windows\System32\iertutil.dll
0x00007ff9d6540000 - 0x00007ff9d668a000 	C:\Windows\system32\IME\IMETC\IMTCTIP.DLL
0x00007ff9f6740000 - 0x00007ff9f67c6000 	C:\Windows\SYSTEM32\policymanager.dll
0x00007ff9f7a40000 - 0x00007ff9f7b30000 	C:\Windows\SYSTEM32\PROPSYS.dll
0x00007ff9d4200000 - 0x00007ff9d43b3000 	C:\Windows\SYSTEM32\DUI70.dll
0x00007ff9f6660000 - 0x00007ff9f66ea000 	C:\Windows\SYSTEM32\msvcp110_win.dll
0x00007ff9d40c0000 - 0x00007ff9d41f8000 	C:\Windows\System32\IME\shared\imetip.dll
0x00007ff9f51f0000 - 0x00007ff9f5255000 	C:\Windows\SYSTEM32\OLEACC.dll
0x00007ff9eaff0000 - 0x00007ff9eb03d000 	C:\Windows\system32\IME\IMETC\IMTCCFG.DLL
0x00007ff9d6890000 - 0x00007ff9d69a8000 	C:\Windows\system32\IME\IMETC\IMTCCORE.DLL
0x00007ff9f2eb0000 - 0x00007ff9f2ee8000 	C:\Windows\System32\IME\shared\imecfm.dll
0x00007ff9f98d0000 - 0x00007ff9f99ac000 	C:\Windows\SYSTEM32\wer.dll
0x00007ff9d3f00000 - 0x00007ff9d40b7000 	C:\Windows\System32\IME\shared\mscand20.dll
0x00007ff9f9380000 - 0x00007ff9f9387000 	C:\Windows\SYSTEM32\MSIMG32.dll
0x00007ff9e7c90000 - 0x00007ff9e7d23000 	C:\Windows\SYSTEM32\DUser.dll
0x00007ff9dc330000 - 0x00007ff9dc5a0000 	C:\Windows\SYSTEM32\UIAutomationCore.DLL
0x00007ff9fb000000 - 0x00007ff9fb037000 	C:\Windows\SYSTEM32\SspiCli.dll
0x00007ff9e9720000 - 0x00007ff9e9778000 	C:\Windows\System32\IME\SHARED\imelm.dll
0x000000005d010000 - 0x000000005d074000 	C:\Users\w1zz\Twitch\Minecraft\Install\bin\e434-8851-7cea-29d3\OpenAL64.dll
0x00007ff9f6ba0000 - 0x00007ff9f6c12000 	C:\Windows\System32\MMDevApi.dll
0x00007ff9ec930000 - 0x00007ff9ec9c9000 	C:\Windows\SYSTEM32\dsound.dll
0x00007ff9f6c90000 - 0x00007ff9f6ded000 	C:\Windows\SYSTEM32\AUDIOSES.DLL
0x00007ff9f97b0000 - 0x00007ff9f97c4000 	C:\Windows\SYSTEM32\resourcepolicyclient.dll
0x0000000061f80000 - 0x0000000061fc7000 	C:\Users\w1zz\Twitch\Minecraft\Install\runtime\jre-x64\bin\fontmanager.dll
0x0000000061f30000 - 0x0000000061f72000 	C:\Users\w1zz\Twitch\Minecraft\Install\runtime\jre-x64\bin\t2k.dll
0x00007ff9f4e10000 - 0x00007ff9f4e2a000 	C:\Users\w1zz\Twitch\Minecraft\Install\bin\e434-8851-7cea-29d3\SAPIWrapper_x64.dll
0x00007ff9f5490000 - 0x00007ff9f5684000 	C:\Windows\SYSTEM32\dbghelp.dll

VM Arguments:
jvm_args: -Dos.name=Windows 10 -Dos.version=10.0 -XX:HeapDumpPath=MojangTricksIntelDriversForPerformance_javaw.exe_minecraft.exe.heapdump -Djava.library.path=C:\Users\w1zz\Twitch\Minecraft\Install\bin\e434-8851-7cea-29d3 -Dminecraft.launcher.brand=minecraft-launcher -Dminecraft.launcher.version=2.1.17416 -Dminecraft.client.jar=C:\Users\w1zz\Twitch\Minecraft\Install\versions\1.12.2\1.12.2.jar -Xmx6400m -Xms256m -XX:PermSize=256m -Dminecraft.applet.TargetDirectory=C:\Users\w1zz\Twitch\Minecraft\Instances\AE2 Expert Skyblock -Dfml.ignorePatchDiscrepancies=true -Dfml.ignoreInvalidMinecraftCertificates=true -Duser.language=en -Duser.country=US -Dlog4j.configurationFile=C:\Users\w1zz\Twitch\Minecraft\Install\assets\log_configs\client-1.12.xml 
java_command: net.minecraft.launchwrapper.Launch --username 77dancer --version forge-14.23.5.2854 --gameDir C:\Users\w1zz\Twitch\Minecraft\Instances\AE2 Expert Skyblock --assetsDir C:\Users\w1zz\Twitch\Minecraft\Install\assets --assetIndex 1.12 --uuid f1856b55e6244b25a0ea5219e89ca945 --accessToken eyJhbGciOiJIUzI1NiJ9.eyJzdWIiOiJhNGU5YmU3NzdlMmRiOTY1M2MyOTA3YjI4OTk2NDNlNCIsInlnZ3QiOiIxOGQ0ZDljNGNmYzk0NzMxODk3YzNjOGEyZjZjY2E4NSIsInNwciI6ImYxODU2YjU1ZTYyNDRiMjVhMGVhNTIxOWU4OWNhOTQ1IiwiaXNzIjoiWWdnZHJhc2lsLUF1dGgiLCJleHAiOjE2MDAwOTI0ODgsImlhdCI6MTU5OTkxOTY4OH0.2sEH9tZTqb2VkcgHX_pqvZCSh2LHXyrT67OWeTB7skM --userType mojang --tweakClass net.minecraftforge.fml.common.launcher.FMLTweaker --versionType Forge --width 1024 --height 768
java_class_path (initial): C:\Users\w1zz\Twitch\Minecraft\Install\libraries\net\minecraftforge\forge\1.12.2-14.23.5.2854\forge-1.12.2-14.23.5.2854.jar;C:\Users\w1zz\Twitch\Minecraft\Install\libraries\org\ow2\asm\asm-debug-all\5.2\asm-debug-all-5.2.jar;C:\Users\w1zz\Twitch\Minecraft\Install\libraries\net\minecraft\launchwrapper\1.12\launchwrapper-1.12.jar;C:\Users\w1zz\Twitch\Minecraft\Install\libraries\org\jline\jline\3.5.1\jline-3.5.1.jar;C:\Users\w1zz\Twitch\Minecraft\Install\libraries\com\typesafe\akka\akka-actor_2.11\2.3.3\akka-actor_2.11-2.3.3.jar;C:\Users\w1zz\Twitch\Minecraft\Install\libraries\com\typesafe\config\1.2.1\config-1.2.1.jar;C:\Users\w1zz\Twitch\Minecraft\Install\libraries\org\scala-lang\scala-actors-migration_2.11\1.1.0\scala-actors-migration_2.11-1.1.0.jar;C:\Users\w1zz\Twitch\Minecraft\Install\libraries\org\scala-lang\scala-compiler\2.11.1\scala-compiler-2.11.1.jar;C:\Users\w1zz\Twitch\Minecraft\Install\libraries\org\scala-lang\plugins\scala-continuations-library_2.11\1.0.2_mc\scala-continuations-library_2.11-1.0.2_mc.jar;C:\Users\w1zz\Twitch\Minecraft\Install\libraries\org\scala-lang\plugins\scala-continuations-plugin_2.11.1\1.0.2_mc\scala-continuations-plugin_2.11.1-1.0.2_mc.jar;C:\Users\w1zz\Twitch\Minecraft\Install\libraries\org\scala-lang\scala-library\2.11.1\scala-library-2.11.1.jar;C:\Users\w1zz\Twitch\Minecraft\Install\libraries\org\scala-lang\scala-parser-combinators_2.11\1.0.1\scala-parser-combinators_2.11-1.0.1.jar;C:\Users\w1zz\Twitch\Minecraft\Install\libraries\org\scala-lang\scala-reflect\2.11.1\scala-reflect-2.11.1.jar;C:\Users\w1zz\Twitch\Minecraft\Install\libraries\org\scala-lang\scala-swing_2.11\1.0.1\scala-swing_2.11-1.0.1.jar;C:\Users\w1zz\Twitch\Minecraft\Install\libraries\org\scala-lang\scala-xml_2.11\1.0.2\scala-xml_2.11-1.0.2.jar;C:\Users\w1zz\Twitch\Minecraft\Install\libraries\lzma\lzma\0.0.1\lzma-0.0.1.jar;C:\Users\w1zz\Twitch\Minecraft\Install\libraries\java3d\vecmath\1.5.2\vecmath-1.5.2.jar;C:\Users\w1zz\Twitch\Mine
Launcher Type: SUN_STANDARD

Environment Variables:
PATH=C:\Program Files (x86)\Common Files\Oracle\Java\javapath;C:\Windows\system32;C:\Windows;C:\Windows\System32\Wbem;C:\Windows\System32\WindowsPowerShell\v1.0\;C:\Windows\System32\OpenSSH\;C:\xampp\php;C:\ProgramData\ComposerSetup\bin;C:\Program Files\Git\cmd;C:\Users\w1zz\AppData\Local\Microsoft\WindowsApps;C:\Users\w1zz\AppData\Roaming\Composer\vendor\bin;C:\Users\w1zz\AppData\Local\GitHubDesktop\bin
USERNAME=w1zz
OS=Windows_NT
PROCESSOR_IDENTIFIER=Intel64 Family 6 Model 58 Stepping 9, GenuineIntel



---------------  S Y S T E M  ---------------

OS: Windows 10.0 , 64 bit Build 18362 (10.0.18362.1082)

CPU:total 4 (2 cores per cpu, 2 threads per core) family 6 model 58 stepping 9, cmov, cx8, fxsr, mmx, sse, sse2, sse3, ssse3, sse4.1, sse4.2, popcnt, avx, aes, clmul, erms, ht, tsc, tscinvbit, tscinv

Memory: 4k page, physical 16638108k(6075580k free), swap 19128476k(5372704k free)

vm_info: Java HotSpot(TM) 64-Bit Server VM (25.51-b03) for windows-amd64 JRE (1.8.0_51-b16), built on Jun  8 2015 18:03:07 by "java_re" with MS VC++ 10.0 (VS2010)

time: Sun Sep 13 17:53:58 2020
elapsed time: 1182 seconds (0d 0h 19m 42s)

