[11:25:21] [INFO] ModConfig Loaded: true
[11:25:21] [INFO] JEI: Compost Recipe Pages Loaded:         2
[11:25:21] [INFO] JEI: Fluid Item Transform Recipes Loaded:       24
[11:25:21] [INFO] JEI: Fluid On Top Recipes Loaded:       2
[11:25:21] [INFO] JEI: Fluid Transform Recipes Loaded:    1
[11:25:21] [INFO] JEI: Hammer Recipes Loaded:             11
[11:25:21] [INFO] JEI: Crook Recipes Loaded:              1
[11:25:21] [INFO] JEI: Heat Sources Loaded:             36
[11:25:21] [INFO] JEI: Sieve Recipes Loaded:              8
[11:25:21] [INFO] JEI: Stone Crucible Recipes Loaded:       1
[11:25:21] [INFO] JEI: Wood Crucible Recipes Loaded:        1
[11:25:21] [INFO] Registered Crook Catalyst: enderio:item_dark_steel_crook
[11:25:21] [INFO] Registered Hammer Catalyst: exnihilocreatio:hammer_wood
[11:25:21] [INFO] Registered Hammer Catalyst: exnihilocreatio:hammer_stone
[11:25:21] [INFO] Registered Hammer Catalyst: exnihilocreatio:hammer_iron
[11:25:21] [INFO] Registered Hammer Catalyst: exnihilocreatio:hammer_diamond
[11:25:21] [INFO] Registered Hammer Catalyst: exnihilocreatio:hammer_gold
[11:25:21] [INFO] Registered Crook Catalyst: exnihilocreatio:crook_wood
[11:25:21] [INFO] Registered Crook Catalyst: exnihilocreatio:crook_stone
[11:25:21] [INFO] Registered Crook Catalyst: exnihilocreatio:crook_andesite
[11:25:21] [INFO] Registered Crook Catalyst: exnihilocreatio:crook_granite
[11:25:21] [INFO] Registered Crook Catalyst: exnihilocreatio:crook_diorite
[11:25:21] [INFO] Registered Crook Catalyst: exnihilocreatio:crook_gold
[11:25:21] [INFO] Registered Crook Catalyst: exnihilocreatio:crook_iron
[11:25:21] [INFO] Registered Crook Catalyst: exnihilocreatio:crook_diamond
[11:25:21] [INFO] Registered Crook Catalyst: exnihilocreatio:crook_bone
[11:25:21] [INFO] Registered Crook Catalyst: exnihilocreatio:crook_clay_uncooked
[11:25:21] [INFO] Registered Crook Catalyst: exnihilocreatio:crook_clay
[11:25:21] [INFO] Registered Crook Catalyst: exnihilocreatio:crook_prismarine
[11:25:21] [INFO] Registered Crook Catalyst: exnihilocreatio:crook_netherrack
[11:25:21] [INFO] Registered Crook Catalyst: exnihilocreatio:crook_purpur
[11:25:21] [INFO] Registered Crook Catalyst: exnihilocreatio:crook_blaze
[11:25:21] [INFO] Registered Hammer Catalyst: exnihilocreatio:hammer_tconstruct
[11:25:21] [INFO] Registered Crook Catalyst: exnihilocreatio:crook_tconstruct
[11:25:21] [INFO] Registered Crook Catalyst: excompressum:compressed_crook
