[22:06:41] [INFO] ModConfig Loaded: true
[22:06:41] [INFO] JEI: Compost Recipe Pages Loaded:         2
[22:06:41] [INFO] JEI: Fluid Item Transform Recipes Loaded:       24
[22:06:41] [INFO] JEI: Fluid On Top Recipes Loaded:       2
[22:06:41] [INFO] JEI: Fluid Transform Recipes Loaded:    1
[22:06:41] [INFO] JEI: Hammer Recipes Loaded:             11
[22:06:41] [INFO] JEI: Crook Recipes Loaded:              1
[22:06:41] [INFO] JEI: Heat Sources Loaded:             36
[22:06:41] [INFO] JEI: Sieve Recipes Loaded:              8
[22:06:41] [INFO] JEI: Stone Crucible Recipes Loaded:       1
[22:06:41] [INFO] JEI: Wood Crucible Recipes Loaded:        1
[22:06:41] [INFO] Registered Crook Catalyst: enderio:item_dark_steel_crook
[22:06:41] [INFO] Registered Hammer Catalyst: exnihilocreatio:hammer_wood
[22:06:41] [INFO] Registered Hammer Catalyst: exnihilocreatio:hammer_stone
[22:06:41] [INFO] Registered Hammer Catalyst: exnihilocreatio:hammer_iron
[22:06:41] [INFO] Registered Hammer Catalyst: exnihilocreatio:hammer_diamond
[22:06:41] [INFO] Registered Hammer Catalyst: exnihilocreatio:hammer_gold
[22:06:41] [INFO] Registered Crook Catalyst: exnihilocreatio:crook_wood
[22:06:41] [INFO] Registered Crook Catalyst: exnihilocreatio:crook_stone
[22:06:41] [INFO] Registered Crook Catalyst: exnihilocreatio:crook_andesite
[22:06:41] [INFO] Registered Crook Catalyst: exnihilocreatio:crook_granite
[22:06:41] [INFO] Registered Crook Catalyst: exnihilocreatio:crook_diorite
[22:06:41] [INFO] Registered Crook Catalyst: exnihilocreatio:crook_gold
[22:06:41] [INFO] Registered Crook Catalyst: exnihilocreatio:crook_iron
[22:06:41] [INFO] Registered Crook Catalyst: exnihilocreatio:crook_diamond
[22:06:41] [INFO] Registered Crook Catalyst: exnihilocreatio:crook_bone
[22:06:41] [INFO] Registered Crook Catalyst: exnihilocreatio:crook_clay_uncooked
[22:06:41] [INFO] Registered Crook Catalyst: exnihilocreatio:crook_clay
[22:06:41] [INFO] Registered Crook Catalyst: exnihilocreatio:crook_prismarine
[22:06:41] [INFO] Registered Crook Catalyst: exnihilocreatio:crook_netherrack
[22:06:41] [INFO] Registered Crook Catalyst: exnihilocreatio:crook_purpur
[22:06:41] [INFO] Registered Crook Catalyst: exnihilocreatio:crook_blaze
[22:06:41] [INFO] Registered Hammer Catalyst: exnihilocreatio:hammer_tconstruct
[22:06:41] [INFO] Registered Crook Catalyst: exnihilocreatio:crook_tconstruct
[22:06:41] [INFO] Registered Crook Catalyst: excompressum:compressed_crook
