[10:59:21] [INFO] ModConfig Loaded: true
[10:59:21] [INFO] JEI: Compost Recipe Pages Loaded:         2
[10:59:21] [INFO] JEI: Fluid Item Transform Recipes Loaded:       24
[10:59:21] [INFO] JEI: Fluid On Top Recipes Loaded:       2
[10:59:21] [INFO] JEI: Fluid Transform Recipes Loaded:    1
[10:59:21] [INFO] JEI: Hammer Recipes Loaded:             8
[10:59:21] [INFO] JEI: Crook Recipes Loaded:              1
[10:59:21] [INFO] JEI: Heat Sources Loaded:             36
[10:59:21] [INFO] JEI: Sieve Recipes Loaded:              8
[10:59:21] [INFO] JEI: Stone Crucible Recipes Loaded:       1
[10:59:21] [INFO] JEI: Wood Crucible Recipes Loaded:        1
[10:59:21] [INFO] Registered Crook Catalyst: enderio:item_dark_steel_crook
[10:59:21] [INFO] Registered Hammer Catalyst: exnihilocreatio:hammer_wood
[10:59:21] [INFO] Registered Hammer Catalyst: exnihilocreatio:hammer_stone
[10:59:21] [INFO] Registered Hammer Catalyst: exnihilocreatio:hammer_iron
[10:59:21] [INFO] Registered Hammer Catalyst: exnihilocreatio:hammer_diamond
[10:59:21] [INFO] Registered Hammer Catalyst: exnihilocreatio:hammer_gold
[10:59:21] [INFO] Registered Crook Catalyst: exnihilocreatio:crook_wood
[10:59:21] [INFO] Registered Crook Catalyst: exnihilocreatio:crook_stone
[10:59:21] [INFO] Registered Crook Catalyst: exnihilocreatio:crook_andesite
[10:59:21] [INFO] Registered Crook Catalyst: exnihilocreatio:crook_granite
[10:59:21] [INFO] Registered Crook Catalyst: exnihilocreatio:crook_diorite
[10:59:21] [INFO] Registered Crook Catalyst: exnihilocreatio:crook_gold
[10:59:21] [INFO] Registered Crook Catalyst: exnihilocreatio:crook_iron
[10:59:21] [INFO] Registered Crook Catalyst: exnihilocreatio:crook_diamond
[10:59:21] [INFO] Registered Crook Catalyst: exnihilocreatio:crook_bone
[10:59:21] [INFO] Registered Crook Catalyst: exnihilocreatio:crook_clay_uncooked
[10:59:21] [INFO] Registered Crook Catalyst: exnihilocreatio:crook_clay
[10:59:21] [INFO] Registered Crook Catalyst: exnihilocreatio:crook_prismarine
[10:59:21] [INFO] Registered Crook Catalyst: exnihilocreatio:crook_netherrack
[10:59:21] [INFO] Registered Crook Catalyst: exnihilocreatio:crook_purpur
[10:59:21] [INFO] Registered Crook Catalyst: exnihilocreatio:crook_blaze
[10:59:21] [INFO] Registered Hammer Catalyst: exnihilocreatio:hammer_tconstruct
[10:59:21] [INFO] Registered Crook Catalyst: exnihilocreatio:crook_tconstruct
[10:59:21] [INFO] Registered Crook Catalyst: excompressum:compressed_crook
