[13:30:29] [INFO] ModConfig Loaded: true
[13:30:29] [INFO] JEI: Compost Recipe Pages Loaded:         2
[13:30:29] [INFO] JEI: Fluid Item Transform Recipes Loaded:       24
[13:30:29] [INFO] JEI: Fluid On Top Recipes Loaded:       2
[13:30:29] [INFO] JEI: Fluid Transform Recipes Loaded:    1
[13:30:29] [INFO] JEI: Hammer Recipes Loaded:             8
[13:30:29] [INFO] JEI: Crook Recipes Loaded:              1
[13:30:29] [INFO] JEI: Heat Sources Loaded:             36
[13:30:29] [INFO] JEI: Sieve Recipes Loaded:              8
[13:30:29] [INFO] JEI: Stone Crucible Recipes Loaded:       1
[13:30:29] [INFO] JEI: Wood Crucible Recipes Loaded:        1
[13:30:29] [INFO] Registered Crook Catalyst: enderio:item_dark_steel_crook
[13:30:29] [INFO] Registered Hammer Catalyst: exnihilocreatio:hammer_wood
[13:30:29] [INFO] Registered Hammer Catalyst: exnihilocreatio:hammer_stone
[13:30:29] [INFO] Registered Hammer Catalyst: exnihilocreatio:hammer_iron
[13:30:29] [INFO] Registered Hammer Catalyst: exnihilocreatio:hammer_diamond
[13:30:29] [INFO] Registered Hammer Catalyst: exnihilocreatio:hammer_gold
[13:30:29] [INFO] Registered Crook Catalyst: exnihilocreatio:crook_wood
[13:30:29] [INFO] Registered Crook Catalyst: exnihilocreatio:crook_stone
[13:30:29] [INFO] Registered Crook Catalyst: exnihilocreatio:crook_andesite
[13:30:29] [INFO] Registered Crook Catalyst: exnihilocreatio:crook_granite
[13:30:29] [INFO] Registered Crook Catalyst: exnihilocreatio:crook_diorite
[13:30:29] [INFO] Registered Crook Catalyst: exnihilocreatio:crook_gold
[13:30:29] [INFO] Registered Crook Catalyst: exnihilocreatio:crook_iron
[13:30:29] [INFO] Registered Crook Catalyst: exnihilocreatio:crook_diamond
[13:30:29] [INFO] Registered Crook Catalyst: exnihilocreatio:crook_bone
[13:30:29] [INFO] Registered Crook Catalyst: exnihilocreatio:crook_clay_uncooked
[13:30:29] [INFO] Registered Crook Catalyst: exnihilocreatio:crook_clay
[13:30:29] [INFO] Registered Crook Catalyst: exnihilocreatio:crook_prismarine
[13:30:29] [INFO] Registered Crook Catalyst: exnihilocreatio:crook_netherrack
[13:30:29] [INFO] Registered Crook Catalyst: exnihilocreatio:crook_purpur
[13:30:29] [INFO] Registered Crook Catalyst: exnihilocreatio:crook_blaze
[13:30:29] [INFO] Registered Hammer Catalyst: exnihilocreatio:hammer_tconstruct
[13:30:29] [INFO] Registered Crook Catalyst: exnihilocreatio:crook_tconstruct
[13:30:29] [INFO] Registered Crook Catalyst: excompressum:compressed_crook
