[12:40:56] [INFO] ModConfig Loaded: true
[12:40:56] [INFO] JEI: Compost Recipe Pages Loaded:         2
[12:40:56] [INFO] JEI: Fluid Item Transform Recipes Loaded:       24
[12:40:56] [INFO] JEI: Fluid On Top Recipes Loaded:       2
[12:40:56] [INFO] JEI: Fluid Transform Recipes Loaded:    1
[12:40:56] [INFO] JEI: Hammer Recipes Loaded:             11
[12:40:56] [INFO] JEI: Crook Recipes Loaded:              1
[12:40:56] [INFO] JEI: Heat Sources Loaded:             36
[12:40:56] [INFO] JEI: Sieve Recipes Loaded:              8
[12:40:56] [INFO] JEI: Stone Crucible Recipes Loaded:       1
[12:40:56] [INFO] JEI: Wood Crucible Recipes Loaded:        1
[12:40:56] [INFO] Registered Crook Catalyst: enderio:item_dark_steel_crook
[12:40:56] [INFO] Registered Hammer Catalyst: exnihilocreatio:hammer_wood
[12:40:56] [INFO] Registered Hammer Catalyst: exnihilocreatio:hammer_stone
[12:40:56] [INFO] Registered Hammer Catalyst: exnihilocreatio:hammer_iron
[12:40:56] [INFO] Registered Hammer Catalyst: exnihilocreatio:hammer_diamond
[12:40:56] [INFO] Registered Hammer Catalyst: exnihilocreatio:hammer_gold
[12:40:56] [INFO] Registered Crook Catalyst: exnihilocreatio:crook_wood
[12:40:56] [INFO] Registered Crook Catalyst: exnihilocreatio:crook_stone
[12:40:56] [INFO] Registered Crook Catalyst: exnihilocreatio:crook_andesite
[12:40:56] [INFO] Registered Crook Catalyst: exnihilocreatio:crook_granite
[12:40:56] [INFO] Registered Crook Catalyst: exnihilocreatio:crook_diorite
[12:40:56] [INFO] Registered Crook Catalyst: exnihilocreatio:crook_gold
[12:40:56] [INFO] Registered Crook Catalyst: exnihilocreatio:crook_iron
[12:40:56] [INFO] Registered Crook Catalyst: exnihilocreatio:crook_diamond
[12:40:56] [INFO] Registered Crook Catalyst: exnihilocreatio:crook_bone
[12:40:56] [INFO] Registered Crook Catalyst: exnihilocreatio:crook_clay_uncooked
[12:40:56] [INFO] Registered Crook Catalyst: exnihilocreatio:crook_clay
[12:40:56] [INFO] Registered Crook Catalyst: exnihilocreatio:crook_prismarine
[12:40:56] [INFO] Registered Crook Catalyst: exnihilocreatio:crook_netherrack
[12:40:56] [INFO] Registered Crook Catalyst: exnihilocreatio:crook_purpur
[12:40:56] [INFO] Registered Crook Catalyst: exnihilocreatio:crook_blaze
[12:40:56] [INFO] Registered Hammer Catalyst: exnihilocreatio:hammer_tconstruct
[12:40:56] [INFO] Registered Crook Catalyst: exnihilocreatio:crook_tconstruct
[12:40:56] [INFO] Registered Crook Catalyst: excompressum:compressed_crook
