[01:19:05] [INFO] ModConfig Loaded: true
[01:19:05] [INFO] JEI: Compost Recipe Pages Loaded:         2
[01:19:05] [INFO] JEI: Fluid Item Transform Recipes Loaded:       24
[01:19:05] [INFO] JEI: Fluid On Top Recipes Loaded:       2
[01:19:05] [INFO] JEI: Fluid Transform Recipes Loaded:    1
[01:19:05] [INFO] JEI: Hammer Recipes Loaded:             8
[01:19:05] [INFO] JEI: Crook Recipes Loaded:              1
[01:19:05] [INFO] JEI: Heat Sources Loaded:             36
[01:19:05] [INFO] JEI: Sieve Recipes Loaded:              8
[01:19:05] [INFO] JEI: Stone Crucible Recipes Loaded:       1
[01:19:05] [INFO] JEI: Wood Crucible Recipes Loaded:        1
[01:19:06] [INFO] Registered Crook Catalyst: enderio:item_dark_steel_crook
[01:19:06] [INFO] Registered Hammer Catalyst: exnihilocreatio:hammer_wood
[01:19:06] [INFO] Registered Hammer Catalyst: exnihilocreatio:hammer_stone
[01:19:06] [INFO] Registered Hammer Catalyst: exnihilocreatio:hammer_iron
[01:19:06] [INFO] Registered Hammer Catalyst: exnihilocreatio:hammer_diamond
[01:19:06] [INFO] Registered Hammer Catalyst: exnihilocreatio:hammer_gold
[01:19:06] [INFO] Registered Crook Catalyst: exnihilocreatio:crook_wood
[01:19:06] [INFO] Registered Crook Catalyst: exnihilocreatio:crook_stone
[01:19:06] [INFO] Registered Crook Catalyst: exnihilocreatio:crook_andesite
[01:19:06] [INFO] Registered Crook Catalyst: exnihilocreatio:crook_granite
[01:19:06] [INFO] Registered Crook Catalyst: exnihilocreatio:crook_diorite
[01:19:06] [INFO] Registered Crook Catalyst: exnihilocreatio:crook_gold
[01:19:06] [INFO] Registered Crook Catalyst: exnihilocreatio:crook_iron
[01:19:06] [INFO] Registered Crook Catalyst: exnihilocreatio:crook_diamond
[01:19:06] [INFO] Registered Crook Catalyst: exnihilocreatio:crook_bone
[01:19:06] [INFO] Registered Crook Catalyst: exnihilocreatio:crook_clay_uncooked
[01:19:06] [INFO] Registered Crook Catalyst: exnihilocreatio:crook_clay
[01:19:06] [INFO] Registered Crook Catalyst: exnihilocreatio:crook_prismarine
[01:19:06] [INFO] Registered Crook Catalyst: exnihilocreatio:crook_netherrack
[01:19:06] [INFO] Registered Crook Catalyst: exnihilocreatio:crook_purpur
[01:19:06] [INFO] Registered Crook Catalyst: exnihilocreatio:crook_blaze
[01:19:06] [INFO] Registered Hammer Catalyst: exnihilocreatio:hammer_tconstruct
[01:19:06] [INFO] Registered Crook Catalyst: exnihilocreatio:crook_tconstruct
[01:19:06] [INFO] Registered Crook Catalyst: excompressum:compressed_crook
